nohup: ignoring input
Found 1206 / 1262 new papers to process.
Found 1206 out of 1206 papers to process.
Corruped file ../data/pdf/2310.02995v3.pdf, skipping.
Corruped file ../data/pdf/2307.12777v2.pdf, skipping.
Corruped file ../data/pdf/1511.04383v2.pdf, skipping.
Corruped file ../data/pdf/2407.13722v1.pdf, skipping.
Corruped file ../data/pdf/1503.04843v2.pdf, skipping.
Corruped file ../data/pdf/2006.02388v2.pdf, skipping.
Queue built with 1200 / 1206 papers, 6 corruped.
Processed papers 62/1200
Processed papers 70/1200
Processed papers 79/1200
Processed papers 89/1200
Processed papers 98/1200
Processed papers 108/1200
Processed papers 113/1200
Processed papers 124/1200
Processed papers 131/1200
Processed papers 143/1200
Processed papers 155/1200
Processed papers 165/1200
Processed papers 172/1200
Processed papers 183/1200
Processed papers 191/1200
Processed papers 201/1200
Processed papers 212/1200
Processed papers 223/1200
Processed papers 232/1200
Processed papers 241/1200
Processed papers 249/1200
Processed papers 257/1200
Processed papers 267/1200
Processed papers 277/1200
Processed papers 287/1200
Processed papers 293/1200
Processed papers 301/1200
Processed papers 307/1200
Processed papers 316/1200
Processed papers 324/1200
Processed papers 332/1200
Processed papers 346/1200
Processed papers 355/1200
Processed papers 363/1200
Processed papers 371/1200
Processed papers 381/1200
Processed papers 389/1200
Processed papers 397/1200
Processed papers 407/1200
Processed papers 418/1200
Processed papers 427/1200
Processed papers 435/1200
Processed papers 444/1200
Processed papers 452/1200
Processed papers 464/1200
Processed papers 475/1200
Processed papers 486/1200
Processed papers 497/1200
Processed papers 505/1200
Processed papers 514/1200
Processed papers 527/1200
Processed papers 534/1200
Processed papers 544/1200
Processed papers 550/1200
Processed papers 558/1200
Processed papers 567/1200
Processed papers 574/1200
Processed papers 582/1200
Processed papers 591/1200
Processed papers 597/1200
Processed papers 604/1200
Processed papers 612/1200
Processed papers 622/1200
Processed papers 632/1200
Processed papers 638/1200
Processed papers 649/1200
Processed papers 649/1200
Processed papers 649/1200
Processed papers 649/1200
Processed papers 650/1200
Processed papers 656/1200
Processed papers 664/1200
Processed papers 674/1200
Processed papers 686/1200
Processed papers 696/1200
Processed papers 704/1200
Processed papers 711/1200
Processed papers 721/1200
Processed papers 730/1200
Processed papers 739/1200
Processed papers 751/1200
Processed papers 764/1200
Processed papers 772/1200
Processed papers 781/1200
Processed papers 789/1200
Processed papers 797/1200
Processed papers 806/1200
Processed papers 816/1200
Processed papers 825/1200
Processed papers 835/1200
Processed papers 843/1200
Processed papers 851/1200
Processed papers 861/1200
Processed papers 869/1200
Processed papers 878/1200
Processed papers 891/1200
Processed papers 900/1200
Failed to process the first page of paper 2207.12106v1.pdf.
Processed papers 908/1200
Processed papers 920/1200
Processed papers 929/1200
Processed papers 940/1200
Processed papers 948/1200
Processed papers 960/1200
Processed papers 969/1200
Processed papers 977/1200
Processed papers 986/1200
Processed papers 996/1200
Processed papers 1005/1200
Processed papers 1012/1200
Processed papers 1020/1200
Processed papers 1031/1200
Processed papers 1040/1200
Processed papers 1047/1200
Processed papers 1058/1200
Processed papers 1068/1200
Processed papers 1077/1200
Processed papers 1085/1200
Processed papers 1094/1200
Processed papers 1105/1200
Processed papers 1109/1200
Processed papers 1115/1200
Processed papers 1120/1200
Processed papers 1128/1200
Processed papers 1137/1200
Processed papers 1148/1200
Processed papers 1154/1200
Processed papers 1164/1200
Processed papers 1173/1200
Processed papers 1180/1200
Processed papers 1188/1200
Processed papers 1199/1200
Processed papers 1207/1200
Processed papers 1215/1200
Processed papers 1224/1200
Processed papers 1233/1200
Processed papers 1242/1200
Processed papers 1249/1200
Processed papers 1252/1200
