nohup: ignoring input
Building collaboration graph...
Author Amitabh Basu fully explored at depth d+0.
Author Christoph Hertrich fully explored at depth d+1.
Author Marco Di Summa fully explored at depth d+1.
Author Martin Skutella fully explored at depth d+1.
Author Hongyu Cheng fully explored at depth d+1.
Author Sammy Khalife fully explored at depth d+1.
Author Barbara Fiedorowicz fully explored at depth d+1.
Author Avanti Athreya fully explored at depth d+1.
Author Hayden S. Helm fully explored at depth d+1.
Author Joshua T. Vogelstein fully explored at depth d+1.
Author Michael Winding fully explored at depth d+1.
Author Carey E. Priebe fully explored at depth d+1.
Author Youngser Park fully explored at depth d+1.
Author Albert Cardona fully explored at depth d+1.
Author Marta Zlatic fully explored at depth d+1.
Author Patrick Bourke fully explored at depth d+1.
Author Jonathan Larson fully explored at depth d+1.
Author Piali Choudhury fully explored at depth d+1.
Author Marah Abdin fully explored at depth d+1.
Author Shweti Mahajan fully explored at depth d+1.
Author Christopher W. White fully explored at depth d+1.
Author Benjamin D. Pedigo fully explored at depth d+1.
Author Weiwei Yang fully explored at depth d+1.
Number of updates: 0
Number of authors to explore: 10
Graph saved to ../data/cs.LG_collaboration_graph_20241028_211256.pkl
Author Vince Lyzinski fully explored at depth d+1.
Author Christopher M. White fully explored at depth d+1.
Author Poorya Mianjy fully explored at depth d+1.
Author Raman Arora fully explored at depth d+1.
Author Anirbit Mukherjee fully explored at depth d+1.
Author Akshay Rangamani fully explored at depth d+1.
Author Tejaswini Ganapathy fully explored at depth d+1.
Author Ashish Arora fully explored at depth d+1.
Author Sang Chin fully explored at depth d+1.
Author Marie-Charlotte Brandenburg fully explored at depth d+1.
Author Trac D. Tran fully explored at depth d+1.
Author Moritz Grillo fully explored at depth d+1.
Author László A. Végh fully explored at depth d+1.
Author Yixin Tao fully explored at depth d+1.
Author Leon Sering fully explored at depth d+1.
Author Daniel Bertschinger fully explored at depth d+1.
Author Paul Jungeblut fully explored at depth d+1.
Author Tillmann Miltzow fully explored at depth d+1.
Number of updates: 0
Number of authors to explore: 1
Graph saved to ../data/cs.LG_collaboration_graph_20241028_211256.pkl
Author Vincent Froese fully explored at depth d+1.
Author Simon Weber fully explored at depth d+1.
Author Christian Haase fully explored at depth d+1.
Author Rolf Niedermeier fully explored at depth d+2.
Author Georg Loho fully explored at depth d+2.
Author Josué Tonelli-Cueto fully explored at depth d+2.
Author Cong Mu fully explored at depth d+2.
Author Angelo Mele fully explored at depth d+2.
Author Joshua Cape fully explored at depth d+2.
Author Lingxin Hao fully explored at depth d+2.
Author John M. Conroy fully explored at depth d+2.
Author Eric Bridgeford fully explored at depth d+2.
Author Aranyak Acharyya fully explored at depth d+2.
Author Minh Tang fully explored at depth d+2.
Author Michael W. Trosset fully explored at depth d+2.
Author Ali Geisa fully explored at depth d+2.
Author Jayanta Dey fully explored at depth d+2.
Author Piali~Choudhury fully explored at depth d+1.
Author Ronak Mehta fully explored at depth d+2.
Author Tyler M. Tomita fully explored at depth d+2.
Author Eric Eaton fully explored at depth d+2.
Author Jeffery Dick fully explored at depth d+2.
Number of updates: 0
Number of authors to explore: 9
Graph saved to ../data/cs.LG_collaboration_graph_20241028_211256.pkl
Author Brandon Duderstadt fully explored at depth d+2.
Author Ashwin De Silva fully explored at depth d+2.
Author Al-Fahad M. Al-Qadhi fully explored at depth d+2.
Author Ningyuan Huang fully explored at depth d+2.
Author Haoyin Xu fully explored at depth d+2.
Author Kate Lytvynets fully explored at depth d+2.
Author Will LeVine fully explored at depth d+2.
Author Guodong Chen fully explored at depth d+2.
Author Ronak D. Mehta fully explored at depth d+2.
Author Li Chen fully explored at depth d+2.
Author Gido M. van de Ven fully explored at depth d+2.
Author Chenyu Gao fully explored at depth d+2.
Author Bryan Tower fully explored at depth d+2.
Author Sujeeth Bharadwaj fully explored at depth d+2.
Author Qingyang Wang fully explored at depth d+2.
Author Oriana Riva fully explored at depth d+2.
Author Sambit Panda fully explored at depth d+2.
Author Christopher White fully explored at depth d+2.
Number of updates: 0
Number of authors to explore: 4
Graph saved to ../data/cs.LG_collaboration_graph_20241028_211256.pkl
Author Christoper M. White fully explored at depth d+2.
Author Jelle Zorn fully explored at depth d+2.
Author Cencheng Shen fully explored at depth d+2.
Author Ronan Perry fully explored at depth d+2.
Author Antoine Lutz fully explored at depth d+2.
Author Tiffany Chu fully explored at depth d+2.
Author Jaewon Chung fully explored at depth d+2.
Author Jacob Desman fully explored at depth d+2.
Author Eric W. Bridgeford fully explored at depth d+2.
Author Brian Gilbert fully explored at depth d+2.
Author Ting Xu fully explored at depth d+2.
Author Alexandra Badea fully explored at depth d+2.
Author Brian Caffo fully explored at depth d+2.
Author Adam Li fully explored at depth d+2.
Author Michael A. Powell fully explored at depth d+2.
Author Rahul Ramesh fully explored at depth d+2.
Author Lyle Ungar fully explored at depth d+2.
Author Pratik Chaudhari fully explored at depth d+2.
Author Noah J. Cowan fully explored at depth d+2.
Author Marshall Hussain Shuler fully explored at depth d+2.
Author Michael Platt fully explored at depth d+2.
Author Leyla Isik fully explored at depth d+2.
Author Seung-Eon Roh fully explored at depth d+2.
Author Adam Charles fully explored at depth d+2.
Number of updates: 0
Number of authors to explore: 5
Graph saved to ../data/cs.LG_collaboration_graph_20241028_211256.pkl
Author Archana Venkataraman fully explored at depth d+2.
Author Javier J. How fully explored at depth d+2.
Author Justus M Kebschull fully explored at depth d+2.
Author Maxim Bichuch fully explored at depth d+2.
Author John W. Krakauer fully explored at depth d+2.
Author Eva Yezerets fully explored at depth d+2.
Author Kaleab Alemayehu Kinfu fully explored at depth d+2.
Author Dinesh Jayaraman fully explored at depth d+2.
Author Soledad Villar fully explored at depth d+2.
Author Ian Phillips fully explored at depth d+2.
Author Chen Li fully explored at depth d+2.
Author Jong M. Shin fully explored at depth d+2.
Author Thomas Hartung fully explored at depth d+2.
Author Ningyuan fully explored at depth d+2.
Author Michael I. Miller fully explored at depth d+2.
Author Ralph Etienne-Cummings fully explored at depth d+2.
Author Randal Burns fully explored at depth d+2.
Author Elizabeth L. Ogburn fully explored at depth d+2.
Author Huang fully explored at depth d+2.
Author Alysson R. Muotri fully explored at depth d+2.
Author Julia Brown fully explored at depth d+2.
Author Onyema Osuagwu fully explored at depth d+2.
Author Brett Mensh fully explored at depth d+2.
Number of updates: 0
Number of authors to explore: 0
Graph saved to ../data/cs.LG_collaboration_graph_20241028_211256.pkl
Author Timothy Verstynen fully explored at depth d+2.
Author Chris White fully explored at depth d+2.
Author Konrad P. Kording fully explored at depth d+2.
Author Andrei A. Rusu fully explored at depth d+2.
Author Michael Powell fully explored at depth d+2.
Author Ruoxuan Xiong fully explored at depth d+2.
Author Allison Koenecke fully explored at depth d+2.
Author Susan Athey fully explored at depth d+2.
Author Jesus Arroyo fully explored at depth d+2.
Author Chester Huynh fully explored at depth d+2.
Author Jesse Patsolic fully explored at depth d+2.
Author Zhu Shen fully explored at depth d+2.
Author Ali Saad-Eldin fully explored at depth d+2.
Author Kaleab A. Kinfu fully explored at depth d+2.
Author Benjamin Falk fully explored at depth d+2.
Author Michael Ainsworth fully explored at depth d+2.
Author Madi Kusmanov fully explored at depth d+2.
Author Florian Engert fully explored at depth d+2.
Author Richard Guo fully explored at depth d+2.
Author Yu-Chung Peng fully explored at depth d+2.
Author Jesús Arroyo fully explored at depth d+2.
Author Hayden Helm fully explored at depth d+2.
Number of updates: 0
Number of authors to explore: 0
Graph saved to ../data/cs.LG_collaboration_graph_20241028_211256.pkl
Author Mike Powell fully explored at depth d+2.
Author Thomas L. Athey fully explored at depth d+2.
Author Gavin Mischler fully explored at depth d+2.
Author Theodore Lee fully explored at depth d+2.
Author Alexander Chang fully explored at depth d+2.
Author Arman Koul fully explored at depth d+2.
Author Cameron Franz fully explored at depth d+2.
Author Hugo Richard fully explored at depth d+2.
Author Iain Carmichael fully explored at depth d+2.
Author Pierre Ablin fully explored at depth d+2.
Author Guilherme França fully explored at depth d+2.
Author Alexandre Gramfort fully explored at depth d+2.
Author Tingshan Liu fully explored at depth d+2.
Author Maria L. Rizzo fully explored at depth d+2.
Author James Browne fully explored at depth d+2.
Author Jesse L. Patsolic fully explored at depth d+2.
Author Mauro Maggioni fully explored at depth d+2.
Author Jason Yim fully explored at depth d+2.
Author Meghana Madhyastha fully explored at depth d+2.
Number of updates: 0
Number of authors to explore: 2
Graph saved to ../data/cs.LG_collaboration_graph_20241028_211256.pkl
Author Veronika Strnadova-Neeley fully explored at depth d+2.
Author Norbert Binkiewicz fully explored at depth d+2.
Author Karl Rohe fully explored at depth d+2.
Author Bruno Cornelis fully explored at depth d+2.
Author Percy Li fully explored at depth d+2.
Author Ann Dooms fully explored at depth d+2.
Author Ingrid Daubechies fully explored at depth d+2.
Author Konstantinos Pantazis fully explored at depth d+2.
Author David Dunson fully explored at depth d+2.
Author William N. Frost fully explored at depth d+2.
Author Michael Trosset fully explored at depth d+2.
Author Shangsi Wang fully explored at depth d+2.
Author Katie Matton fully explored at depth d+2.
Number of updates: 0
Number of authors to explore: 3
Graph saved to ../data/cs.LG_collaboration_graph_20241028_211256.pkl
Author Robert Osazuwa Ness fully explored at depth d+2.
Author Junaid Bajwa fully explored at depth d+2.
Author Eric Horvitz fully explored at depth d+2.
Author Ben Johnson fully explored at depth d+2.
Author Daniel L. Sussman fully explored at depth d+2.
Author Tiona Zuzul fully explored at depth d+2.
Author Yun Yang fully explored at depth d+2.
Author Sheng Zhang fully explored at depth d+2.
Author Emily Cox Pahnke fully explored at depth d+2.
Author Nicholas Caurvina fully explored at depth d+2.
Author Fereshteh Amini fully explored at depth d+2.
Author Jeffrey Weston fully explored at depth d+2.
Author Neha Parikh Shah fully explored at depth d+2.
Author Joshua Agterberg fully explored at depth d+2.
Number of updates: 0
Number of authors to explore: 3
Graph saved to ../data/cs.LG_collaboration_graph_20241028_211256.pkl
Author Joshua Vogelstein fully explored at depth d+2.
Author Keith Levin fully explored at depth d+2.
Author Da Zheng fully explored at depth d+2.
Author Zhirui Li fully explored at depth d+2.
Author Chengyue Huang fully explored at depth d+2.
Author Qizhe Wang fully explored at depth d+2.
Author Vladimir Braverman fully explored at depth d+2.
Author Patrick Rubin-Delanchy fully explored at depth d+2.
Author Lin Yang fully explored at depth d+2.
Author Mingyue Gao fully explored at depth d+2.
Author David J. Marchette fully explored at depth d+2.
Author Fred Roosta fully explored at depth d+2.
Number of updates: 0
Number of authors to explore: 0
Graph saved to ../data/cs.LG_collaboration_graph_20241028_211256.pkl
Author Michael W. Mahoney fully explored at depth d+2.
Author Congyuan Yang fully explored at depth d+2.
Author Tianyi Chen fully explored at depth d+2.
Author Ming Sun fully explored at depth d+2.
Author Xin Jin fully explored at depth d+2.
Author Hosein Hasanbeig fully explored at depth d+2.
Author Ida Momennejad fully explored at depth d+2.
Author Felipe Vieira fully explored at depth d+2.
Author Hiteshi Sharma fully explored at depth d+2.
Author Nebojsa Jojic fully explored at depth d+2.
Author Hamid Palangi fully explored at depth d+2.
Author Vivek Kurien George fully explored at depth d+2.
Author Zhiqiang Lin fully explored at depth d+2.
Author Vikash Morar fully explored at depth d+2.
Author Gabriel A. Silva fully explored at depth d+2.
Author Sarah Fakhoury fully explored at depth d+2.
Author Shuvendu K. Lahiri fully explored at depth d+2.
Author Georgios Sakkas fully explored at depth d+2.
Author Aaditya Naik fully explored at depth d+2.
Author Madanlal Musuvathi fully explored at depth d+2.
Number of updates: 0
Number of authors to explore: 14
Graph saved to ../data/cs.LG_collaboration_graph_20241028_211256.pkl
Author Curtis von Veh fully explored at depth d+2.
Author Arkin Gupta fully explored at depth d+2.
Author Saikat Chakraborty fully explored at depth d+2.
Author Jeevana Priya Inala fully explored at depth d+2.
Author Arindam Mitra fully explored at depth d+2.
Author Luciano Del Corro fully explored at depth d+2.
Author Dany Rouhana fully explored at depth d+2.
Author Guoqing Zheng fully explored at depth d+2.
Author Andres Codas fully explored at depth d+2.
Author Jianfeng Gao fully explored at depth d+2.
Author Olga Vrousgos fully explored at depth d+2.
Author Corby Rosset fully explored at depth d+2.
Author Fillipe Silva fully explored at depth d+2.
Number of updates: 0
Number of authors to explore: 0
Graph saved to ../data/cs.LG_collaboration_graph_20241028_211256.pkl
Author Yadong Lu fully explored at depth d+2.
Author Hamed Khanpour fully explored at depth d+2.
Author Chenglong Wang fully explored at depth d+2.
Author Yash Lara fully explored at depth d+2.
Author Ahmed Awadallah fully explored at depth d+2.
Author Wei-ge Chen fully explored at depth d+2.
Author Ethan C. Chau fully explored at depth d+2.
Author Jennifer Neville fully explored at depth d+2.
Author Julian McAuley fully explored at depth d+2.
Author Ahmed Hassan Awadallah fully explored at depth d+2.
Author Nikhil Rao fully explored at depth d+2.
Author Chung-En Sun fully explored at depth d+2.
Author Canwen Xu fully explored at depth d+2.
Author Tsui-Wei Weng fully explored at depth d+2.
Author Aidan San fully explored at depth d+2.
Author Michel Galley fully explored at depth d+2.
Author Nicolas Christianson fully explored at depth d+2.
Author Hao Cheng fully explored at depth d+2.
Author Wenqi Cui fully explored at depth d+2.
Author Steven Low fully explored at depth d+2.
Number of updates: 0
Number of authors to explore: 17
Graph saved to ../data/cs.LG_collaboration_graph_20241028_211256.pkl
Author Sheyda Peyman fully explored at depth d+2.
Author Aren Jansen fully explored at depth d+2.
Author Gregory Sell fully explored at depth d+2.
Author Linbin Huang fully explored at depth d+2.
Author Sanjeev P. Khudanpur fully explored at depth d+2.
Author Baosen Zhang fully explored at depth d+2.
Author Patrick J. Wolfe fully explored at depth d+2.
Author Enayat Ullah fully explored at depth d+2.
Author Peter Bartlett fully explored at depth d+2.
Author Teodor V. Marinov fully explored at depth d+2.
Author Nathan Srebro fully explored at depth d+2.
Author Rene Vidal fully explored at depth d+2.
Number of updates: 0
Number of authors to explore: 40
Author Xiaodong Liu fully explored at depth d+2.
Graph saved to ../data/cs.LG_collaboration_graph_20241028_211256.pkl
Author Michael Menart fully explored at depth d+2.
Author Cristóbal Guzmán fully explored at depth d+2.
Author Haque Ishfaq fully explored at depth d+2.
Author Raef Bassily fully explored at depth d+2.
Author Thanh Nguyen-Tang fully explored at depth d+2.
Author Songtao Feng fully explored at depth d+2.
Author Ming Yin fully explored at depth d+2.
Author Hussein Hazimeh fully explored at depth d+2.
Author Doina Precup fully explored at depth d+2.
Author Mengdi Wang fully explored at depth d+2.
Author Natalia Ponomareva fully explored at depth d+2.
Author Ibrahim Hammoud fully explored at depth d+2.
Author Jared Markowitz fully explored at depth d+2.
Author Alexey Kurakin fully explored at depth d+2.
Author Ryan W. Gardner fully explored at depth d+2.
Number of updates: 0
Number of authors to explore: 2
Graph saved to ../data/cs.LG_collaboration_graph_20241028_211256.pkl
Author I-Jeng Wang fully explored at depth d+2.
Author Ashley Llorens fully explored at depth d+2.
Author Tomás González fully explored at depth d+2.
Author Svetha Venkatesh fully explored at depth d+2.
Author Mehryar Mohri fully explored at depth d+2.
Author Tung Mai fully explored at depth d+2.
Author Anup Rao fully explored at depth d+2.
Author Sunil Gupta fully explored at depth d+2.
Author Ryan Rossi fully explored at depth d+2.
Author Ramchandran Muthukumar fully explored at depth d+2.
Author Jeremias Sulam fully explored at depth d+2.
Author Daniel Rothchild fully explored at depth d+2.
Author Ashwinee Panda fully explored at depth d+2.
Author Nikita Ivkin fully explored at depth d+2.
Author Ion Stoica fully explored at depth d+2.
Author Joseph Gonzalez fully explored at depth d+2.
Number of updates: 0
Number of authors to explore: 39
Graph saved to ../data/cs.LG_collaboration_graph_20241028_211256.pkl
Author Chaokun Chang fully explored at depth d+2.
Author Haibin Lin fully explored at depth d+2.
Author Michael Dinitz fully explored at depth d+2.
Author Nils Holzenberger fully explored at depth d+2.
Number of updates: 0
Number of authors to explore: 0
Graph saved to ../data/cs.LG_collaboration_graph_20241028_211256.pkl
Author Yunjuan Wang fully explored at depth d+2.
Author Zhen Zhang fully explored at depth d+2.
Author Haoming Jiang fully explored at depth d+2.
Author Jarvis Haupt fully explored at depth d+2.
Number of updates: 0
Number of authors to explore: 0
Graph saved to ../data/cs.LG_collaboration_graph_20241028_211256.pkl
Author Mingyi Hong fully explored at depth d+2.
Author Xingguo Li fully explored at depth d+2.
Author Tuo Zhao fully explored at depth d+2.
Author Pranava Madhyastha fully explored at depth d+2.
Author Shruti Palaskar fully explored at depth d+2.
Author Florian Metze fully explored at depth d+2.
Author Han Liu fully explored at depth d+2.
Author Chris Paxton fully explored at depth d+2.
Number of updates: 0
Number of authors to explore: 77
Graph saved to ../data/cs.LG_collaboration_graph_20241028_211256.pkl
Author Junwei Lu fully explored at depth d+2.
Author Kapil Katyal fully explored at depth d+2.
Author Yida Wang fully explored at depth d+2.
Author Christian Rupprecht fully explored at depth d+2.
Author Gregory D. Hager fully explored at depth d+2.
Author Huda Khayrallah fully explored at depth d+2.
Author Adrian Benton fully explored at depth d+2.
Author Biman Gujral fully explored at depth d+2.
Author Dee Ann Reisinger fully explored at depth d+2.
Author Peter Schulam fully explored at depth d+2.
Author Mark Dredze fully explored at depth d+2.
Author Matthew Gormley fully explored at depth d+2.
Author Mo Yu fully explored at depth d+2.
Author Karen Livescu fully explored at depth d+2.
Author Jeff Bilmes fully explored at depth d+2.
Author Andrew Cotter fully explored at depth d+2.
Author Ofer Dekel fully explored at depth d+2.
Number of updates: 0
Number of authors to explore: 13
Graph saved to ../data/cs.LG_collaboration_graph_20241028_211256.pkl
Author Ambuj Tewari fully explored at depth d+2.
Author Mohan Ren fully explored at depth d+2.
Author Zhihao Fang fully explored at depth d+2.
Author Matteo Tucat fully explored at depth d+2.
Author Weiran Wang fully explored at depth d+2.
Author Keren Li fully explored at depth d+2.
Author Dibyakanti Kumar fully explored at depth d+2.
Author Pulkit Gopalani fully explored at depth d+2.
Author Sayar Karmakar fully explored at depth d+2.
Author Amartya Roy fully explored at depth d+2.
Author Samyak Jha fully explored at depth d+2.
Author Angelo Cangelosi fully explored at depth d+2.
Number of updates: 0
Number of authors to explore: 19
Graph saved to ../data/cs.LG_collaboration_graph_20241028_211256.pkl
Author Procheta Sen fully explored at depth d+2.
Author Soham Dan fully explored at depth d+2.
Author Zhaoran Wang fully explored at depth d+2.
Author Hongbo Zhu fully explored at depth d+2.
Author Phanideep Gampa fully explored at depth d+2.
Author Theodore Papamarkou fully explored at depth d+2.
Author Avirup Das fully explored at depth d+2.
Author Anshula Gandhi fully explored at depth d+2.
Author Simon Alford fully explored at depth d+2.
Author Andrzej Banburski fully explored at depth d+2.
Author Soham De fully explored at depth d+2.
Author Tony Wang fully explored at depth d+2.
Author John Chin fully explored at depth d+2.
Author Sylee Dandekar fully explored at depth d+2.
Author Tomaso Poggio fully explored at depth d+2.
Author Peter Chin fully explored at depth d+2.
Author Nam H. Nguyen fully explored at depth d+2.
Author Lorenzo Rosasco fully explored at depth d+2.
Author Sang H. Chin fully explored at depth d+2.
Author Dzung Phan fully explored at depth d+2.
Number of updates: 0
Number of authors to explore: 16
Graph saved to ../data/cs.LG_collaboration_graph_20241028_211256.pkl
Author Jacob A. Harer fully explored at depth d+2.
Author Louis Y. Kim fully explored at depth d+2.
Author Onur Ozdemir fully explored at depth d+2.
Author Rebecca L. Russell fully explored at depth d+2.
Author Lei H. Hamilton fully explored at depth d+2.
Author Leonard R. Kosta fully explored at depth d+2.
Author Gabriel I. Centeno fully explored at depth d+2.
Author Abhishek Kumar fully explored at depth d+2.
Author Erik Antelman fully explored at depth d+2.
Author Jonathan R. Key fully explored at depth d+2.
Author Alan Mackay fully explored at depth d+2.
Author Paul M. Ellingwood fully explored at depth d+2.
Author Marc W. McConley fully explored at depth d+2.
Author Tomo Lazovich fully explored at depth d+2.
Author Jeffrey M. Opper fully explored at depth d+2.
Author Davin Jeong fully explored at depth d+2.
Author Allison Gunby-Mann fully explored at depth d+2.
Author Maximilian Katzmann fully explored at depth d+2.
Author Sarel Cohen fully explored at depth d+2.
Author Chau Pham fully explored at depth d+2.
Author Arnav Bhakta fully explored at depth d+2.
Author Jacob Harer fully explored at depth d+2.
Author Tobias Friedrich fully explored at depth d+2.
Author Louis Jensen fully explored at depth d+2.
Author Guido Montúfar fully explored at depth d+2.
Author Sang Peter Chin fully explored at depth d+2.
Author Dung N. Tran fully explored at depth d+2.
Number of updates: 0
Number of authors to explore: 1
Graph saved to ../data/cs.LG_collaboration_graph_20241028_211256.pkl
Author Lam Nguyen fully explored at depth d+2.
Author Xiang Xiang fully explored at depth d+2.
Author Wentao Zhu fully explored at depth d+2.
Author Xiaohui Xie fully explored at depth d+2.
Author Luoluo Liu fully explored at depth d+2.
Author Austin Reiter fully explored at depth d+2.
Author Harry Quon fully explored at depth d+2.
Author Feng Wang fully explored at depth d+2.
Author Alan L. Yuille fully explored at depth d+2.
Author Minh Dao fully explored at depth d+2.
Author Jian Cheng fully explored at depth d+2.
Author Nasser M. Nasrabadi fully explored at depth d+2.
Author Qing Qu fully explored at depth d+2.
Author Ekin Ergen fully explored at depth d+2.
Author Mikkel Abrahamsen fully explored at depth d+2.
Number of updates: 0
Number of authors to explore: 668
Author Chang Liu fully explored at depth d+2.
Graph saved to ../data/cs.LG_collaboration_graph_20241028_211256.pkl
Author Linda Kleist fully explored at depth d+2.
Author Xiaoxia Sun fully explored at depth d+2.
Author Brijnesh Jain fully explored at depth d+2.
Author Leon Kellerhals fully explored at depth d+2.
Author Markus Brill fully explored at depth d+2.
Author Malte Renken fully explored at depth d+2.
Author Till Fluschnik fully explored at depth d+2.
Author David Schultz fully explored at depth d+2.
Author Josiah Rohrer fully explored at depth d+2.
Author Kyle Murray fully explored at depth d+2.
Author David Klein fully explored at depth d+2.
Author Jonquil Z. Liao fully explored at depth d+2.
Author Neil P Molino fully explored at depth d+2.
Author Brian Baughman fully explored at depth d+2.
Author Rod Gomez fully explored at depth d+2.
Author Xianshi Yu fully explored at depth d+2.
Author Ryan Kaliszewski fully explored at depth d+2.
Author Nicholas A. Lines fully explored at depth d+2.
Author John Koo fully explored at depth d+2.
Author Gokcen Buyukbas fully explored at depth d+2.
Number of updates: 0
Number of authors to explore: 0
Graph saved to ../data/cs.LG_collaboration_graph_20241028_211256.pkl
Author Martha White fully explored at depth d+2.
Author Shantanu Jain fully explored at depth d+2.
Author Predrag Radivojac fully explored at depth d+2.
Author Mohammad Ariful Haque fully explored at depth d+2.
Author Md Sanzid Bin Hossain fully explored at depth d+2.
Author Soumik Pal fully explored at depth d+2.
Author Zaid Harchaoui fully explored at depth d+2.
Author Lang Liu fully explored at depth d+2.
Author Jelena Diakonikolas fully explored at depth d+2.
Author Vincent Roulet fully explored at depth d+2.
Author Krishna Pillutla fully explored at depth d+2.
Number of updates: 0
Number of authors to explore: 30
Graph saved to ../data/cs.LG_collaboration_graph_20241028_211256.pkl
Author Sourav Pal fully explored at depth d+2.
Author Vikas Singh fully explored at depth d+2.
Author Sathya N. Ravi fully explored at depth d+2.
Author Seong Jae Hwang fully explored at depth d+2.
Author Yin-Jen Chen fully explored at depth d+2.
Author Hyunwoo J. Kim fully explored at depth d+2.
Author Sterling C. Johnson fully explored at depth d+2.
Author Ming Yuan fully explored at depth d+2.
Author Claas A Voelcker fully explored at depth d+2.
Number of updates: 0
Number of authors to explore: 1
Graph saved to ../data/cs.LG_collaboration_graph_20241028_211256.pkl
Author Marcel Hussing fully explored at depth d+2.
Author Amir-massoud Farahmand fully explored at depth d+2.
Author Igor Gilitschenski fully explored at depth d+2.
Author Pengyuan Lu fully explored at depth d+2.
Author Michele Caprio fully explored at depth d+2.
Author Insup Lee fully explored at depth d+2.
Author Yichi Zhang fully explored at depth d+2.
Author Kuk Jin Jang fully explored at depth d+2.
Author Basam Alasaly fully explored at depth d+2.
Author Shulei Wang fully explored at depth d+2.
Author Sriharsha Mopidevi fully explored at depth d+2.
Author Kevin Johnson fully explored at depth d+2.
Author Andrew Zolensky fully explored at depth d+2.
Author Jean Park fully explored at depth d+2.
Author Claas Voelcker fully explored at depth d+2.
Author Jorge A. Mendez fully explored at depth d+2.
Author Anisha Singrodia fully explored at depth d+2.
Author Cassandra Kent fully explored at depth d+2.
Author Long Le fully explored at depth d+2.
Number of updates: 0
Number of authors to explore: 0
Graph saved to ../data/cs.LG_collaboration_graph_20241028_211256.pkl
Author Kyle Vedder fully explored at depth d+2.
Author Neehar Peri fully explored at depth d+2.
Author Ishan Khatri fully explored at depth d+2.
Author Nathaniel Chodosh fully explored at depth d+2.
Author James Hays fully explored at depth d+2.
Author Michael Kearns fully explored at depth d+2.
Author Deva Ramanan fully explored at depth d+2.
Author Meghna Gummadi fully explored at depth d+2.
Author Jessica Sorrell fully explored at depth d+2.
Author Karl Schmeckpeper fully explored at depth d+2.
Author Megan M. Baker fully explored at depth d+2.
Author Alexander New fully explored at depth d+2.
Author Mario Aguilar-Simon fully explored at depth d+2.
Author Ziad Al-Halah fully explored at depth d+2.
Author Sébastien M. R. Arnold fully explored at depth d+2.
Author Andrew P. Brna fully explored at depth d+2.
Author Ese Ben-Iwhiwhu fully explored at depth d+2.
Author Yang Liu fully explored at depth d+2.
Author Ethan Brooks fully explored at depth d+2.
Author Ryan C. Brown fully explored at depth d+2.
Author Zachary Daniels fully explored at depth d+2.
Author Anurag Daram fully explored at depth d+2.
Author Fabien Delattre fully explored at depth d+2.
Author Ryan Dellana fully explored at depth d+2.
Author Kristen Grauman fully explored at depth d+2.
Number of updates: 0
Number of authors to explore: 39
Graph saved to ../data/cs.LG_collaboration_graph_20241028_211256.pkl
Author Jesse Hostetler fully explored at depth d+2.
Author Haotian Fu fully explored at depth d+2.
Author Shariq Iqbal fully explored at depth d+2.
Author George Konidaris fully explored at depth d+2.
Author Soheil Kolouri fully explored at depth d+2.
Author Nicholas Ketz fully explored at depth d+2.
Author Dhireesha Kudithipudi fully explored at depth d+2.
Author Erik Learned-Miller fully explored at depth d+2.
Author Sandeep Madireddy fully explored at depth d+2.
Author Michael L. Littman fully explored at depth d+2.
Author Christine D. Piatko fully explored at depth d+2.
Author Eric Q. Nguyen fully explored at depth d+2.
Author Praveen K. Pilly fully explored at depth d+2.
Author Aswin Raghavan fully explored at depth d+2.
Author Abrar Rahman fully explored at depth d+2.
Author Neale Ratzlaff fully explored at depth d+2.
Author Santhosh Kumar Ramakrishnan fully explored at depth d+2.
Author Andrea Soltoggio fully explored at depth d+2.
Author Indranil Sur fully explored at depth d+2.
Author Peter Stone fully explored at depth d+2.
Author Seungwon Lee fully explored at depth d+2.
Author Saket Tiwari fully explored at depth d+2.
Author Zhipeng Tang fully explored at depth d+2.
Author Angel Yanguas-Gil fully explored at depth d+2.
Number of updates: 0
Number of authors to explore: 0
Graph saved to ../data/cs.LG_collaboration_graph_20241028_211256.pkl
Author Harel Yedidsion fully explored at depth d+2.
Author Felix Wang fully explored at depth d+2.
Author Gautam K. Vallabha fully explored at depth d+2.
Author Shangqun Yu fully explored at depth d+2.
Author Jorge Mendez fully explored at depth d+2.
Author Changjian Shui fully explored at depth d+2.
Author Zifan Xu fully explored at depth d+2.
Author Fan Zhou fully explored at depth d+2.
Author Christian Gagné fully explored at depth d+2.
Author Gezheng Xu fully explored at depth d+2.
Author Di Wu fully explored at depth d+2.
Author Boyu Wang fully explored at depth d+2.
Author Shashank Shivkumar fully explored at depth d+2.
Author Harm van Seijen fully explored at depth d+2.
Author Karen Li fully explored at depth d+2.
Author David Kent fully explored at depth d+2.
Author Mohammad Rostami fully explored at depth d+2.
Number of updates: 0
Number of authors to explore: 28
Graph saved to ../data/cs.LG_collaboration_graph_20241028_211256.pkl
Author Zak Murez fully explored at depth d+2.
Author Yuri Owekcho fully explored at depth d+2.
Number of updates: 0
Number of authors to explore: 0
Graph saved to ../data/cs.LG_collaboration_graph_20241028_211256.pkl
Number of updates: 0
Number of authors to explore: 0
Graph saved to ../data/cs.LG_collaboration_graph_20241028_211256.pkl
Number of updates: 0
Number of authors to explore: 0
Graph saved to ../data/cs.LG_collaboration_graph_20241028_211256.pkl
Number of updates: 0
Number of authors to explore: 0
Graph saved to ../data/cs.LG_collaboration_graph_20241028_211256.pkl
Number of updates: 0
Number of authors to explore: 0
Graph saved to ../data/cs.LG_collaboration_graph_20241028_211256.pkl
Number of updates: 0
Number of authors to explore: 0
Graph saved to ../data/cs.LG_collaboration_graph_20241028_211256.pkl
Number of updates: 0
Number of authors to explore: 0
Graph saved to ../data/cs.LG_collaboration_graph_20241028_211256.pkl
Number of updates: 0
Number of authors to explore: 0
Graph saved to ../data/cs.LG_collaboration_graph_20241028_211256.pkl
Number of updates: 0
Number of authors to explore: 0
Graph saved to ../data/cs.LG_collaboration_graph_20241028_211256.pkl
Number of updates: 0
Number of authors to explore: 0
Graph saved to ../data/cs.LG_collaboration_graph_20241028_211256.pkl
Number of updates: 0
Number of authors to explore: 0
Graph saved to ../data/cs.LG_collaboration_graph_20241028_211256.pkl
Number of updates: 0
Number of authors to explore: 0
Graph saved to ../data/cs.LG_collaboration_graph_20241028_211256.pkl
Number of updates: 0
Number of authors to explore: 0
Graph saved to ../data/cs.LG_collaboration_graph_20241028_211256.pkl
Number of updates: 0
Number of authors to explore: 0
Graph saved to ../data/cs.LG_collaboration_graph_20241028_211256.pkl
Number of updates: 0
Number of authors to explore: 0
Graph saved to ../data/cs.LG_collaboration_graph_20241028_211256.pkl
Number of updates: 0
Number of authors to explore: 0
Graph saved to ../data/cs.LG_collaboration_graph_20241028_211256.pkl
Number of updates: 0
Number of authors to explore: 0
Graph saved to ../data/cs.LG_collaboration_graph_20241028_211256.pkl
Number of updates: 0
Number of authors to explore: 0
Graph saved to ../data/cs.LG_collaboration_graph_20241028_211256.pkl
Number of updates: 0
Number of authors to explore: 0
Graph saved to ../data/cs.LG_collaboration_graph_20241028_211256.pkl
Number of updates: 0
Number of authors to explore: 0
Graph saved to ../data/cs.LG_collaboration_graph_20241028_211256.pkl
Number of updates: 0
Number of authors to explore: 0
Graph saved to ../data/cs.LG_collaboration_graph_20241028_211256.pkl
Number of updates: 0
Number of authors to explore: 0
Graph saved to ../data/cs.LG_collaboration_graph_20241028_211256.pkl
Number of updates: 0
Number of authors to explore: 0
Graph saved to ../data/cs.LG_collaboration_graph_20241028_211256.pkl
Number of updates: 0
Number of authors to explore: 0
Graph saved to ../data/cs.LG_collaboration_graph_20241028_211256.pkl
Number of updates: 0
Number of authors to explore: 0
Graph saved to ../data/cs.LG_collaboration_graph_20241028_211256.pkl
Number of updates: 0
Number of authors to explore: 0
Graph saved to ../data/cs.LG_collaboration_graph_20241028_211256.pkl
Number of updates: 0
Number of authors to explore: 0
Graph saved to ../data/cs.LG_collaboration_graph_20241028_211256.pkl
Number of updates: 0
Number of authors to explore: 0
Graph saved to ../data/cs.LG_collaboration_graph_20241028_211256.pkl
Number of updates: 0
Number of authors to explore: 0
Graph saved to ../data/cs.LG_collaboration_graph_20241028_211256.pkl
Number of updates: 0
Number of authors to explore: 0
Graph saved to ../data/cs.LG_collaboration_graph_20241028_211256.pkl
Number of updates: 0
Number of authors to explore: 0
Graph saved to ../data/cs.LG_collaboration_graph_20241028_211256.pkl
Number of updates: 0
Number of authors to explore: 0
Graph saved to ../data/cs.LG_collaboration_graph_20241028_211256.pkl
Number of updates: 0
Number of authors to explore: 0
Graph saved to ../data/cs.LG_collaboration_graph_20241028_211256.pkl
Number of updates: 0
Number of authors to explore: 0
Graph saved to ../data/cs.LG_collaboration_graph_20241028_211256.pkl
Number of updates: 0
Number of authors to explore: 0
Graph saved to ../data/cs.LG_collaboration_graph_20241028_211256.pkl
Number of updates: 0
Number of authors to explore: 0
Graph saved to ../data/cs.LG_collaboration_graph_20241028_211256.pkl
Number of updates: 0
Number of authors to explore: 0
Graph saved to ../data/cs.LG_collaboration_graph_20241028_211256.pkl
Number of updates: 0
Number of authors to explore: 0
Graph saved to ../data/cs.LG_collaboration_graph_20241028_211256.pkl
Number of updates: 0
Number of authors to explore: 0
Graph saved to ../data/cs.LG_collaboration_graph_20241028_211256.pkl
Number of updates: 0
Number of authors to explore: 0
Graph saved to ../data/cs.LG_collaboration_graph_20241028_211256.pkl
Number of updates: 0
Number of authors to explore: 0
Graph saved to ../data/cs.LG_collaboration_graph_20241028_211256.pkl
Number of updates: 0
Number of authors to explore: 0
Graph saved to ../data/cs.LG_collaboration_graph_20241028_211256.pkl
Number of updates: 0
Number of authors to explore: 0
Graph saved to ../data/cs.LG_collaboration_graph_20241028_211256.pkl
Number of updates: 0
Number of authors to explore: 0
Graph saved to ../data/cs.LG_collaboration_graph_20241028_211256.pkl
Number of updates: 0
Number of authors to explore: 0
Graph saved to ../data/cs.LG_collaboration_graph_20241028_211256.pkl
Number of updates: 0
Number of authors to explore: 0
Graph saved to ../data/cs.LG_collaboration_graph_20241028_211256.pkl
Number of updates: 0
Number of authors to explore: 0
Graph saved to ../data/cs.LG_collaboration_graph_20241028_211256.pkl
Number of updates: 0
Number of authors to explore: 0
Graph saved to ../data/cs.LG_collaboration_graph_20241028_211256.pkl
Number of updates: 0
Number of authors to explore: 0
Graph saved to ../data/cs.LG_collaboration_graph_20241028_211256.pkl
Number of updates: 0
Number of authors to explore: 0
Graph saved to ../data/cs.LG_collaboration_graph_20241028_211256.pkl
Number of updates: 0
Number of authors to explore: 0
Graph saved to ../data/cs.LG_collaboration_graph_20241028_211256.pkl
Number of updates: 0
Number of authors to explore: 0
Graph saved to ../data/cs.LG_collaboration_graph_20241028_211256.pkl
Number of updates: 0
Number of authors to explore: 0
Graph saved to ../data/cs.LG_collaboration_graph_20241028_211256.pkl
Number of updates: 0
Number of authors to explore: 0
Graph saved to ../data/cs.LG_collaboration_graph_20241028_211256.pkl
Number of updates: 0
Number of authors to explore: 0
Graph saved to ../data/cs.LG_collaboration_graph_20241028_211256.pkl
Number of updates: 0
Number of authors to explore: 0
Graph saved to ../data/cs.LG_collaboration_graph_20241028_211256.pkl
Number of updates: 0
Number of authors to explore: 0
Graph saved to ../data/cs.LG_collaboration_graph_20241028_211256.pkl
Number of updates: 0
Number of authors to explore: 0
Graph saved to ../data/cs.LG_collaboration_graph_20241028_211256.pkl
Number of updates: 0
Number of authors to explore: 0
Graph saved to ../data/cs.LG_collaboration_graph_20241028_211256.pkl
Number of updates: 0
Number of authors to explore: 0
Graph saved to ../data/cs.LG_collaboration_graph_20241028_211256.pkl
Number of updates: 0
Number of authors to explore: 0
Graph saved to ../data/cs.LG_collaboration_graph_20241028_211256.pkl
Number of updates: 0
Number of authors to explore: 0
Graph saved to ../data/cs.LG_collaboration_graph_20241028_211256.pkl
Number of updates: 0
Number of authors to explore: 0
Graph saved to ../data/cs.LG_collaboration_graph_20241028_211256.pkl
Number of updates: 0
Number of authors to explore: 0
Graph saved to ../data/cs.LG_collaboration_graph_20241028_211256.pkl
Number of updates: 0
Number of authors to explore: 0
Graph saved to ../data/cs.LG_collaboration_graph_20241028_211256.pkl
Number of updates: 0
Number of authors to explore: 0
Graph saved to ../data/cs.LG_collaboration_graph_20241028_211256.pkl
Number of updates: 0
Number of authors to explore: 0
Graph saved to ../data/cs.LG_collaboration_graph_20241028_211256.pkl
Number of updates: 0
Number of authors to explore: 0
Graph saved to ../data/cs.LG_collaboration_graph_20241028_211256.pkl
Number of updates: 0
Number of authors to explore: 0
Graph saved to ../data/cs.LG_collaboration_graph_20241028_211256.pkl
Number of updates: 0
Number of authors to explore: 0
Graph saved to ../data/cs.LG_collaboration_graph_20241028_211256.pkl
Number of updates: 0
Number of authors to explore: 0
Graph saved to ../data/cs.LG_collaboration_graph_20241028_211256.pkl
