nohup: ignoring input
PDF for paper 2105.14835v5 already exists.
PDF for paper 2307.04661v6 already exists.
PDF for paper 2005.10700v3 already exists.
PDF for paper 2106.12621v1 already exists.
Successfully downloaded 2402.02328v3
Successfully downloaded 2405.13992v1
Successfully downloaded 2111.08117v4
Successfully downloaded 2102.09994v3
Successfully downloaded 1611.01491v6
Error downloading PDF for paper 2310.13139v8: ('Connection aborted.', ConnectionResetError(104, 'Connection reset by peer'))
Successfully downloaded 1711.03073v2
Error downloading PDF for paper 2409.17308v1: ('Connection aborted.', ConnectionResetError(104, 'Connection reset by peer'))
PDF for paper 2302.14186v3 already exists.
Error downloading PDF for paper 2109.14501v5: ('Connection aborted.', ConnectionResetError(104, 'Connection reset by peer'))
Successfully downloaded 1708.03735v2
Failed to download PDF for paper 2205.14299v1, status code: 403
Successfully downloaded 1701.06692v1
PDF for paper 2004.12908v19 already exists.
Failed to download PDF for paper 2203.00516v1, status code: 403
PDF for paper 2011.06557v1 already exists.
Failed to download PDF for paper 2102.10263v1, status code: 403
PDF for paper 2409.17544v2 already exists.
Failed to download PDF for paper 1904.05329v3, status code: 403
Failed to download PDF for paper 1910.08883v5, status code: 403
Successfully downloaded 1404.7421v2
Successfully downloaded 1403.4628v2
Error downloading PDF for paper 2406.11938v1: ('Connection aborted.', ConnectionResetError(104, 'Connection reset by peer'))
Failed to download PDF for paper 2308.13451v3, status code: 403
Failed to download PDF for paper 2301.11290v3, status code: 403
Failed to download PDF for paper 2303.18051v4, status code: 403
Failed to download PDF for paper 2405.12797v1, status code: 403
Failed to download PDF for paper 2406.06573v2, status code: 403
Failed to download PDF for paper 2402.04436v2, status code: 403
Error downloading PDF for paper 2305.02381v2: ('Connection aborted.', ConnectionResetError(104, 'Connection reset by peer'))
Error downloading PDF for paper 2309.08913v1: ('Connection aborted.', ConnectionResetError(104, 'Connection reset by peer'))
Error downloading PDF for paper 2104.00641v6: ('Connection aborted.', ConnectionResetError(104, 'Connection reset by peer'))
Successfully downloaded 2101.12430v2
Error downloading PDF for paper 2208.10967v5: ('Connection aborted.', ConnectionResetError(104, 'Connection reset by peer'))
Error downloading PDF for paper 2005.02151v3: ('Connection aborted.', ConnectionResetError(104, 'Connection reset by peer'))
Successfully downloaded 2305.05126v3
Failed to download PDF for paper 2208.03211v8, status code: 403
PDF for paper 2209.12054v3 already exists.
Failed to download PDF for paper 2201.07372v2, status code: 403
Failed to download PDF for paper 2305.02473v1, status code: 403
PDF for paper 2004.07348v6 already exists.
Failed to download PDF for paper 2208.13921v2, status code: 403
Successfully downloaded 2210.15083v1
Successfully downloaded 2109.13098v3
Successfully downloaded 1908.02572v3
PDF for paper 2002.01648v3 already exists.
Successfully downloaded 2111.05366v1
PDF for paper 1904.02926v4 already exists.
Successfully downloaded 1709.05506v5
PDF for paper 1812.10519v4 already exists.
Successfully downloaded 2108.13637v4
Successfully downloaded 2007.02156v3
Successfully downloaded 1908.06438v2
PDF for paper 1705.00674v5 already exists.
Successfully downloaded 2010.13152v3
PDF for paper 1506.03410v6 already exists.
Successfully downloaded 2003.14250v1
PDF for paper 1907.02844v1 already exists.
Successfully downloaded 1905.01776v3
Successfully downloaded 1502.01368v4
Successfully downloaded 1808.08502v4
Successfully downloaded 1703.03862v4
Successfully downloaded 1910.00423v1
PDF for paper 1710.09768v3 already exists.
Successfully downloaded 1803.02423v3
Successfully downloaded 1808.07801v3
Successfully downloaded 1711.05610v4
Error downloading PDF for paper 1802.06307v1: ('Connection aborted.', ConnectionResetError(104, 'Connection reset by peer'))
Error downloading PDF for paper 1412.4098v4: ('Connection aborted.', ConnectionResetError(104, 'Connection reset by peer'))
Successfully downloaded 1609.01672v3
Error downloading PDF for paper 1502.03391v3: ('Connection aborted.', ConnectionResetError(104, 'Connection reset by peer'))
Error downloading PDF for paper 1607.01369v3: ('Connection aborted.', ConnectionResetError(104, 'Connection reset by peer'))
Error downloading PDF for paper 1503.02115v5: ('Connection aborted.', ConnectionResetError(104, 'Connection reset by peer'))
Successfully downloaded 1609.05148v8
Failed to download PDF for paper 1602.00360v1, status code: 403
Failed to download PDF for paper 1312.7559v7, status code: 403
Failed to download PDF for paper 1310.1297v5, status code: 403
Failed to download PDF for paper 1301.1954v5, status code: 403
Failed to download PDF for paper 1405.3133v3, status code: 403
Failed to download PDF for paper 1304.7844v4, status code: 403
PDF for paper 1211.3601v4 already exists.
Failed to download PDF for paper 1304.7981v5, status code: 403
Failed to download PDF for paper 1305.7388v2, status code: 403
Failed to download PDF for paper 1212.1182v3, status code: 403
PDF for paper 1305.4893v1 already exists.
Failed to download PDF for paper 1205.5920v5, status code: 403
Failed to download PDF for paper 1210.8429v1, status code: 403
Failed to download PDF for paper 1209.3761v1, status code: 403
Failed to download PDF for paper 1207.6745v1, status code: 403
Failed to download PDF for paper 1108.2228v3, status code: 403
Successfully downloaded 1705.03297v1
Failed to download PDF for paper 2208.05950v2, status code: 403
Successfully downloaded 1709.05454v1
Successfully downloaded 1405.6070v3
Successfully downloaded 1607.08601v1
Successfully downloaded 1209.0367v4
