nohup: ignoring input
Building collaboration graph...
Author Amitabh Basu fully explored at depth d+0.
Author Sammy Khalife fully explored at depth d+1.
Author Barbara Fiedorowicz fully explored at depth d+1.
Author Hongyu Cheng fully explored at depth d+1.
Author Phillip Kerger fully explored at depth d+1.
Author Marco Molinaro fully explored at depth d+1.
Author Hongyi Jiang fully explored at depth d+1.
Author Tu Nguyen fully explored at depth d+1.
Author Támas Budavári fully explored at depth d+1.
Author Michele Conforti fully explored at depth d+1.
Author Ao Sun fully explored at depth d+1.
Author Marco Di Summa fully explored at depth d+1.
Author Tongtong Chen fully explored at depth d+1.
Author Joseph Paat fully explored at depth d+1.
Author Christopher Thomas Ryan fully explored at depth d+1.
Author Sriram Sankaranarayanan fully explored at depth d+1.
Author Santanu S. Dey fully explored at depth d+1.
Author Kipp Martin fully explored at depth d+1.
Author Giacomo Zambelli fully explored at depth d+1.
Author Akshay Rangamani fully explored at depth d+1.
Author Guanyi Wang fully explored at depth d+1.
Number of updates: 0
Number of authors to explore: 14
Graph saved to ../data/math.OC_collaboration_graph_20241028_214911.pkl
authors to explore 14, has running threads: 4
Author Anirbit Mukherjee fully explored at depth d+1.
Author Tejaswini Ganapathy fully explored at depth d+1.
Author Ashish Arora fully explored at depth d+1.
Author Sang Chin fully explored at depth d+1.
Author Trac D. Tran fully explored at depth d+1.
Author Robert Hildebrand fully explored at depth d+1.
Author Teresa M. Lebair fully explored at depth d+1.
Author Manoel Campelo fully explored at depth d+1.
Author Gennadiy Averkov fully explored at depth d+1.
Author Gerard Cornuejols fully explored at depth d+1.
Author Francois Margot fully explored at depth d+1.
Author Timm Oertel fully explored at depth d+1.
Author Pierre Bonami fully explored at depth d+1.
Author Christopher Ryan fully explored at depth d+1.
Author Gérard Cornuéjols fully explored at depth d+1.
Author Stefan Weltge fully explored at depth d+1.
Author Robert Weismantel fully explored at depth d+1.
Author Benjamin C. G. Lee fully explored at depth d+1.
Author Tamás Budavári fully explored at depth d+1.
Author Mubdi Rahman fully explored at depth d+1.
Author Tamas Budavari fully explored at depth d+1.
Author Matthias Köppe fully explored at depth d+1.
Author Michael Dinitz fully explored at depth d+1.
Author Chris Ryan fully explored at depth d+1.
Author Joe Paat fully explored at depth d+1.
Author Jesus De Loera fully explored at depth d+1.
Number of updates: 0
Number of authors to explore: 4
Graph saved to ../data/math.OC_collaboration_graph_20241028_214911.pkl
authors to explore 4, has running threads: 4
Author Xin Li fully explored at depth d+1.
Author Mark Junod fully explored at depth d+1.
Author Prachi Shah fully explored at depth d+1.
Author Yatharth Dubey fully explored at depth d+1.
Author Grigoriy Blekherman fully explored at depth d+1.
Author Merve Bodur fully explored at depth d+1.
Author Shengding Sun fully explored at depth d+1.
Author Alberto Del Pia fully explored at depth d+1.
Author Andres Iroume fully explored at depth d+1.
Author Rahul Mazumder fully explored at depth d+1.
Author Domenico Salvagnin fully explored at depth d+1.
Author Sebastian Pokutta fully explored at depth d+1.
Author Natashia Boland fully explored at depth d+1.
Author Thomas Kalinowski fully explored at depth d+1.
Author Fabian Rigterink fully explored at depth d+1.
Author Qianyi Wang fully explored at depth d+1.
Author Anupam Gupta fully explored at depth d+1.
Author Samitha Samaranayake fully explored at depth d+1.
Author Igor Averbakh fully explored at depth d+1.
Author Manuel Aprile fully explored at depth d+1.
Author Yuri Faenza fully explored at depth d+1.
Author Samuel Fiorini fully explored at depth d+1.
Author Volker Kaibel fully explored at depth d+1.
Number of updates: 0
Number of authors to explore: 15
Graph saved to ../data/math.OC_collaboration_graph_20241028_214911.pkl
authors to explore 15, has running threads: 4
Author Marco Macchia fully explored at depth d+1.
Author Tony Huynh fully explored at depth d+1.
Author Francesco Rinaldi fully explored at depth d+1.
Author Marianna De Santis fully explored at depth d+1.
Author Samuel Fiorin fully explored at depth d+1.
Author Roland Grappe fully explored at depth d+1.
Author Gwenaël Joret fully explored at depth d+1.
Author Christopher Hojny fully explored at depth d+1.
Author Suresh Bolusani fully explored at depth d+1.
Author Luze Xu fully explored at depth d+1.
Author Zach Walsh fully explored at depth d+1.
Author Mathieu Besançon fully explored at depth d+1.
Author Timo Berthold fully explored at depth d+1.
Author Ambros Gleixner fully explored at depth d+1.
Author Gonzalo Muñoz fully explored at depth d+1.
Author Claudia D'Ambrosio fully explored at depth d+1.
Author Felipe Serrano fully explored at depth d+1.
Author Dimitri Thomopulos fully explored at depth d+1.
Author Álinson S. Xavier fully explored at depth d+1.
Author Ingo Stallknecht fully explored at depth d+1.
Author Marcel Celaya fully explored at depth d+1.
Number of updates: 0
Number of authors to explore: 2
Graph saved to ../data/math.OC_collaboration_graph_20241028_214911.pkl
authors to explore 2, has running threads: 4
Author Stefan Kuhlmann fully explored at depth d+1.
Author Miriam Schlöter fully explored at depth d+1.
Author Jon Lee fully explored at depth d+1.
Author Emily Speakman fully explored at depth d+1.
Author Oussama Hanguir fully explored at depth d+1.
Author Will Ma fully explored at depth d+1.
Author Xin T. Tong fully explored at depth d+1.
Author Jiangze Han fully explored at depth d+1.
Author Xi Chen fully explored at depth d+1.
Author Simai He fully explored at depth d+1.
Author Bo Jiang fully explored at depth d+1.
Author Maurice Queyranne fully explored at depth d+1.
Author Teng Zhang fully explored at depth d+1.
Author Margarida Carvalho fully explored at depth d+1.
Author Gabriele Dragotto fully explored at depth d+1.
Author Andrea Lodi fully explored at depth d+1.
Author Aleksandr M. Kazachkov fully explored at depth d+1.
Author Pierre Le Bodic fully explored at depth d+1.
Author Felipe Feijoo fully explored at depth d+1.
Number of updates: 0
Number of authors to explore: 1
Graph saved to ../data/math.OC_collaboration_graph_20241028_214911.pkl
authors to explore 1, has running threads: 4
Author Sanjith Gopalakrishnan fully explored at depth d+1.
Author Philippe Olivier fully explored at depth d+1.
Author Gilles Pesant fully explored at depth d+1.
Author Guillaume O. Berger fully explored at depth d+1.
Author Shenghua Feng fully explored at depth d+1.
Author Bai Xue fully explored at depth d+1.
Author Mingshuai Chen fully explored at depth d+1.
Author Naijun Zhan fully explored at depth d+1.
Author Shakiba Yaghoubi fully explored at depth d+1.
Author Georgios Fainekos fully explored at depth d+1.
Author Yoshua Bengio fully explored at depth d+1.
Author Rahul Patel fully explored at depth d+1.
Author Emma Frejinger fully explored at depth d+1.
Author Sauleh Siddiqui fully explored at depth d+1.
Author Mohamed Amin Ben Sassi fully explored at depth d+1.
Author Santanu S Dey fully explored at depth d+1.
Author Dahye Han fully explored at depth d+2.
Author Diego Moran fully explored at depth d+2.
Author Nan Jiang fully explored at depth d+2.
Author Yang Wang fully explored at depth d+2.
Author Jingye Xu fully explored at depth d+2.
Number of updates: 0
Number of authors to explore: 1
Author Weijun Xie fully explored at depth d+2.
Graph saved to ../data/math.OC_collaboration_graph_20241028_214911.pkl
authors to explore 11, has running threads: 4
Author Nikolaos V. Sahinidis fully explored at depth d+2.
Author Diego Cifuentes fully explored at depth d+2.
Author Xiaoyi Gu fully explored at depth d+2.
Author Feng Qiu fully explored at depth d+2.
Author Jean-Philippe P. Richard fully explored at depth d+2.
Author Yongchun Li fully explored at depth d+2.
Author Burak Kocuk fully explored at depth d+2.
Author Yijiang Li fully explored at depth d+2.
Author Emma S. Johnson fully explored at depth d+2.
Author Nicole Redder fully explored at depth d+2.
Author Kevin Shu fully explored at depth d+2.
Author Gonzalo Munoz fully explored at depth d+2.
Author Jean-Paul Watson fully explored at depth d+2.
Author Alinson S. Xavier fully explored at depth d+2.
Author Shabbir Ahmed fully explored at depth d+2.
Author Yao Xie fully explored at depth d+2.
Author Joey Huchette fully explored at depth d+2.
Number of updates: 0
Number of authors to explore: 8
Graph saved to ../data/math.OC_collaboration_graph_20241028_214911.pkl
authors to explore 8, has running threads: 4
Author Juan Pablo Vielma fully explored at depth d+2.
Author X. Andy Sun fully explored at depth d+2.
Author Asteroide Santana fully explored at depth d+2.
Author Jeff Linderoth fully explored at depth d+2.
Author Hyemin Jeon fully explored at depth d+2.
Author James Luedtke fully explored at depth d+2.
Author Andy Sun fully explored at depth d+2.
Author Pelin Damci-Kurt fully explored at depth d+2.
Author Gustavo Angulo fully explored at depth d+2.
Author Daniel Dadush fully explored at depth d+2.
Author Simge Kucukyavuz fully explored at depth d+2.
Author Ahmad Abdi fully explored at depth d+2.
Author Renyuan Li fully explored at depth d+2.
Author László A. Végh fully explored at depth d+2.
Author Rui Chen fully explored at depth d+2.
Author Zhehui Chen fully explored at depth d+2.
Author Oktay Gunluk fully explored at depth d+2.
Author Yutong Dai fully explored at depth d+2.
Author Frank E. Curtis fully explored at depth d+2.
Author Daniel P. Robinson fully explored at depth d+2.
Author Tianyu Ding fully explored at depth d+2.
Author Tianyi Chen fully explored at depth d+2.
Number of updates: 0
Number of authors to explore: 51
Graph saved to ../data/math.OC_collaboration_graph_20241028_214911.pkl
authors to explore 51, has running threads: 4
Author Bo Ji fully explored at depth d+2.
Author Sheng Yi fully explored at depth d+2.
Author Jing Tian fully explored at depth d+2.
Author Zhihui Zhu fully explored at depth d+2.
Author Yixin Shi fully explored at depth d+2.
Author Xiao Tu fully explored at depth d+2.
Author Matteo Tucat fully explored at depth d+2.
Author Pulkit Gopalani fully explored at depth d+2.
Author Samyak Jha fully explored at depth d+2.
Author Soham De fully explored at depth d+2.
Author Enayat Ullah fully explored at depth d+2.
Author Hojjat S. Mousavi fully explored at depth d+2.
Author Vishal Monga fully explored at depth d+2.
Author Hyunwoo Lee fully explored at depth d+2.
Author Wenbo Cai fully explored at depth d+2.
Author İ. Esra Büyüktahtakın fully explored at depth d+2.
Author Adrian Göß fully explored at depth d+2.
Author Brannon King fully explored at depth d+2.
Author Jamie Fravel fully explored at depth d+2.
Author Laurel Travis fully explored at depth d+2.
Author Nicholas Goedert fully explored at depth d+2.
Author Benjamin Beach fully explored at depth d+2.
Author Matthew Pierson fully explored at depth d+2.
Author Robert Burlacu fully explored at depth d+2.
Author Andreas Bärmann fully explored at depth d+2.
Number of updates: 0
Number of authors to explore: 0
Graph saved to ../data/math.OC_collaboration_graph_20241028_214911.pkl
authors to explore 0, has running threads: 4
Author Lukas Hager fully explored at depth d+2.
Author Andreas Barmann fully explored at depth d+2.
Author Alberto del Pia fully explored at depth d+2.
Author Rico Zenklusen fully explored at depth d+2.
Author Daniel Bienstock fully explored at depth d+2.
Author Ben Beach fully explored at depth d+2.
Author Kimberly Ellis fully explored at depth d+2.
Author Baptiste Lebreton fully explored at depth d+2.
Author Yuan Zhou fully explored at depth d+2.
Author Sanjeeb Dash fully explored at depth d+2.
Author Stephen R. Chestnut fully explored at depth d+2.
Author Jörg Bader fully explored at depth d+2.
Author Kevin Zemmer fully explored at depth d+2.
Author Jinglai Shen fully explored at depth d+2.
Author Benjamin Peters fully explored at depth d+2.
Author Sebastian Sager fully explored at depth d+2.
Author Matthias Schymura fully explored at depth d+2.
Author Claus Scheiderer fully explored at depth d+2.
Author Iskander Aliev fully explored at depth d+2.
Author Jesús A. De Loera fully explored at depth d+2.
Author Jan Krümpelmann fully explored at depth d+2.
Author Benjamin Nill fully explored at depth d+2.
Author Bernardo González Merino fully explored at depth d+2.
Number of updates: 0
Number of authors to explore: 0
Graph saved to ../data/math.OC_collaboration_graph_20241028_214911.pkl
authors to explore 0, has running threads: 4
Author Matthias Henze fully explored at depth d+2.
Author Ingo Paschke fully explored at depth d+2.
Author Christian Wagner fully explored at depth d+2.
Author Andrea Qualizza fully explored at depth d+2.
Author Pietro Belotti fully explored at depth d+2.
Author Mark Hogan fully explored at depth d+2.
Author Martin Henk fully explored at depth d+2.
Author Fritz Eisenbrand fully explored at depth d+2.
Author Stephan Artmann fully explored at depth d+2.
Author Jesus A. De Loera fully explored at depth d+2.
Author Christopher O'Neill fully explored at depth d+2.
Author Santosh Vempala fully explored at depth d+2.
Author Friedrich Eisenbrand fully explored at depth d+2.
Author Christoph Glanzer fully explored at depth d+2.
Author Michel Baes fully explored at depth d+2.
Author Wenxuan Guo fully explored at depth d+2.
Author YoonHaeng Hur fully explored at depth d+2.
Author Tengyuan Liang fully explored at depth d+2.
Author Yelena Yuditsky fully explored at depth d+2.
Author Andreas Hagn fully explored at depth d+2.
Author Michał T. Seweryn fully explored at depth d+2.
Author Stefan Kober fully explored at depth d+2.
Author Rainer Kolisch fully explored at depth d+2.
Author Giacomo Dall'Olio fully explored at depth d+2.
Author Jamico Schade fully explored at depth d+2.
Author Makrand Sinha fully explored at depth d+2.
Author Maximilian Schiffer fully explored at depth d+2.
Number of updates: 0
Number of authors to explore: 18
Graph saved to ../data/math.OC_collaboration_graph_20241028_214911.pkl
authors to explore 18, has running threads: 4
Author Stephan Sorgatz fully explored at depth d+2.
Author Lukas Mayrhofer fully explored at depth d+2.
Author Sophie Huiberts fully explored at depth d+2.
Author Bento Natura fully explored at depth d+2.
Author Ina Seidel fully explored at depth d+2.
Author Meike Neuwohner fully explored at depth d+2.
Author Elisabeth Rodríguez-Heck fully explored at depth d+2.
Author Karl Stickler fully explored at depth d+2.
Author Matthias Walter fully explored at depth d+2.
Author Sarah Morell fully explored at depth d+2.
Author Yohann Benchetrit fully explored at depth d+2.
Author Alfonso Cevallos fully explored at depth d+2.
Author Hans Raj Tiwary fully explored at depth d+2.
Author Eleonore Bach fully explored at depth d+2.
Author Gábor Braun fully explored at depth d+2.
Author Thomas Rothvoss fully explored at depth d+2.
Author Sabrina Bruckmeier fully explored at depth d+2.
Author Jana Cslovjecsek fully explored at depth d+2.
Author Christoph Hunkenschröder fully explored at depth d+2.
Author Michał Pilipczuk fully explored at depth d+2.
Author Moritz Venzin fully explored at depth d+2.
Author Lars Rohwedder fully explored at depth d+2.
Author Shmuel Onn fully explored at depth d+2.
Number of updates: 0
Number of authors to explore: 10
Graph saved to ../data/math.OC_collaboration_graph_20241028_214911.pkl
authors to explore 10, has running threads: 4
Author Raymond Hemmecke fully explored at depth d+2.
Author Lyubov Romanchuk fully explored at depth d+2.
Author Kent Andersen fully explored at depth d+2.
Author Quentin Louveaux fully explored at depth d+2.
Author Hugo Maruri-Aguilar fully explored at depth d+2.
Author Yael Berstein fully explored at depth d+2.
Author Eva Riccomagno fully explored at depth d+2.
Author Yasamin Nazari fully explored at depth d+2.
Author Henry Wynn fully explored at depth d+2.
Author Zeyu Zhang fully explored at depth d+2.
Author Imran Adham fully explored at depth d+2.
Author Zhenyang Zhang fully explored at depth d+2.
Author Jamie Haddock fully explored at depth d+2.
Author Luis Rademacher fully explored at depth d+2.
Author Deanna Needell fully explored at depth d+2.
Author Jin Guo fully explored at depth d+2.
Author Ting Wang fully explored at depth d+2.
Author El Houcine Bergou fully explored at depth d+2.
Number of updates: 0
Number of authors to explore: 18
Graph saved to ../data/math.OC_collaboration_graph_20241028_214911.pkl
authors to explore 18, has running threads: 4
Author Aritra Dutta fully explored at depth d+2.
Author Yanlong Zhao fully explored at depth d+2.
Author Soumia Boucherouite fully explored at depth d+2.
Author Anna Ma fully explored at depth d+2.
Author Nicklas Werge fully explored at depth d+2.
Author Qingyuan Qi fully explored at depth d+2.
Author Melih Kandemir fully explored at depth d+2.
Author Xinbei Lv fully explored at depth d+2.
Author Jingwei Liang fully explored at depth d+2.
Author Ziyan Luo fully explored at depth d+2.
Author Feng Bao fully explored at depth d+2.
Author Kyle Gallivan fully explored at depth d+2.
Author Yang Chen fully explored at depth d+2.
Author Yaohua Hu fully explored at depth d+2.
Author Chong Li fully explored at depth d+2.
Author Xiaoqi Yang fully explored at depth d+2.
Author Tianzi Jiang fully explored at depth d+2.
Author Fangyi Yang fully explored at depth d+2.
Author Weihua Gu fully explored at depth d+2.
Number of updates: 0
Number of authors to explore: 1
Graph saved to ../data/math.OC_collaboration_graph_20241028_214911.pkl
authors to explore 1, has running threads: 4
Author Michael Cassidy fully explored at depth d+2.
Author Tiezhu Li fully explored at depth d+2.
Author Peter Richtárik fully explored at depth d+2.
Author Boqing Gong fully explored at depth d+2.
Author Peter Richtarik fully explored at depth d+2.
Author Toby Boas fully explored at depth d+2.
Author Mubarak Shah fully explored at depth d+2.
Author Kathryn P. Mercier fully explored at depth d+2.
Author Eric Niderman fully explored at depth d+2.
Author Sebastian Debus fully explored at depth d+2.
Author Jose Acevedo fully explored at depth d+2.
Author Siyue Liu fully explored at depth d+2.
Author Cordian Riener fully explored at depth d+2.
Author Khazhgali Kozhasov fully explored at depth d+2.
Author Bruce Reznick fully explored at depth d+2.
Author Lorenzo Baldi fully explored at depth d+2.
Author Rainer Sinn fully explored at depth d+2.
Author Alex Dunbar fully explored at depth d+2.
Author Julia Lindberg fully explored at depth d+2.
Author Amir Ali Ahmadi fully explored at depth d+2.
Author Pablo A. Parrilo fully explored at depth d+2.
Number of updates: 0
Number of authors to explore: 42
Graph saved to ../data/math.OC_collaboration_graph_20241028_214911.pkl
authors to explore 42, has running threads: 4
Author Felipe Rincón fully explored at depth d+2.
Author Cynthia Vinzant fully explored at depth d+2.
Author Gregory G. Smith fully explored at depth d+2.
Author Josephine Yu fully explored at depth d+2.
Author Martina Juhnke-Kubitzke fully explored at depth d+2.
Author Daniel Plaumann fully explored at depth d+2.
Author Sadik Iliman fully explored at depth d+2.
Author Mauricio Velasco fully explored at depth d+2.
Author João Gouveia fully explored at depth d+2.
Author Ayse N. Arslan fully explored at depth d+2.
Author Maryam Daryalal fully explored at depth d+2.
Author James Pfeiffer fully explored at depth d+2.
Author Margarita P. Castro fully explored at depth d+2.
Author Amer Shalaby fully explored at depth d+2.
Author Ian Yihang Zhu fully explored at depth d+2.
Author Timothy C. Y. Chan fully explored at depth d+2.
Author Zahra Ansarilari fully explored at depth d+2.
Author Mucahit Cevik fully explored at depth d+2.
Author Arash Dehghan fully explored at depth d+2.
Author Moira MacNeil fully explored at depth d+2.
Author Lizeth Carolina Riascos-Álvarez fully explored at depth d+2.
Number of updates: 0
Number of authors to explore: 0
Graph saved to ../data/math.OC_collaboration_graph_20241028_214911.pkl
authors to explore 0, has running threads: 4
Author Dionne M. Aleman fully explored at depth d+2.
Author Lizeth Carolina Riascos-Alvarez fully explored at depth d+2.
Author Yongjia Song fully explored at depth d+2.
Author Narges Sereshti fully explored at depth d+2.
Author Cheng Guo fully explored at depth d+2.
Author James R. Luedtke fully explored at depth d+2.
Author Harsha Nagarajan fully explored at depth d+2.
Author Oylum Şeker fully explored at depth d+2.
Author Young Lee-Bartlett fully explored at depth d+2.
Author Elias B. Khalil fully explored at depth d+2.
Author Justin Dumouchelle fully explored at depth d+2.
Author Mark Ruschin fully explored at depth d+2.
Author Manion Anderson fully explored at depth d+2.
Author Hamed Pouya fully explored at depth d+2.
Author Juyoung Wang fully explored at depth d+2.
Author Scott Rathwell fully explored at depth d+2.
Author Vahid Sarhangian fully explored at depth d+2.
Author Joshua A. Taylor fully explored at depth d+2.
Author Neda Tanoumand fully explored at depth d+2.
Author David R. Urbach fully explored at depth d+2.
Author David Bergman fully explored at depth d+2.
Author Carlos Cardonha fully explored at depth d+2.
Author Andre A. Cire fully explored at depth d+2.
Author Fatma Kılınç-Karzan fully explored at depth d+2.
Author Yinglun Zhu fully explored at depth d+2.
Number of updates: 0
Number of authors to explore: 0
Graph saved to ../data/math.OC_collaboration_graph_20241028_214911.pkl
authors to explore 0, has running threads: 4
Author Dekun Zhou fully explored at depth d+2.
Author Aida Khajavirad fully explored at depth d+2.
Author Florent Capelli fully explored at depth d+2.
Author Silvia Di Gregorio fully explored at depth d+2.
Author Haoran Zhu fully explored at depth d+2.
Author Mingchen Ma fully explored at depth d+2.
Author Dmitriy Kunisky fully explored at depth d+2.
Author Dion Gijswijt fully explored at depth d+2.
Author Carla Michini fully explored at depth d+2.
Author Shibal Ibrahim fully explored at depth d+2.
Author Wenyu Chen fully explored at depth d+2.
Author Promit Ghosal fully explored at depth d+2.
Author Riade Benbaki fully explored at depth d+2.
Author Haoyue Wang fully explored at depth d+2.
Author Xiang Meng fully explored at depth d+2.
Author Hussein Hazimeh fully explored at depth d+2.
Author Natalia Ponomareva fully explored at depth d+2.
Author Zhe Zhao fully explored at depth d+2.
Author Richard J. Samworth fully explored at depth d+2.
Author Kayhan Behdin fully explored at depth d+2.
Number of updates: 0
Number of authors to explore: 0
Graph saved to ../data/math.OC_collaboration_graph_20241028_214911.pkl
authors to explore 0, has running threads: 4
Author Qingquan Song fully explored at depth d+2.
Author Aman Gupta fully explored at depth d+2.
Author David Durfee fully explored at depth d+2.
Author Ayan Acharya fully explored at depth d+2.
Author Miao Cheng fully explored at depth d+2.
Author Sathiya Keerthi fully explored at depth d+2.
Author Kinjal Basu fully explored at depth d+2.
Author Keerthi Selvaraj fully explored at depth d+2.
Author Peter Radchenko fully explored at depth d+2.
Author Antoine Dedieu fully explored at depth d+2.
Author Maheswaran Sathiamoorthy fully explored at depth d+2.
Author Aakanksha Chowdhery fully explored at depth d+2.
Author Ed H. Chi fully explored at depth d+2.
Author Lichan Hong fully explored at depth d+2.
Author Haihao Lu fully explored at depth d+2.
Author Yihua Chen fully explored at depth d+2.
Author Ali Saab fully explored at depth d+2.
Author Stephen Wright fully explored at depth d+2.
Author Andrew Zheng fully explored at depth d+2.
Author Robert M. Freund fully explored at depth d+2.
Author Koulik Khamaru fully explored at depth d+2.
Author Paul Grigas fully explored at depth d+2.
Number of updates: 0
Number of authors to explore: 10
Graph saved to ../data/math.OC_collaboration_graph_20241028_214911.pkl
authors to explore 10, has running threads: 4
Author Martin S. Copenhaver fully explored at depth d+2.
Author Arkopal Choudhury fully explored at depth d+2.
Author Garud Iyengar fully explored at depth d+2.
Author Dimitris Bertsimas fully explored at depth d+2.
Author Angela King fully explored at depth d+2.
Author Bodhisattva Sen fully explored at depth d+2.
Author Yves F. Atchadé fully explored at depth d+2.
Author Jie Chen fully explored at depth d+2.
Author Matteo Fischetti fully explored at depth d+2.
Author Shpresim Sadiku fully explored at depth d+2.
Author Moritz Wagner fully explored at depth d+2.
Author Amira Abbas fully explored at depth d+2.
Author Sai Ganesh Nagarajan fully explored at depth d+2.
Author Zev Woodstock fully explored at depth d+2.
Author Andris Ambainis fully explored at depth d+2.
Author Andreas Bärtschi fully explored at depth d+2.
Author Brandon Augustino fully explored at depth d+2.
Author Harry Buhrman fully explored at depth d+2.
Author Carleton Coffrin fully explored at depth d+2.
Number of updates: 0
Number of authors to explore: 40
Graph saved to ../data/math.OC_collaboration_graph_20241028_214911.pkl
authors to explore 40, has running threads: 4
Author Giorgio Cortiana fully explored at depth d+2.
Author Daniel J. Egger fully explored at depth d+2.
Author Vedran Dunjko fully explored at depth d+2.
Author Bruce G. Elmegreen fully explored at depth d+2.
Author Nicola Franco fully explored at depth d+2.
Author Bryce Fuller fully explored at depth d+2.
Author Filippo Fratini fully explored at depth d+2.
Author Julien Gacon fully explored at depth d+2.
Author Constantin Gonciulea fully explored at depth d+2.
Author Swati Gupta fully explored at depth d+2.
Author Sander Gribling fully explored at depth d+2.
Author Stuart Hadfield fully explored at depth d+2.
Author Gerhard Kircher fully explored at depth d+2.
Author Raoul Heese fully explored at depth d+2.
Author Thomas Kleinert fully explored at depth d+2.
Author Thorsten Koch fully explored at depth d+2.
Author Georgios Korpas fully explored at depth d+2.
Author Steve Lenk fully explored at depth d+2.
Author Jakub Marecek fully explored at depth d+2.
Author Vanio Markov fully explored at depth d+2.
Author Guglielmo Mazzola fully explored at depth d+2.
Author Stefano Mensa fully explored at depth d+2.
Number of updates: 0
Number of authors to explore: 0
Graph saved to ../data/math.OC_collaboration_graph_20241028_214911.pkl
authors to explore 0, has running threads: 4
Author Naeimeh Mohseni fully explored at depth d+2.
Author Corey O'Meara fully explored at depth d+2.
Author Giacomo Nannicini fully explored at depth d+2.
Author Elena Peña Tapia fully explored at depth d+2.
Author Manuel Proissl fully explored at depth d+2.
Author Patrick Rebentrost fully explored at depth d+2.
Author Emre Sahin fully explored at depth d+2.
Author Benjamin C. B. Symons fully explored at depth d+2.
Author Sabine Tornow fully explored at depth d+2.
Author Victor Valls fully explored at depth d+2.
Author Stefan Woerner fully explored at depth d+2.
Author Mira L. Wolf-Bauwens fully explored at depth d+2.
Author Jon Yard fully explored at depth d+2.
Author Sheir Yarkoni fully explored at depth d+2.
Author Dirk Zechiel fully explored at depth d+2.
Author Sergiy Zhuk fully explored at depth d+2.
Author Christa Zoufal fully explored at depth d+2.
Author Alexander Martin fully explored at depth d+2.
Author Sébastien Designolle fully explored at depth d+2.
Author Kartikey Sharma fully explored at depth d+2.
Author Tamás Vértesi fully explored at depth d+2.
Author Deborah Hendrych fully explored at depth d+2.
Author Hannah Troppens fully explored at depth d+2.
Number of updates: 0
Number of authors to explore: 0
Graph saved to ../data/math.OC_collaboration_graph_20241028_214911.pkl
authors to explore 0, has running threads: 4
Author Elias Wirth fully explored at depth d+2.
Author Alejandro Carderera fully explored at depth d+2.
Author Javier Pena fully explored at depth d+2.
Author David Martínez-Rubio fully explored at depth d+2.
Author Max Zimmer fully explored at depth d+2.
Author Christophe Roux fully explored at depth d+2.
Author Christoph Spiegel fully explored at depth d+2.
Author Damien Scieur fully explored at depth d+2.
Author Thomas Kerdreux fully explored at depth d+2.
Author Martínez-Rubio fully explored at depth d+2.
Author Alexandre d'Aspremont fully explored at depth d+2.
Author Daniel Thuerck fully explored at depth d+2.
Author Boro Sofranac fully explored at depth d+2.
Author Aldo Kiem fully explored at depth d+2.
Author Marc E. Pfetsch fully explored at depth d+2.
Author Antoine Deza fully explored at depth d+2.
Author Christopher Criscitiello fully explored at depth d+2.
Author Lionel Pournin fully explored at depth d+2.
Author Sebastian Knebel fully explored at depth d+2.
Author Gabriele Iommazzo fully explored at depth d+2.
Author Cyrille W. Combettes fully explored at depth d+2.
Number of updates: 0
Number of authors to explore: 1
Graph saved to ../data/math.OC_collaboration_graph_20241028_214911.pkl
authors to explore 1, has running threads: 4
Author Hassan Mortagy fully explored at depth d+2.
Author Patrick Gelß fully explored at depth d+2.
Author Hamed Hassani fully explored at depth d+2.
Author Timo Kreimeier fully explored at depth d+2.
Author Amin Karbasi fully explored at depth d+2.
Author Aryan Mokhtari fully explored at depth d+2.
Author Andrea Walther fully explored at depth d+2.
Author Cristóbal Guzmán fully explored at depth d+2.
Author Kevin-Martin Aigner fully explored at depth d+2.
Author Kristin Braun fully explored at depth d+2.
Author Frauke Liers fully explored at depth d+2.
Author Oskar Schneider fully explored at depth d+2.
Author Sebastian Tschuppik fully explored at depth d+2.
Author Antonia Chmiela fully explored at depth d+2.
Author Hiroshi Kera fully explored at depth d+2.
Author Pawel Lichocki fully explored at depth d+2.
Author Francisco Criado fully explored at depth d+2.
Author Maxime Gasse fully explored at depth d+2.
Author Quentin Cappart fully explored at depth d+2.
Author Jonas Charfreitag fully explored at depth d+2.
Author Laurent Charlin fully explored at depth d+2.
Number of updates: 0
Number of authors to explore: 0
Graph saved to ../data/math.OC_collaboration_graph_20241028_214911.pkl
authors to explore 0, has running threads: 4
Author Didier Chételat fully explored at depth d+2.
Author Miles Lubin fully explored at depth d+2.
Author Elias Khalil fully explored at depth d+2.
Author Chris J. Maddison fully explored at depth d+2.
Author Christopher Morris fully explored at depth d+2.
Author Augustin Parjadis fully explored at depth d+2.
Author Dimitri J. Papageorgiou fully explored at depth d+2.
Author Antoine Prouvost fully explored at depth d+2.
Author Giulia Zarpellon fully explored at depth d+2.
Author Lara Scavuzzo fully explored at depth d+2.
Author Sha Lai fully explored at depth d+2.
Author Linxin Yang fully explored at depth d+2.
Author Akang Wang fully explored at depth d+2.
Author Xiaodong Luo fully explored at depth d+2.
Author Xiang Zhou fully explored at depth d+2.
Author Haohan Huang fully explored at depth d+2.
Author Shengcheng Shao fully explored at depth d+2.
Author Yuanming Zhu fully explored at depth d+2.
Number of updates: 0
Number of authors to explore: 0
Graph saved to ../data/math.OC_collaboration_graph_20241028_214911.pkl
authors to explore 0, has running threads: 4
Author Tao Quan fully explored at depth d+2.
Author Dong Zhang fully explored at depth d+2.
Author Zixuan Cao fully explored at depth d+2.
Author Zhewei Huang fully explored at depth d+2.
Author Shuchang Zhou fully explored at depth d+2.
Author Chen Binbin fully explored at depth d+2.
Author Yang Xu fully explored at depth d+2.
Author He Minggui fully explored at depth d+2.
Author Hao Hao fully explored at depth d+2.
Author Zhang Zhiyu fully explored at depth d+2.
Author An Zhiwu fully explored at depth d+2.
Author Mao Kun fully explored at depth d+2.
Author Ken'ichiro Tanaka fully explored at depth d+2.
Author Kazuma Tsuji fully explored at depth d+2.
Author Jan Macdonald fully explored at depth d+2.
Author Jelena Diakonikolas fully explored at depth d+2.
Author Cheuk Yin Lin fully explored at depth d+2.
Author Huan Xu fully explored at depth d+2.
Author Dan Tu fully explored at depth d+2.
Author Johannes C. Müller fully explored at depth d+2.
Author Susanne Pape fully explored at depth d+2.
Author Andrea Peter fully explored at depth d+2.
Number of updates: 0
Number of authors to explore: 0
Graph saved to ../data/math.OC_collaboration_graph_20241028_214911.pkl
authors to explore 0, has running threads: 4
Author Jeffrey Christiansen fully explored at depth d+2.
Author Thomas Winter fully explored at depth d+2.
Author Jeffrey W. Pavelka fully explored at depth d+2.
Author Brian Dandurand fully explored at depth d+2.
Author Simranjit Kaur fully explored at depth d+2.
Author Andrew Eberhard fully explored at depth d+2.
Author Fabricio Oliveira fully explored at depth d+2.
Author Mitchell Harris fully explored at depth d+2.
Author Saman Eskandarzadeh fully explored at depth d+2.
Author Sogol Mohammadian fully explored at depth d+2.
Author Hamish Waterer fully explored at depth d+2.
Author Akshay Gupte fully explored at depth d+2.
Author Tomas Lidén fully explored at depth d+2.
Author Konrad Engel fully explored at depth d+2.
Author Martin W. P. Savelsbergh fully explored at depth d+2.
Author Nikhil Bansal fully explored at depth d+2.
Author Damon Wischik fully explored at depth d+2.
Author Youngseo Kim fully explored at depth d+2.
Author J. Carlos Martinez Mori fully explored at depth d+2.
Author Qi Luo fully explored at depth d+2.
Author Xiaotong Guo fully explored at depth d+2.
Author Ryan Weightman fully explored at depth d+2.
Author Mateo Diaz fully explored at depth d+2.
Author Emmanuel Trélat fully explored at depth d+2.
Author Sean T. McQuade fully explored at depth d+2.
Number of updates: 0
Number of authors to explore: 12
Graph saved to ../data/math.OC_collaboration_graph_20241028_214911.pkl
authors to explore 12, has running threads: 4
Author William Barbour fully explored at depth d+2.
Author Dan Work fully explored at depth d+2.
Author Chamsi Hssaine fully explored at depth d+2.
Author Siddhartha Banerjee fully explored at depth d+2.
Author Benedetto Piccoli fully explored at depth d+2.
Author Noémie Périvier fully explored at depth d+2.
Author Sebastien Blandin fully explored at depth d+2.
Author Prateek Bansal fully explored at depth d+2.
Author Ricardo Daziano fully explored at depth d+2.
Author Yang Liu fully explored at depth d+2.
Author David R. Wood fully explored at depth d+2.
Author Jordi Pereira fully explored at depth d+2.
Author Federico D'Onofrio fully explored at depth d+2.
Author Adam Bohn fully explored at depth d+2.
Author Yunhao Tang fully explored at depth d+2.
Author Shipra Agrawal fully explored at depth d+2.
Author Lingyi Zhang fully explored at depth d+2.
Author Laura Sanità fully explored at depth d+2.
Author Kanstantsin Pashkovich fully explored at depth d+2.
Number of updates: 0
Number of authors to explore: 10
Graph saved to ../data/math.OC_collaboration_graph_20241028_214911.pkl
authors to explore 10, has running threads: 4
Author Vissarion Fisikopoulos fully explored at depth d+2.
Author Gianpaolo Oriolo fully explored at depth d+2.
Author Clintin P. Davis-Stober fully explored at depth d+2.
Author Luca Ferrarini fully explored at depth d+2.
Author Claudia Snels fully explored at depth d+2.
Author Jean-Paul Doignon fully explored at depth d+2.
Author Michel Regenwetter fully explored at depth d+2.
Author François Glineur fully explored at depth d+2.
Author Abbas Bazzi fully explored at depth d+2.
Author Yuri Bogomolov fully explored at depth d+2.
Author Sangxia Huang fully explored at depth d+2.
Author Ola Svensson fully explored at depth d+2.
Author Aleksandr Maksimenko fully explored at depth d+2.
Author Antje Kiesel fully explored at depth d+2.
Author Celine Engelbeen fully explored at depth d+2.
Author Dirk Oliver Theis fully explored at depth d+2.
Author Daria Shaydurova fully explored at depth d+2.
Author Pauline Sarrabezolles fully explored at depth d+2.
Author Richard Z. Robinson fully explored at depth d+2.
Author Andreas Loos fully explored at depth d+2.
Author Rekha R. Thomas fully explored at depth d+2.
Number of updates: 0
Number of authors to explore: 9
Graph saved to ../data/math.OC_collaboration_graph_20241028_214911.pkl
authors to explore 9, has running threads: 4
Author Matthias Peinhardt fully explored at depth d+2.
Author Bernd Gärtner fully explored at depth d+2.
Author Fabrizio Grandoni fully explored at depth d+2.
Author Ruediger Stephan fully explored at depth d+2.
Author Rafael Mechtel fully explored at depth d+2.
Author Martin Skutella fully explored at depth d+2.
Author Micha Sharir fully explored at depth d+2.
Author Guenter M. Ziegler fully explored at depth d+2.
Author Raphael Mechtel fully explored at depth d+2.
Author Günter M. Ziegler fully explored at depth d+2.
Author Anja Remshagen fully explored at depth d+2.
Author Matteo Bergamaschi fully explored at depth d+2.
Author Andrea Cristofari fully explored at depth d+2.
Author Vyacheslav Kungurtsev fully explored at depth d+2.
Author Immanuel Bomze fully explored at depth d+2.
Author Damiano Zeffiro fully explored at depth d+2.
Author Youssef Diouane fully explored at depth d+2.
Author Luis Nunes Vicente fully explored at depth d+2.
Author Stefano Lucidi fully explored at depth d+2.
Author Enrico Bettiol fully explored at depth d+2.
Author Christoph Buchheim fully explored at depth d+2.
Number of updates: 0
Number of authors to explore: 9
Graph saved to ../data/math.OC_collaboration_graph_20241028_214911.pkl
authors to explore 9, has running threads: 4
Author Dominik Garmatter fully explored at depth d+2.
Author Martin Stoll fully explored at depth d+2.
Author Margherita Porcelli fully explored at depth d+2.
Author Tommaso Giovannelli fully explored at depth d+2.
Author Giampaolo Liuzzi fully explored at depth d+2.
Author Immanuel. M. Bomze fully explored at depth d+2.
Author Immanuel M. Bomze fully explored at depth d+2.
Author Mauro Passacantando fully explored at depth d+2.
Author Francesco Tudisco fully explored at depth d+2.
Author James T. Hungerford fully explored at depth d+2.
Author Lucas Létocart fully explored at depth d+2.
Author Long Trieu fully explored at depth d+2.
Author Emiliano Traversi fully explored at depth d+2.
Author Federico Battista fully explored at depth d+2.
Author Martina Cerulli fully explored at depth d+2.
Author Elisabeth Gaar fully explored at depth d+2.
Author Angelika Wiegele fully explored at depth d+2.
Author Franz Rendl fully explored at depth d+2.
Author Gerardo Berbeglia fully explored at depth d+2.
Author Juan S. Campos fully explored at depth d+2.
Author Shiqiang Zhang fully explored at depth d+2.
Number of updates: 0
Number of authors to explore: 11
Graph saved to ../data/math.OC_collaboration_graph_20241028_214911.pkl
authors to explore 11, has running threads: 4
Author Ruth Misener fully explored at depth d+2.
Author João Dionísio fully explored at depth d+2.
Author Ksenia Bestuzheva fully explored at depth d+2.
Author Jasper van Doornmalen fully explored at depth d+2.
Author Mohammed Ghannam fully explored at depth d+2.
Author Leon Eifler fully explored at depth d+2.
Author Tim Donkiewicz fully explored at depth d+2.
Author Christoph Graczyk fully explored at depth d+2.
Author Katrin Halbig fully explored at depth d+2.
Author Ivo Hedtke fully explored at depth d+2.
Author Alexander Hoen fully explored at depth d+2.
Author Rolf van der Hulst fully explored at depth d+2.
Author Kevin Kofler fully explored at depth d+2.
Author Dominik Kamp fully explored at depth d+2.
Author Jurgen Lentz fully explored at depth d+2.
Author Julian Manns fully explored at depth d+2.
Author Gioni Mexi fully explored at depth d+2.
Author Franziska Schlösser fully explored at depth d+2.
Author Erik Mühmer fully explored at depth d+2.
Author Yuji Shinano fully explored at depth d+2.
Author Dieter Weninger fully explored at depth d+2.
Author Stefan Vigerske fully explored at depth d+2.
Author Mark Turner fully explored at depth d+2.
Number of updates: 0
Number of authors to explore: 0
Graph saved to ../data/math.OC_collaboration_graph_20241028_214911.pkl
authors to explore 0, has running threads: 4
Author Lixing Xu fully explored at depth d+2.
Author Sten Wessel fully explored at depth d+2.
Author Frits Spieksma fully explored at depth d+2.
Author José Verschae fully explored at depth d+2.
Author Oliver Gaul fully explored at depth d+2.
Author Gerald Gamrath fully explored at depth d+2.
Author Marco Lübbecke fully explored at depth d+2.
Author Leona Gottwald fully explored at depth d+2.
Author Benjamin Müller fully explored at depth d+2.
Author Stephen J. Maher fully explored at depth d+2.
Author Frederic Matter fully explored at depth d+2.
Author Wei-Kun Chen fully explored at depth d+2.
Author Fabian Wegscheider fully explored at depth d+2.
Author Steffan Schlein fully explored at depth d+2.
Author Daniel Rehfeldt fully explored at depth d+2.
Author Philipp Wellner fully explored at depth d+2.
Author Danny Blom fully explored at depth d+2.
Number of updates: 0
Number of authors to explore: 0
Graph saved to ../data/math.OC_collaboration_graph_20241028_214911.pkl
authors to explore 0, has running threads: 4
Author Jakob Witzig fully explored at depth d+2.
Author Bart Smeulders fully explored at depth d+2.
Author Altan B. Kilic fully explored at depth d+2.
Author Alberto Ravagnani fully explored at depth d+2.
Author Roel Lambers fully explored at depth d+2.
Author Tom Verhoeff fully explored at depth d+2.
Author Stefano Coniglio fully explored at depth d+2.
Author Frits C. R. Spieksma fully explored at depth d+2.
Author Brittney Marsters fully explored at depth d+2.
Author Sahar Tahernejad fully explored at depth d+2.
Author Ted K. Ralphs fully explored at depth d+2.
Author Ted. K. Ralphs fully explored at depth d+2.
Author Daphne Skipper fully explored at depth d+2.
Author Gabriel Ponte fully explored at depth d+2.
Author Marcia Fampa fully explored at depth d+2.
Author Robert Streeck fully explored at depth d+2.
Author Jakob Nordström fully explored at depth d+2.
Author Torsten Gellert fully explored at depth d+2.
Author Shixuan Zhang fully explored at depth d+2.
Author Andreas Schmitt fully explored at depth d+2.
Author Asya Dipkaya fully explored at depth d+2.
Number of updates: 0
Number of authors to explore: 0
Graph saved to ../data/math.OC_collaboration_graph_20241028_214911.pkl
authors to explore 0, has running threads: 4
Author Vladimir Fux fully explored at depth d+2.
Author Tim Januschowski fully explored at depth d+2.
Author Matteo Francobaldi fully explored at depth d+2.
Author Jaap Pedersen fully explored at depth d+2.
Author Gregor Hendel fully explored at depth d+2.
Author Charlie Vanaret fully explored at depth d+2.
Author Stefan Heinz fully explored at depth d+2.
Author Peter J. Stuckey fully explored at depth d+2.
Author Tobias Achterberg fully explored at depth d+2.
Author Edward Lam fully explored at depth d+2.
Author Sander Borst fully explored at depth d+2.
Author Andy Oertel fully explored at depth d+2.
Author Jules Nicolas-Thouvenin fully explored at depth d+2.
Author Helena Völker fully explored at depth d+2.
Author Jonad Pulaj fully explored at depth d+2.
Author Daniel E. Steffy fully explored at depth d+2.
Author Tobias Weber fully explored at depth d+2.
Author Svenja Uslu fully explored at depth d+2.
Author Nils-Christian Kempke fully explored at depth d+2.
Author Robert Schwarz fully explored at depth d+2.
Author Stephen Maher fully explored at depth d+2.
Author João Pedro Pedroso fully explored at depth d+2.
Number of updates: 0
Number of authors to explore: 2
Graph saved to ../data/math.OC_collaboration_graph_20241028_214911.pkl
authors to explore 2, has running threads: 4
Author Fabio D'Andreagiovanni fully explored at depth d+2.
Author Kevin K. H. Cheung fully explored at depth d+2.
Author Isabel Beckenbach fully explored at depth d+2.
Author Andreas Grever fully explored at depth d+2.
Author Konstantin Fackeldey fully explored at depth d+2.
Author Marcus Weber fully explored at depth d+2.
Author Michael Winkler fully explored at depth d+2.
Author Georg Loho fully explored at depth d+2.
Author Chi Ho Yuen fully explored at depth d+2.
Author Yushan Qu fully explored at depth d+2.
Author Aled Williams fully explored at depth d+2.
Author Sean Kafer fully explored at depth d+2.
Author Weston Grewe fully explored at depth d+2.
Author Steffen Borgwardt fully explored at depth d+2.
Author Ivana Ljubić fully explored at depth d+2.
Author Hessa Al-Thani fully explored at depth d+2.
Author Kübra Tanınmış fully explored at depth d+2.
Author Rui Yao fully explored at depth d+2.
Number of updates: 0
Number of authors to explore: 2
Graph saved to ../data/math.OC_collaboration_graph_20241028_214911.pkl
authors to explore 2, has running threads: 4
Author Markus Sinnl fully explored at depth d+2.
Author Amélie Lambert fully explored at depth d+2.
Author Zhongzhu Chen fully explored at depth d+2.
Author Qi He fully explored at depth d+2.
Author Nicholas Crawford fully explored at depth d+2.
Author Drew Horton fully explored at depth d+2.
Author Tom Logan fully explored at depth d+2.
Author Han Yu fully explored at depth d+2.
Author Angela Morrison fully explored at depth d+2.
Author Joshua Murrell fully explored at depth d+2.
Author Omar El Housni fully explored at depth d+2.
Author Clifford Stein fully explored at depth d+2.
Author Vineet Goyal fully explored at depth d+2.
Author Omar Besbes fully explored at depth d+2.
Author Omar Mouchtaki fully explored at depth d+2.
Author Calum MacRury fully explored at depth d+2.
Author Santiago R. Balseiro fully explored at depth d+2.
Author Billy Jin fully explored at depth d+2.
Author Elaheh Fata fully explored at depth d+2.
Author David Simchi-Levi fully explored at depth d+2.
Author Wenxin Zhang fully explored at depth d+2.
Number of updates: 0
Number of authors to explore: 2
Graph saved to ../data/math.OC_collaboration_graph_20241028_214911.pkl
authors to explore 2, has running threads: 4
Author Ross Anderson fully explored at depth d+2.
Author Christian Tjandraatmadja fully explored at depth d+2.
Author Ethan Che fully explored at depth d+2.
Author Jing Dong fully explored at depth d+2.
Author Jingwei Zhang fully explored at depth d+2.
Author Kwok Pui Choi fully explored at depth d+2.
Author Neil K. Chada fully explored at depth d+2.
Author Enzio Hai Hong Kam fully explored at depth d+2.
Author Tze Leung Lai fully explored at depth d+2.
Author Weng Kee Wong fully explored at depth d+2.
Author Claudia Schillings fully explored at depth d+2.
Author Simon Weissmann fully explored at depth d+2.
Author Xihua Zhu fully explored at depth d+2.
Author Andrew M. Stuart fully explored at depth d+2.
Author Jinyan Fan fully explored at depth d+2.
Number of updates: 0
Number of authors to explore: 0
Graph saved to ../data/math.OC_collaboration_graph_20241028_214911.pkl
authors to explore 0, has running threads: 4
Author Anbang Liu fully explored at depth d+2.
Author Mikhail A. Bragin fully explored at depth d+2.
Author Mo Liu fully explored at depth d+2.
Author Xiaohong Guan fully explored at depth d+2.
Author Chen Ma fully explored at depth d+2.
Author Can Chen fully explored at depth d+2.
Number of updates: 0
Number of authors to explore: 0
Graph saved to ../data/math.OC_collaboration_graph_20241028_214911.pkl
authors to explore 0, has running threads: 4
Author Zixuan Liu fully explored at depth d+2.
Author Yining Wang fully explored at depth d+2.
Author Guojun Zhang fully explored at depth d+2.
Author Xue Liu fully explored at depth d+2.
Author Saber Malekmohammadi fully explored at depth d+2.
Author Zishuo Zhao fully explored at depth d+2.
Author Tianyi Lin fully explored at depth d+2.
Author Yaoliang Yu fully explored at depth d+2.
Number of updates: 0
Number of authors to explore: 12
Graph saved to ../data/math.OC_collaboration_graph_20241028_214911.pkl
authors to explore 12, has running threads: 4
Author Xuan Di fully explored at depth d+2.
Author Kuang Huang fully explored at depth d+2.
Author Shuzhong Zhang fully explored at depth d+2.
Author Qiang Du fully explored at depth d+2.
Author Anton J. Kleywegt fully explored at depth d+2.
Author Rui Gao fully explored at depth d+2.
Author Zhengxuan Ling fully explored at depth d+2.
Author Xinyu Tao fully explored at depth d+2.
Author Xuefeng Zhang fully explored at depth d+2.
Number of updates: 0
Number of authors to explore: 1
Graph saved to ../data/math.OC_collaboration_graph_20241028_214911.pkl
authors to explore 1, has running threads: 4
Author Qihang Lin fully explored at depth d+2.
Author Yasin Abbasi-Yadkori fully explored at depth d+2.
Author Guanglin Xu fully explored at depth d+2.
Author Alan Malek fully explored at depth d+2.
Author Peter L. Bartlett fully explored at depth d+2.
Author Tengyu Ma fully explored at depth d+2.
Author Zizhuo Wang fully explored at depth d+2.
Author Chen Yuan fully explored at depth d+2.
Number of updates: 0
Number of authors to explore: 4
Graph saved to ../data/math.OC_collaboration_graph_20241028_214911.pkl
authors to explore 4, has running threads: 4
Author Yu Zhang fully explored at depth d+2.
Author Guangyi Liu fully explored at depth d+2.
Author Mahesh S. Illindala fully explored at depth d+2.
Author Dengyong Zhou fully explored at depth d+2.
Author Jaime G. Carbonell fully explored at depth d+2.
Author Seyoung Kim fully explored at depth d+2.
Author Eric P. Xing fully explored at depth d+2.
Number of updates: 0
Number of authors to explore: 7
Graph saved to ../data/math.OC_collaboration_graph_20241028_214911.pkl
authors to explore 7, has running threads: 4
Author Jiewen Guan fully explored at depth d+2.
Author Haodong Hu fully explored at depth d+2.
Number of updates: 0
Number of authors to explore: 0
Graph saved to ../data/math.OC_collaboration_graph_20241028_214911.pkl
authors to explore 0, has running threads: 4
Author Jiayi Guo fully explored at depth d+2.
Author Zhiwei Wang fully explored at depth d+2.
Author Zhening Li fully explored at depth d+2.
Author Jiawei Zhang fully explored at depth d+2.
Author Zi Ling fully explored at depth d+2.
Author Yifan Feng fully explored at depth d+2.
Author Shengyu Cao fully explored at depth d+2.
Author Zhi-Quan Luo fully explored at depth d+2.
Author Jiawang Nie fully explored at depth d+2.
Number of updates: 0
Number of authors to explore: 32
Graph saved to ../data/math.OC_collaboration_graph_20241028_214911.pkl
authors to explore 32, has running threads: 4
Author Zhen Wang fully explored at depth d+2.
Author Yicheng Liu fully explored at depth d+2.
Author Jiageng Wu fully explored at depth d+2.
Author Jianhua Yuan fully explored at depth d+2.
Author Meng Xu fully explored at depth d+2.
Author Ya-Feng Liu fully explored at depth d+2.
Author Xinxin Li fully explored at depth d+2.
Author Anthony Man-Cho So fully explored at depth d+2.
Author Ziyan He fully explored at depth d+2.
Author Yunkai Jia fully explored at depth d+2.
Author Hongpei Li fully explored at depth d+2.
Author Dongdong Ge fully explored at depth d+2.
Author Chang He fully explored at depth d+2.
Number of updates: 0
Number of authors to explore: 0
Graph saved to ../data/math.OC_collaboration_graph_20241028_214911.pkl
authors to explore 0, has running threads: 4
Author Zhaoye Pan fully explored at depth d+2.
Author Xiang Huang fully explored at depth d+2.
Author Han Zhang fully explored at depth d+2.
Author Chenyu Xue fully explored at depth d+2.
Author Yuntian Jiang fully explored at depth d+2.
Author Chuwen Zhang fully explored at depth d+2.
Author Xiao Wang fully explored at depth d+2.
Author Qi Deng fully explored at depth d+2.
Author Yinyu Ye fully explored at depth d+2.
Author Wenzhi Gao fully explored at depth d+2.
Author Qing Feng fully explored at depth d+2.
Number of updates: 0
Number of authors to explore: 0
Graph saved to ../data/math.OC_collaboration_graph_20241028_214911.pkl
authors to explore 0, has running threads: 4
Author Xilai Fan fully explored at depth d+2.
Author Wenqiang Pu fully explored at depth d+2.
Author Ziyu Huang fully explored at depth d+2.
Author Tianhao Liu fully explored at depth d+2.
Author Mingjie Shao fully explored at depth d+2.
Author Yu-Hong Dai fully explored at depth d+2.
Author Zheyu Wu fully explored at depth d+2.
Author Yumin Ma fully explored at depth d+2.
Author Jingsong Liu fully explored at depth d+2.
Author Xingju Cai fully explored at depth d+2.
Author Deren Han fully explored at depth d+2.
Author Peipei Tang fully explored at depth d+2.
Number of updates: 0
Number of authors to explore: 0
Graph saved to ../data/math.OC_collaboration_graph_20241028_214911.pkl
authors to explore 0, has running threads: 4
Author Yan Gu fully explored at depth d+2.
Author Chenglong Bao fully explored at depth d+2.
Author Ruichen Jiang fully explored at depth d+2.
Author Chengjing Wang fully explored at depth d+2.
Author Zaiwen Wen fully explored at depth d+2.
Author Jiang Hu fully explored at depth d+2.
Author Shiqian Ma fully explored at depth d+2.
Author Xiaojun Chen fully explored at depth d+2.
Author Lin Lin fully explored at depth d+2.
Author Taoran Fu fully explored at depth d+2.
Author Yaxiang Yuan fully explored at depth d+2.
Author Daniel Espinoza fully explored at depth d+2.
Author Fan Yang fully explored at depth d+2.
Number of updates: 0
Number of authors to explore: 5
Graph saved to ../data/math.OC_collaboration_graph_20241028_214911.pkl
authors to explore 5, has running threads: 4
Author Marcos Goycoolea fully explored at depth d+2.
Author Daoli Zhu fully explored at depth d+2.
Author Eduardo Moreno fully explored at depth d+2.
Author Orlando Rivera fully explored at depth d+2.
Author Lei Zhao fully explored at depth d+2.
Author Joong-Ho Won fully explored at depth d+2.
Author Casey Garner fully explored at depth d+2.
Author Xing Fan fully explored at depth d+2.
Author Gilad Lerman fully explored at depth d+2.
Author Feng Yu fully explored at depth d+2.
Author Tyler Maunu fully explored at depth d+2.
Author Hua Zhou fully explored at depth d+2.
Author Linbo Qiao fully explored at depth d+2.
Author Jiashi Feng fully explored at depth d+2.
Author Yunpeng Shi fully explored at depth d+2.
Author Amit Singer fully explored at depth d+2.
Author Ignacio Rios fully explored at depth d+2.
Author Federico Bobbio fully explored at depth d+2.
Number of updates: 0
Number of authors to explore: 1
Graph saved to ../data/math.OC_collaboration_graph_20241028_214911.pkl
authors to explore 1, has running threads: 4
Author Yi Yang fully explored at depth d+2.
Author Alfredo Torrico fully explored at depth d+2.
Author Nagisa Sugishita fully explored at depth d+2.
Author Bofeng Zhang fully explored at depth d+2.
Author Ribal Atallah fully explored at depth d+2.
Author Maria Bazotte fully explored at depth d+2.
Author Roberto Cordone fully explored at depth d+2.
Author Alberto Boggio Tomasaz fully explored at depth d+2.
Author Pierre Hosteins fully explored at depth d+2.
Author Sanjay Dominik Jena fully explored at depth d+2.
Author Warley Almeida Silva fully explored at depth d+2.
Author Thibaut Vidal fully explored at depth d+2.
Author Quang Minh Bui fully explored at depth d+2.
Author Aloïs Duguet fully explored at depth d+2.
Author Sandra Ulrich Ngueveu fully explored at depth d+2.
Author José Neto fully explored at depth d+2.
Author Miguel F. Anjos fully explored at depth d+2.
Author Pierre-Luc Parent fully explored at depth d+2.
Author Steven Lamontagne fully explored at depth d+2.
Author Alison Caulfield fully explored at depth d+2.
Author Bernard Gendron fully explored at depth d+2.
Author Adrian Vetta fully explored at depth d+2.
Author Yi Lin fully explored at depth d+2.
Author William St-Arnaud fully explored at depth d+2.
Author Golnoosh Farnadi fully explored at depth d+2.
Author Caroline Leboeuf fully explored at depth d+2.
Author Benoît Thierry fully explored at depth d+2.
Author Yan Kestens fully explored at depth d+2.
Number of updates: 0
Number of authors to explore: 0
Graph saved to ../data/math.OC_collaboration_graph_20241028_214911.pkl
authors to explore 0, has running threads: 4
Author Carl Perreault-Lafleur fully explored at depth d+2.
Author Guy Desaulniers fully explored at depth d+2.
Author Guy Wolf fully explored at depth d+2.
Author Mostafa ElAraby fully explored at depth d+2.
Author Haimin Hu fully explored at depth d+2.
Author Kaiqu Liang fully explored at depth d+2.
Author Bartolomeo Stellato fully explored at depth d+2.
Author Zixu Zhang fully explored at depth d+2.
Author Amine Boukhtouta fully explored at depth d+2.
Author Jaime F. Fisac fully explored at depth d+2.
Author Mehdi Taobane fully explored at depth d+2.
Author Stefan Clarke fully explored at depth d+2.
Author Federico Della Croce fully explored at depth d+2.
Author Jaime Fernández Fisac fully explored at depth d+2.
Author Rosario Scatamacchia fully explored at depth d+2.
Author Bart van Rossum fully explored at depth d+2.
Author Rosario Messana fully explored at depth d+2.
Author Natthawut Boonsiriphatthanajaroen fully explored at depth d+2.
Author Nikhil Garg fully explored at depth d+2.
Author Marouane Ibn Brahim fully explored at depth d+2.
Author Theo Barre fully explored at depth d+2.
Author Hugo Mainguy fully explored at depth d+2.
Author Neil Yorke-Smith fully explored at depth d+2.
Author Danny Segev fully explored at depth d+2.
Author Karen Aardal fully explored at depth d+2.
Author Defeng Liu fully explored at depth d+2.
Author Jiaqi Liang fully explored at depth d+2.
Author Krunal Kishor Patel fully explored at depth d+2.
Author Fotios Petropoulos fully explored at depth d+2.
Author Gilbert Laporte fully explored at depth d+2.
Author Emel Aktas fully explored at depth d+2.
Number of updates: 0
Number of authors to explore: 0
Graph saved to ../data/math.OC_collaboration_graph_20241028_214911.pkl
authors to explore 0, has running threads: 4
Author Sibel A. Alumur fully explored at depth d+2.
Author Hayriye Ayhan fully explored at depth d+2.
Author Claudia Archetti fully explored at depth d+2.
Author Maria Battarra fully explored at depth d+2.
Author Julia A. Bennell fully explored at depth d+2.
Author Jean-Marie Bourjolly fully explored at depth d+2.
Author John E. Boylan fully explored at depth d+2.
Author Michèle Breton fully explored at depth d+2.
Author David Canca fully explored at depth d+2.
Author Louis Anthony Cox Jr fully explored at depth d+2.
Author Cihan Tugrul Cicek fully explored at depth d+2.
Author Christine S. M. Currie fully explored at depth d+2.
Author Erik Demeulemeester fully explored at depth d+2.
Author Stephen M. Disney fully explored at depth d+2.
Author Matthias Ehrgott fully explored at depth d+2.
Author Bo Chen fully explored at depth d+2.
Author Li Ding fully explored at depth d+2.
Author Martin J. Eppler fully explored at depth d+2.
Author Güneş Erdoğan fully explored at depth d+2.
Number of updates: 0
Number of authors to explore: 0
Graph saved to ../data/math.OC_collaboration_graph_20241028_214911.pkl
authors to explore 0, has running threads: 4
Author L. Alberto Franco fully explored at depth d+2.
Author Jens Frische fully explored at depth d+2.
Author Bernard Fortz fully explored at depth d+2.
Author Amanda J. Gregory fully explored at depth d+2.
Author Raimo P. Hämäläinen fully explored at depth d+2.
Author Willy Herroelen fully explored at depth d+2.
Author Jan Holmström fully explored at depth d+2.
Author Mike Hewitt fully explored at depth d+2.
Author Tuğçe Işık fully explored at depth d+2.
Author Jill Johnes fully explored at depth d+2.
Author Salvatore Greco fully explored at depth d+2.
Author John N. Hooker fully explored at depth d+2.
Author Özlem Karsu fully explored at depth d+2.
Author Bahar Y. Kara fully explored at depth d+2.
Author Katherine Kent fully explored at depth d+2.
Author Charlotte Köhler fully explored at depth d+2.
Author Martin Kunc fully explored at depth d+2.
Author Yong-Hong Kuo fully explored at depth d+2.
Author Judit Lienert fully explored at depth d+2.
Number of updates: 0
Number of authors to explore: 0
Graph saved to ../data/math.OC_collaboration_graph_20241028_214911.pkl
authors to explore 0, has running threads: 4
Author Janny Leung fully explored at depth d+2.
Author Adam N. Letchford fully explored at depth d+2.
Author Sebastián Lozano fully explored at depth d+2.
Author Dong Li fully explored at depth d+2.
Author Virginie Lurkin fully explored at depth d+2.
Author Silvano Martello fully explored at depth d+2.
Author Haitao Li fully explored at depth d+2.
Author Ian G. McHale fully explored at depth d+2.
Author John D. W. Morecroft fully explored at depth d+2.
Author Gerald Midgley fully explored at depth d+2.
Author Akshay Mutha fully explored at depth d+2.
Author Harilaos N. Psaraftis fully explored at depth d+2.
Author Ceyda Oğuz fully explored at depth d+2.
Author Sanja Petrovic fully explored at depth d+2.
Author Ulrich Pferschy fully explored at depth d+2.
Author Lauri Saarinen fully explored at depth d+2.
Author Said Salhi fully explored at depth d+2.
Author Jing-Sheng Song fully explored at depth d+2.
Author Sam Rose fully explored at depth d+2.
Author Kathryn E. Stecke fully explored at depth d+2.
Author Arne K. Strauss fully explored at depth d+2.
Author Dimitrios Sotiros fully explored at depth d+2.
Author İstenç Tarhan fully explored at depth d+2.
Number of updates: 0
Number of authors to explore: 0
Graph saved to ../data/math.OC_collaboration_graph_20241028_214911.pkl
authors to explore 0, has running threads: 4
Author Paolo Toth fully explored at depth d+2.
Author Greet Vanden Berghe fully explored at depth d+2.
Author Christos Vasilakis fully explored at depth d+2.
Author Vikrant Vaze fully explored at depth d+2.
Author Daniele Vigo fully explored at depth d+2.
Author Kai Virtanen fully explored at depth d+2.
Author Rafał Weron fully explored at depth d+2.
Author Leroy White fully explored at depth d+2.
Author Clemens Thielen fully explored at depth d+2.
Author Mike Yearworth fully explored at depth d+2.
Author E. Alper Yıldırım fully explored at depth d+2.
Author Tom Van Woensel fully explored at depth d+2.
Number of updates: 0
Number of authors to explore: 17
Graph saved to ../data/math.OC_collaboration_graph_20241028_214911.pkl
authors to explore 17, has running threads: 4
Author Georges Zaccour fully explored at depth d+2.
Author Roberto Roberti fully explored at depth d+2.
Author Markus Leitner fully explored at depth d+2.
Author Claudio Sole fully explored at depth d+2.
Author Matteo Cacciola fully explored at depth d+2.
Author Freddy Lecue fully explored at depth d+2.
Author Antonio Frangioni fully explored at depth d+2.
Author Prateek Gupta fully explored at depth d+2.
Author Didier Chetélat fully explored at depth d+2.
Author Xuying Zhao fully explored at depth d+2.
Author Vincent Perreault fully explored at depth d+2.
Author Alain Hertz fully explored at depth d+2.
Number of updates: 0
Number of authors to explore: 0
Graph saved to ../data/math.OC_collaboration_graph_20241028_214911.pkl
authors to explore 0, has running threads: 4
Author Mouad Morabit fully explored at depth d+2.
Author M. Pawan Kumar fully explored at depth d+2.
Author Petar Veličković fully explored at depth d+2.
Author Feng Yang Chen fully explored at depth d+2.
Author Andreas M. Tillmann fully explored at depth d+2.
Author Xun Wang fully explored at depth d+2.
Author Alexandra Schwartz fully explored at depth d+2.
Author Dounia Lakhmiri fully explored at depth d+2.
Author Eric Larsen fully explored at depth d+2.
Author Dominique Orban fully explored at depth d+2.
Author Sanae Lotfi fully explored at depth d+2.
Author Tiphaine Bonniot de Ruisselet fully explored at depth d+2.
Author Simon Lacoste-Julien fully explored at depth d+2.
Author Sébastien Lachapelle fully explored at depth d+2.
Author Leandro R. Costa fully explored at depth d+2.
Author Daniel Aloise fully explored at depth d+2.
Number of updates: 0
Number of authors to explore: 0
Graph saved to ../data/math.OC_collaboration_graph_20241028_214911.pkl
authors to explore 0, has running threads: 4
Author Luca G. Gianoli fully explored at depth d+2.
Author Léa Ricard fully explored at depth d+2.
Author Louis-Martin Rousseau fully explored at depth d+2.
Author Xinlin Li fully explored at depth d+2.
Author Mathieu Tanneau fully explored at depth d+2.
Author Philip Brooks fully explored at depth d+2.
Author Teng Huang fully explored at depth d+2.
Author Arvind U. Raghunathan fully explored at depth d+2.
Author Luca Mossina fully explored at depth d+2.
Author Nicola Ferroni fully explored at depth d+2.
Author Emmanuel Rachelson fully explored at depth d+2.
Author Oscar Guaje fully explored at depth d+2.
Author Arnaud Deza fully explored at depth d+2.
Author Connor Johnston fully explored at depth d+2.
Author Egon Balas fully explored at depth d+2.
Author Selvaprabu Nadarajah fully explored at depth d+2.
Author Somayeh Shamsi fully explored at depth d+2.
Author François Margot fully explored at depth d+2.
Author Andreas Ernst fully explored at depth d+2.
Author Ahmad Kazemi fully explored at depth d+2.
Author Mohan Krishnamoorthy fully explored at depth d+2.
Author Daniel Anderson fully explored at depth d+2.
Author Kerri Morgan fully explored at depth d+2.
Author George L. Nemhauser fully explored at depth d+2.
Author Sebastián Cea-Echenique fully explored at depth d+2.
Author Pía Amigo fully explored at depth d+2.
Author Raphaël M. Jungers fully explored at depth d+2.
Number of updates: 0
Number of authors to explore: 25
Graph saved to ../data/math.OC_collaboration_graph_20241028_214911.pkl
authors to explore 25, has running threads: 4
Author P. -A. Absil fully explored at depth d+2.
Author Maben Rabi fully explored at depth d+2.
Author Zheming Wang fully explored at depth d+2.
Author Fulvio Forni fully explored at depth d+2.
Author Yurii Nesterov fully explored at depth d+2.
Author Martin Fränzle fully explored at depth d+2.
Author Dejin Ren fully explored at depth d+2.
Author Wanli Lu fully explored at depth d+2.
Author Qiuye Wang fully explored at depth d+2.
Author Jidong Lv fully explored at depth d+2.
Number of updates: 0
Number of authors to explore: 0
Graph saved to ../data/math.OC_collaboration_graph_20241028_214911.pkl
authors to explore 0, has running threads: 4
Author Wanwei Liu fully explored at depth d+2.
Author Lijun Zhang fully explored at depth d+2.
Author Ji Wang fully explored at depth d+2.
Author Yangjia Li fully explored at depth d+2.
Author Bardh Hoxha fully explored at depth d+2.
Author Mitchell Black fully explored at depth d+2.
Author Hengjun Zhao fully explored at depth d+2.
Author Dimitra Panagou fully explored at depth d+2.
Author Hardik Parwana fully explored at depth d+2.
Author Jiang Liu fully explored at depth d+2.
Author Hideki Okamoto fully explored at depth d+2.
Author Houssam Abbas fully explored at depth d+2.
Number of updates: 0
Number of authors to explore: 0
Graph saved to ../data/math.OC_collaboration_graph_20241028_214911.pkl
authors to explore 0, has running threads: 4
Author Tristan Deleu fully explored at depth d+2.
Author Danil Prokhorov fully explored at depth d+2.
Author Razvan Pascanu fully explored at depth d+2.
Author Yann Dauphin fully explored at depth d+2.
Author Caglar Gulcehre fully explored at depth d+2.
Author Kenji Kawaguchi fully explored at depth d+2.
Author Surya Ganguli fully explored at depth d+2.
Author Kyunghyun Cho fully explored at depth d+2.
Author Charly Robinson La Rocca fully explored at depth d+2.
Author Jean-François Cordeau fully explored at depth d+2.
Author Abhilash Chenreddy fully explored at depth d+2.
Author Robin Legault fully explored at depth d+2.
Author Utsav Sadana fully explored at depth d+2.
Author Alexandre Forel fully explored at depth d+2.
Author Erick Delage fully explored at depth d+2.
Author Serge Bisaillon fully explored at depth d+2.
Author Erik Nygren fully explored at depth d+2.
Author Christian Eichenberger fully explored at depth d+2.
Author David Pinzon fully explored at depth d+2.
Number of updates: 0
Number of authors to explore: 0
Graph saved to ../data/math.OC_collaboration_graph_20241028_214911.pkl
authors to explore 0, has running threads: 4
Author Sobhan Mohammadpour fully explored at depth d+2.
Author Greta Laage fully explored at depth d+2.
Author Mel T. Devine fully explored at depth d+2.
Author Gilles Savard fully explored at depth d+2.
Author Kerstin Dächert fully explored at depth d+2.
Author Steven A. Gabriel fully explored at depth d+2.
Author Javier Saez-Gallego fully explored at depth d+2.
Author Mehdi Madani fully explored at depth d+2.
Author Juan Miguel Morales fully explored at depth d+2.
Author Mathieu Van Vyve fully explored at depth d+2.
Author Daniel Huppmann fully explored at depth d+2.
Author Carlos Ruiz fully explored at depth d+2.
Author Antoine Girard fully explored at depth d+2.
Author Seonho Park fully explored at depth d+2.
Author Wenbo Chen fully explored at depth d+2.
Number of updates: 0
Number of authors to explore: 1
Graph saved to ../data/math.OC_collaboration_graph_20241028_214911.pkl
authors to explore 1, has running threads: 4
Author Pascal Van Hentenryck fully explored at depth d+2.
Author Neil Barry fully explored at depth d+2.
Author Minas Chatzos fully explored at depth d+2.
Author Roshan Joseph fully explored at depth d+2.
Author Michael Klamkin fully explored at depth d+2.
Author Chaofan Huang fully explored at depth d+2.
Author Haoruo Zhao fully explored at depth d+2.
Author Philip Amortila fully explored at depth d+2.
Author Shangkun Wang fully explored at depth d+2.
Author Hanyu Zhang fully explored at depth d+2.
Author Dylan J. Foster fully explored at depth d+2.
Author Akshay Krishnamurthy fully explored at depth d+2.
Author Tengyang Xie fully explored at depth d+2.
Author Zakaria Mhammedi fully explored at depth d+2.
Author Haoyu Geng fully explored at depth d+2.
Number of updates: 0
Number of authors to explore: 0
Graph saved to ../data/math.OC_collaboration_graph_20241028_214911.pkl
authors to explore 0, has running threads: 4
Author Yu Bai fully explored at depth d+2.
Author Sham M. Kakade fully explored at depth d+2.
Author Hang Ruan fully explored at depth d+2.
Author Jiawei Huang fully explored at depth d+2.
Author Runzhong Wang fully explored at depth d+2.
Author Junchi Yan fully explored at depth d+2.
Author Lei Chen fully explored at depth d+2.
Author Yang Li fully explored at depth d+2.
Author Baiwei Guo fully explored at depth d+2.
Author Giancarlo Ferrari-Trecate fully explored at depth d+2.
Author Hao Dai fully explored at depth d+2.
Author Yuning Jiang fully explored at depth d+2.
Author Jiashu Wu fully explored at depth d+2.
Author Maryam Kamgarpour fully explored at depth d+2.
Author Zhiying Tu fully explored at depth d+2.
Number of updates: 0
Number of authors to explore: 0
Graph saved to ../data/math.OC_collaboration_graph_20241028_214911.pkl
authors to explore 0, has running threads: 4
Author Yuxuan Han fully explored at depth d+2.
Author Zhipeng Liang fully explored at depth d+2.
Author Zhicong Liang fully explored at depth d+2.
Author Yuan Yao fully explored at depth d+2.
Author Roland Glowinski fully explored at depth d+2.
Author Huibin Chang fully explored at depth d+2.
Author Stefano Marchesini fully explored at depth d+2.
Author Xue-cheng Tai fully explored at depth d+2.
Author Tieyong Zeng fully explored at depth d+2.
Author Jianfeng Cai fully explored at depth d+2.
Author Meng Huang fully explored at depth d+2.
Author Jiheng Zhang fully explored at depth d+2.
Author Francesco Topputo fully explored at depth d+2.
Author Bing Gao fully explored at depth d+2.
Author Xinjun Dong fully explored at depth d+2.
Author Jian-Feng Cai fully explored at depth d+2.
Author Dan Li fully explored at depth d+2.
Author Haixia Liu fully explored at depth d+2.
Author Audun Botterud fully explored at depth d+2.
Author Runze Chen fully explored at depth d+2.
Author Levent Tunçel fully explored at depth d+2.
Number of updates: 0
Number of authors to explore: 0
Graph saved to ../data/math.OC_collaboration_graph_20241028_214911.pkl
authors to explore 0, has running threads: 4
Author Georgios Stathopoulos fully explored at depth d+2.
Author Tamás Keviczky fully explored at depth d+2.
Author Bradley Sturt fully explored at depth d+2.
Author Hongbin Sun fully explored at depth d+2.
Author Stephen A. Vavasis fully explored at depth d+2.
Number of updates: 0
Number of authors to explore: 9
Graph saved to ../data/math.OC_collaboration_graph_20241028_214911.pkl
authors to explore 9, has running threads: 4
Author Qing Ye fully explored at depth d+2.
Author Zhuangzhuang Jia fully explored at depth d+2.
Author Grani A. Hanasusanto fully explored at depth d+2.
Author Phebe Vayanos fully explored at depth d+2.
Author Xinwei Deng fully explored at depth d+2.
Number of updates: 0
Number of authors to explore: 0
Graph saved to ../data/math.OC_collaboration_graph_20241028_214911.pkl
authors to explore 0, has running threads: 4
Author Andres Gomez fully explored at depth d+2.
Author William R. Strahl fully explored at depth d+2.
Author Yanfeng Ouyang fully explored at depth d+2.
Author Carlos J. Nohra fully explored at depth d+2.
Author Chrysanthos E. Gounaris fully explored at depth d+2.
Author Satyajith Amaran fully explored at depth d+2.
Author Bikram Sharda fully explored at depth d+2.
Author Zhi Chen fully explored at depth d+2.
Author Scott J. Bury fully explored at depth d+2.
Author Daniel Turizo fully explored at depth d+2.
Number of updates: 0
Number of authors to explore: 2
Graph saved to ../data/math.OC_collaboration_graph_20241028_214911.pkl
authors to explore 2, has running threads: 4
Author Anton Leykin fully explored at depth d+2.
Author Jie Zhang fully explored at depth d+2.
Author Daniel K. Molzahn fully explored at depth d+2.
Author Jan Draisma fully explored at depth d+2.
Author Annachiara Korchmaros fully explored at depth d+2.
Author Oskar Henriksson fully explored at depth d+2.
Author Arnesh Sujanani fully explored at depth d+2.
Author Kaie Kubjas fully explored at depth d+2.
Author Sameer Agarwal fully explored at depth d+2.
Author Corey Harris fully explored at depth d+2.
Author Thomas Kahle fully explored at depth d+2.
Author Ankur Moitra fully explored at depth d+2.
Author Renato D. C. Monteiro fully explored at depth d+2.
Author Honglin Yuan fully explored at depth d+2.
Author Bernd Sturmfels fully explored at depth d+2.
Author Rongjie Lai fully explored at depth d+2.
Number of updates: 0
Number of authors to explore: 0
Graph saved to ../data/math.OC_collaboration_graph_20241028_214911.pkl
authors to explore 0, has running threads: 4
Author Yunhe Hou fully explored at depth d+2.
Author Ogun Yurdakul fully explored at depth d+2.
Author Pablo Parrilo fully explored at depth d+2.
Author Sahin Albayrak fully explored at depth d+2.
Number of updates: 0
Number of authors to explore: 1
Graph saved to ../data/math.OC_collaboration_graph_20241028_214911.pkl
authors to explore 1, has running threads: 4
Number of updates: 0
Number of authors to explore: 0
Graph saved to ../data/math.OC_collaboration_graph_20241028_214911.pkl
authors to explore 0, has running threads: 4
Number of updates: 0
Number of authors to explore: 0
Graph saved to ../data/math.OC_collaboration_graph_20241028_214911.pkl
authors to explore 0, has running threads: 4
Author Yujia Li fully explored at depth d+2.
Author Jianzhe Liu fully explored at depth d+2.
Author Yixuan Chen fully explored at depth d+2.
Author Yichen Zhang fully explored at depth d+2.
Author Antonio J. Conejo fully explored at depth d+2.
Author Bahar Çavdar fully explored at depth d+2.
Author Qie He fully explored at depth d+2.
Author Bai Cui fully explored at depth d+2.
Author Xiaonan Lu fully explored at depth d+2.
Author Chen Chen fully explored at depth d+2.
Author Yushi Tan fully explored at depth d+2.
Author Bowen Li fully explored at depth d+2.
Author Payman Arabshahi fully explored at depth d+2.
Author Arindam K. Das fully explored at depth d+2.
Author Daniel S. Kirschen fully explored at depth d+2.
Author Linwei Xin fully explored at depth d+2.
Author Peijie Li fully explored at depth d+2.
Author Junjian Qi fully explored at depth d+2.
Author Hua Wei fully explored at depth d+2.
Author Jianhui Wang fully explored at depth d+2.
Number of updates: 0
Number of authors to explore: 10
Graph saved to ../data/math.OC_collaboration_graph_20241028_214911.pkl
authors to explore 10, has running threads: 4
Author Xiaoqing Bai fully explored at depth d+2.
Author Wei Wei fully explored at depth d+2.
Author Carlos M. Correa-Posada fully explored at depth d+2.
Author Feng Liu fully explored at depth d+2.
Author Shengwei Mei fully explored at depth d+2.
Author Shunbo Lei fully explored at depth d+2.
Author Akshit Goyal fully explored at depth d+2.
Author Rabia Taşpınar fully explored at depth d+2.
Author Mohit Tawarmalani fully explored at depth d+2.
Author Jinhak Kim fully explored at depth d+2.
Author Mosayeb Jalilian fully explored at depth d+2.
Author Bahar Cennet Okumusoglu fully explored at depth d+2.
Author Deniz Tuncer fully explored at depth d+2.
Author Beste Basciftci fully explored at depth d+2.
Author Sezen Ece Kayacık fully explored at depth d+2.
Number of updates: 0
Number of authors to explore: 0
Graph saved to ../data/math.OC_collaboration_graph_20241028_214911.pkl
authors to explore 0, has running threads: 4
Author Tuğçe Yüksel fully explored at depth d+2.
Author Willem-Jan van Hoeve fully explored at depth d+2.
Number of updates: 0
Number of authors to explore: 0
Graph saved to ../data/math.OC_collaboration_graph_20241028_214911.pkl
authors to explore 0, has running threads: 4
Author Sven Leyffer fully explored at depth d+2.
Author Matt Menickelly fully explored at depth d+2.
Author Joshua Bergerson fully explored at depth d+2.
Author Lawrence Paul Lewis fully explored at depth d+2.
Author Kibaek Kim fully explored at depth d+2.
Author John-Paul Clarke fully explored at depth d+2.
Author Jared L. Gearhart fully explored at depth d+2.
Author Bryan Arguello fully explored at depth d+2.
Author Alexandre Velloso fully explored at depth d+2.
Number of updates: 0
Number of authors to explore: 0
Graph saved to ../data/math.OC_collaboration_graph_20241028_214911.pkl
authors to explore 0, has running threads: 4
Author Benjamin Grimmer fully explored at depth d+2.
Author Alex L. Wang fully explored at depth d+2.
Author Santanu Dey fully explored at depth d+2.
Author Carsten Matke fully explored at depth d+2.
Author Akshay Ramachandran fully explored at depth d+2.
Author Paprapee Buason fully explored at depth d+2.
Author Sidhant Misra fully explored at depth d+2.
Author Kaarthik Sundar fully explored at depth d+2.
Author Andrew Mastin fully explored at depth d+2.
Author Shuoguang Yang fully explored at depth d+2.
Number of updates: 0
Number of authors to explore: 3
Graph saved to ../data/math.OC_collaboration_graph_20241028_214911.pkl
authors to explore 3, has running threads: 4
Author Cheng Wang fully explored at depth d+2.
Author Manuel Garcia fully explored at depth d+2.
Author Russell Bent fully explored at depth d+2.
Author Anya Castillo fully explored at depth d+2.
Author Carl D. Laird fully explored at depth d+2.
Author Jianfeng Liu fully explored at depth d+2.
Author Bolun Xu fully explored at depth d+2.
Author Yury Dvorkin fully explored at depth d+2.
Author Ricardo Fernandez-Blanco fully explored at depth d+2.
Author Cesar A. Silva-Monroy fully explored at depth d+2.
Author Zhaomiao Guo fully explored at depth d+2.
Author Yishen Wang fully explored at depth d+2.
Author C. A. Silva-Monroy fully explored at depth d+2.
Author Neng Fan fully explored at depth d+2.
Author Richard Li-Yang Chen fully explored at depth d+2.
Author Cosmin Safta fully explored at depth d+2.
Author Richard L. -Y. Chen fully explored at depth d+2.
Author Habib N. Najm fully explored at depth d+2.
Author Nagi Gebraeel fully explored at depth d+2.
Author Ali Pinar fully explored at depth d+2.
Author Mohamed El Tonbari fully explored at depth d+2.
Author Guanghui Lan fully explored at depth d+2.
Author Siqian Shen fully explored at depth d+2.
Author Chuanhou Gao fully explored at depth d+2.
Author Filipe Goulart Cabral fully explored at depth d+2.
Author Bernardo Freitas Paulo da Costa fully explored at depth d+2.
Number of updates: 0
Number of authors to explore: 0
Graph saved to ../data/math.OC_collaboration_graph_20241028_214911.pkl
authors to explore 0, has running threads: 4
Author Zhe Zhang fully explored at depth d+2.
Author Zeyang Zhang fully explored at depth d+2.
Author Ali Irfan Mahmutogullari fully explored at depth d+2.
Author Ozlem Cavus fully explored at depth d+2.
Author George Nemhauser fully explored at depth d+2.
Author M. Selim Akturk fully explored at depth d+2.
Author Matthew Repasky fully explored at depth d+2.
Number of updates: 0
Number of authors to explore: 0
Graph saved to ../data/math.OC_collaboration_graph_20241028_214911.pkl
authors to explore 0, has running threads: 4
Author Xiuyuan Cheng fully explored at depth d+2.
Author Jianfeng Lu fully explored at depth d+2.
Author Shi Li fully explored at depth d+2.
Author He Wang fully explored at depth d+2.
Author Jie Wang fully explored at depth d+2.
Author Yixin Tan fully explored at depth d+2.
Number of updates: 0
Number of authors to explore: 0
Graph saved to ../data/math.OC_collaboration_graph_20241028_214911.pkl
authors to explore 0, has running threads: 4
Author Hanyang Jiang fully explored at depth d+2.
Author Andreas Krause fully explored at depth d+2.
Author Alexander W. Bukharin fully explored at depth d+2.
Number of updates: 0
Number of authors to explore: 0
Graph saved to ../data/math.OC_collaboration_graph_20241028_214911.pkl
authors to explore 0, has running threads: 4
Author Le Lu fully explored at depth d+2.
Author Cyrus Hettle fully explored at depth d+2.
Author Shixiang Zhu fully explored at depth d+2.
Author Raul Garcia fully explored at depth d+2.
Author Daniel Kuhn fully explored at depth d+2.
Author Yifan Hu fully explored at depth d+2.
Author Illya V. Hicks fully explored at depth d+2.
Author Bochuan Lyu fully explored at depth d+2.
Author Thiago Serra fully explored at depth d+2.
Number of updates: 0
Number of authors to explore: 13
Graph saved to ../data/math.OC_collaboration_graph_20241028_214911.pkl
authors to explore 13, has running threads: 4
Author Calvin Tsay fully explored at depth d+2.
Author Liyan Xie fully explored at depth d+2.
Author Tu Anh-Nguyen fully explored at depth d+2.
Author Hossein Esfandiari fully explored at depth d+2.
Author Iain Dunning fully explored at depth d+2.
Author Erling D. Andersen fully explored at depth d+2.
Author Lea Kapelevich fully explored at depth d+2.
Author Chris Coey fully explored at depth d+2.
Author Vahab Mirrokni fully explored at depth d+2.
Author Theodore Papalexopoulos fully explored at depth d+2.
Author Ilias Zadik fully explored at depth d+2.
Author David Belanger fully explored at depth d+2.
Author Emre Yamangil fully explored at depth d+2.
Author Sina Modaresi fully explored at depth d+2.
Author Shuvomoy Das Gupta fully explored at depth d+2.
Author Mustafa R. Kılınç fully explored at depth d+2.
Author Adrien Taylor fully explored at depth d+2.
Author Xu Andy Sun fully explored at depth d+2.
Author Matthew Brun fully explored at depth d+2.
Author Amin Gholami fully explored at depth d+2.
Author Kaizhao Sun fully explored at depth d+2.
Author Ignacio Aravena fully explored at depth d+2.
Author Shenyinying Tu fully explored at depth d+2.
Number of updates: 0
Number of authors to explore: 2
Graph saved to ../data/math.OC_collaboration_graph_20241028_214911.pkl
authors to explore 2, has running threads: 4
Author Cosmin G. Petra fully explored at depth d+2.
Author Andreas Wächter fully explored at depth d+2.
Author Ermin Wei fully explored at depth d+2.
Author Elizabeth Wong fully explored at depth d+2.
Author Stephen T. Elbert fully explored at depth d+2.
Author Jesse T. Holzer fully explored at depth d+2.
Author Arun Veeramany fully explored at depth d+2.
Author Alvaro Lorca fully explored at depth d+2.
Author Logan R. Matthews fully explored at depth d+2.
Author Akhilesh Soni fully explored at depth d+2.
Author Daniel Pimentel-Alarcon fully explored at depth d+2.
Author Jim Luedtke fully explored at depth d+2.
Author Zhichao Ma fully explored at depth d+2.
Author Jonas Schweiger fully explored at depth d+2.
Author Hongbo Dong fully explored at depth d+2.
Number of updates: 0
Number of authors to explore: 0
Graph saved to ../data/math.OC_collaboration_graph_20241028_214911.pkl
authors to explore 0, has running threads: 4
Author Youngdae Kim fully explored at depth d+2.
Author Kun Chen fully explored at depth d+2.
Author Site Wang fully explored at depth d+2.
Author Carlos Deck fully explored at depth d+2.
Author Ramsey Rossmann fully explored at depth d+2.
Author Julie Bessac fully explored at depth d+2.
Author Michael Ferris fully explored at depth d+2.
Author Alper Atamturk fully explored at depth d+2.
Author Mihai Anitescu fully explored at depth d+2.
Author Mitchell Krock fully explored at depth d+2.
Author Rohit Kannan fully explored at depth d+2.
Author Line Roald fully explored at depth d+2.
Author Güzin Bayraksan fully explored at depth d+2.
Author Eli Towle fully explored at depth d+2.
Author Jagdish Ramakrishnan fully explored at depth d+2.
Number of updates: 0
Number of authors to explore: 0
Graph saved to ../data/math.OC_collaboration_graph_20241028_214911.pkl
authors to explore 0, has running threads: 4
Author Danish Kashaev fully explored at depth d+2.
Author Zhuan Khye Koh fully explored at depth d+2.
Author Wenbo Shi fully explored at depth d+2.
Author Dan Mikulincer fully explored at depth d+2.
Author Gilles Bonnet fully explored at depth d+2.
Number of updates: 0
Number of authors to explore: 0
Graph saved to ../data/math.OC_collaboration_graph_20241028_214911.pkl
authors to explore 0, has running threads: 4
Author Uri Grupel fully explored at depth d+2.
Author Galyna Livshyts fully explored at depth d+2.
Author Xavier Allamigeon fully explored at depth d+2.
Author Na Li fully explored at depth d+2.
Author Samarth Tiwari fully explored at depth d+2.
Author Xin Chen fully explored at depth d+2.
Author Ali Shojaie fully explored at depth d+2.
Author Neil Olver fully explored at depth d+2.
Author Hasan Manzour fully explored at depth d+2.
Number of updates: 0
Number of authors to explore: 0
Graph saved to ../data/math.OC_collaboration_graph_20241028_214911.pkl
authors to explore 0, has running threads: 4
Author Linchuan Wei fully explored at depth d+2.
Author Merve Merakli fully explored at depth d+2.
Author Birce Tezel fully explored at depth d+2.
Author Qimeng Yu fully explored at depth d+2.
Author Nilay Noyan fully explored at depth d+2.
Author Hao-Hsiang Wu fully explored at depth d+2.
Author Hsin-Yi Huang fully explored at depth d+2.
Author Xiao Liu fully explored at depth d+2.
Number of updates: 0
Number of authors to explore: 0
Graph saved to ../data/math.OC_collaboration_graph_20241028_214911.pkl
authors to explore 0, has running threads: 4
Number of updates: 0
Number of authors to explore: 0
Graph saved to ../data/math.OC_collaboration_graph_20241028_214911.pkl
authors to explore 0, has running threads: 4
Number of updates: 0
Number of authors to explore: 0
Graph saved to ../data/math.OC_collaboration_graph_20241028_214911.pkl
authors to explore 0, has running threads: 4
Number of updates: 0
Number of authors to explore: 0
Graph saved to ../data/math.OC_collaboration_graph_20241028_214911.pkl
authors to explore 0, has running threads: 4
Number of updates: 0
Number of authors to explore: 0
Graph saved to ../data/math.OC_collaboration_graph_20241028_214911.pkl
authors to explore 0, has running threads: 4
Number of updates: 0
Number of authors to explore: 0
Graph saved to ../data/math.OC_collaboration_graph_20241028_214911.pkl
authors to explore 0, has running threads: 4
Number of updates: 0
Number of authors to explore: 0
Graph saved to ../data/math.OC_collaboration_graph_20241028_214911.pkl
authors to explore 0, has running threads: 4
Number of updates: 0
Number of authors to explore: 0
Graph saved to ../data/math.OC_collaboration_graph_20241028_214911.pkl
authors to explore 0, has running threads: 4
Number of updates: 0
Number of authors to explore: 0
Graph saved to ../data/math.OC_collaboration_graph_20241028_214911.pkl
authors to explore 0, has running threads: 4
Number of updates: 0
Number of authors to explore: 0
Graph saved to ../data/math.OC_collaboration_graph_20241028_214911.pkl
authors to explore 0, has running threads: 4
Number of updates: 0
Number of authors to explore: 0
Graph saved to ../data/math.OC_collaboration_graph_20241028_214911.pkl
authors to explore 0, has running threads: 4
Number of updates: 0
Number of authors to explore: 0
Graph saved to ../data/math.OC_collaboration_graph_20241028_214911.pkl
authors to explore 0, has running threads: 4
Number of updates: 0
Number of authors to explore: 0
Graph saved to ../data/math.OC_collaboration_graph_20241028_214911.pkl
authors to explore 0, has running threads: 4
Number of updates: 0
Number of authors to explore: 0
Graph saved to ../data/math.OC_collaboration_graph_20241028_214911.pkl
authors to explore 0, has running threads: 4
Number of updates: 0
Number of authors to explore: 0
Graph saved to ../data/math.OC_collaboration_graph_20241028_214911.pkl
authors to explore 0, has running threads: 4
