nohup: ignoring input
Expanding collaboration graph...
Author Dave Stroud fully explored.
Author Robert Hildebrand fully explored.
Author Marcelo Fiori fully explored.
Author Ning Ye fully explored.
Author Neil Tenenholtz fully explored.
Author Vinay S. Raghavan fully explored.
Author Jean M. Vettel fully explored.
Author Bernd Bickel fully explored.
Author Victor Sanh fully explored.
Author Michael I. Miller fully explored.
Author Jason Yim fully explored.
Author Mona Henle fully explored.
Author Madanlal Musuvathi fully explored.
Author Sambit Panda fully explored.
Author Mark Larson fully explored.
Author Ricky Hu fully explored.
Author Michael Joswig fully explored.
Author Chen Wang fully explored.
Author Patrick Martin fully explored.
Author Da Zheng fully explored.
Author Eric Diffenderfer fully explored.
Author Tyler L. Hayes fully explored.
Author Michael Hütel fully explored.
Author Yang Liu fully explored.
Author Indranil Sur fully explored.
Author Christopher D. Hsu fully explored.
Author Sichen Yang fully explored.
Author Julia Linhart fully explored.
Author Raef Bassily fully explored.
Author Nick Erickson fully explored.
Author Ota Yoshiaki fully explored.
Author Michał Pilipczuk fully explored.
Author Michael Eickenberg fully explored.
Author Mahoud Khademi fully explored.
Author Ignacio Arganda-Carreras fully explored.
Author Dee Ann Reisinger fully explored.
Author Ivan Ezhov fully explored.
Author S. S. Ravi fully explored.
Author Denis-Alexander Engemann fully explored.
Number of updates: 39
Number of authors to explore: 0
Graph saved to ../data/test_graph_expand.pkl
Author Zijin Gu fully explored.Number of updates: 39

Number of authors to explore: 8
Graph saved to ../data/test_graph_expand.pkl
Author Robert Hickingbotham fully explored.
Author Doina Precup fully explored.
Author Fanyang Yu fully explored.
Author Pierrick J. Arnal fully explored.
Author Snehal Prabhudesai fully explored.
Author Stewart H. Mostofsky fully explored.
Author Yingrong Wang fully explored.
Author Lukas Zhornyak fully explored.
Author Barbara Langfeld fully explored.
Author Sivaraman Balakrishnan fully explored.
Author Dan M. Popescu fully explored.
Author Tiffany Y So fully explored.
Author Fernando Amat Gil fully explored.
Author Fabio Y Moraes fully explored.
Author Anna Choromanska fully explored.
Author William C. Duong fully explored.
Author Jeff W. Lichtman fully explored.
Author Prateek Prasanna fully explored.
Author Nadav Merlis fully explored.
Author Aapeli Vuorinen fully explored.
Author Kaze W. K. Wong fully explored.
Author Tyrrell B. McAllister fully explored.
Author László A. Végh fully explored.
Author Jean Gallier fully explored.
Author Christian Kümmerle fully explored.
Author Tom Polk fully explored.
Author Alexander New fully explored.
Author Michał Zając fully explored.
Author Mao Yasueda fully explored.
Author Suyash Mohan fully explored.
Author Shabbir Ahmed fully explored.
Author David A. Cox fully explored.
Author Xingxing Zhang fully explored.
Author Rugile Pevceviciute fully explored.
Author Todd Gureckis fully explored.
Author Matthew Botvinick fully explored.
Author Peng Cui fully explored.
Author Antonio Macchia fully explored.
Author Ashesh D. Mehta fully explored.
Author Ralph Etienne-Cummings fully explored.
Author Simon Richard fully explored.
Author Sandra Di Rocco fully explored.
Author Matteo Marchi fully explored.
Author Günter M. Ziegler fully explored.
Author Kaustubh Sridhar fully explored.
Author Jiahang Xu fully explored.
Author Sebastian Hitziger fully explored.
Author Mojan Javaheripi fully explored.
Author Davin Jeong fully explored.
Author Sebastian Dziadzio fully explored.
Author Mohammad Hamghalam fully explored.
Author Lola B Chambless fully explored.
Author Lingjie Liu fully explored.
Author Oliver Brock fully explored.
Author Marko Radmilac fully explored.
Author Wolfgang Bogner fully explored.
Author Qixuang Feng fully explored.
Author Yicong Li fully explored.
Author Sayan Ghosal fully explored.
Author Ronojoy Adhikari fully explored.
Author Katherine Hobgood fully explored.
Author Ambroise Odonnat fully explored.
Author Amit Bahree fully explored.
Author Jean-Christophe Loiseau fully explored.
Author Honggang Zhang fully explored.
Author Ekin Ergen fully explored.
Author Jacob Berg fully explored.
Author Vincent Cheung fully explored.
Author Ammar Ahmad Awan fully explored.
Author Lingyao Meng fully explored.
Author Stylianos Bakas fully explored.
Author Michael Kearns fully explored.
Author Yoon Seong Choi fully explored.
Author Hao Chen fully explored.
Author Zeyu Huang fully explored.
Author Dion Gijswijt fully explored.
Author Matija Bucić fully explored.
Author Amitis Shidani fully explored.
Author James R. Lee fully explored.
Author Tyler M. Tomita fully explored.
Author Ziyu Zhao fully explored.
Author Andrew Li fully explored.
Author Omar Larré fully explored.
Author Bryan Allen fully explored.
Author Celine Vachon fully explored.
Author Charlotte Caucheteux fully explored.
Author Neeraj Kumar fully explored.
Author Carson James fully explored.
Author Ian J. Barnett fully explored.
Author Nicolas Bonifas fully explored.
Author Matthew Gormley fully explored.
Author Michael Santacroce fully explored.
Author Megan M. Baker fully explored.
Author Vishnu Bashyam fully explored.
Author Guillaume Staerman fully explored.
Author Ryan Kaliszewski fully explored.
Author Daniel Cahill fully explored.
Author Weiran Wang fully explored.
Author Stefanos Zafeiriou fully explored.
Author Bowen Wen fully explored.Number of updates: 139
Number of authors to explore: 27

Graph saved to ../data/test_graph_expand.pkl
Author Santhosh K. Ramakrishnan fully explored.
Author Markus Wulfmeier fully explored.
Author Heydy Franco-Maldonado fully explored.
Author Ana Abello fully explored.
Author Jianing Qian fully explored.
Author Chaokun Chang fully explored.
Author Joost W Schouten fully explored.
Author Rodney Brooks fully explored.
Author Alice Li fully explored.
Author William E Bishop fully explored.
Author Qin Cai fully explored.
Author Ming Sun fully explored.
Author Kevin K. H. Cheung fully explored.
Author Donglai Wei fully explored.
Author Zeqi Lin fully explored.
Author Tiffany Y. Chen fully explored.
Author Fei Lu fully explored.
Author Kapil Katyal fully explored.
Author Adam Norton fully explored.
Author Philippe Ciuciu fully explored.
Number of updates: 159
Number of authors to explore: 11
Graph saved to ../data/test_graph_expand.pkl
Author Hao Yang fully explored.
Author Javier Villanueva-Meyer fully explored.
Author Brian Cheung fully explored.
Author Stefano Pasquali fully explored.
Author Jose Bernal fully explored.
Author Vernon J. Lawhern fully explored.
Author Haibin Lin fully explored.
Author Robert Dick fully explored.
Author Gal Mishne fully explored.
Author Haoran Zhu fully explored.
Author Patrick Foley fully explored.
Author Ali Yahya fully explored.
Author Zhaoran Wang fully explored.
Author Theodore Lee fully explored.
Author Martin Lehmann fully explored.
Author Rahaf Aljundi fully explored.
Author Frederik Ebert fully explored.
Author Olli Saarikivi fully explored.
Author Loic Matthey fully explored.
Number of updates: 179
Number of authors to explore: 212
Graph saved to ../data/test_graph_expand.pkl
Number of updates: 179
Number of authors to explore: 211
Graph saved to ../data/test_graph_expand.pkl
Number of updates: 179
Number of authors to explore: 210
Graph saved to ../data/test_graph_expand.pkl
Number of updates: 179
Number of authors to explore: 209
Graph saved to ../data/test_graph_expand.pkl
Number of updates: 179
Number of authors to explore: 208
Graph saved to ../data/test_graph_expand.pkl
Number of updates: 179
Number of authors to explore: 207
Graph saved to ../data/test_graph_expand.pkl
Number of updates: 179
Number of authors to explore: 206
Graph saved to ../data/test_graph_expand.pkl
Number of updates: 179
Number of authors to explore: 205
Graph saved to ../data/test_graph_expand.pkl
Number of updates: 179
Number of authors to explore: 204
Graph saved to ../data/test_graph_expand.pkl
Number of updates: 179
Number of authors to explore: 203
Graph saved to ../data/test_graph_expand.pkl
Number of updates: 179
Number of authors to explore: 202
Graph saved to ../data/test_graph_expand.pkl
Number of updates: 179
Number of authors to explore: 201
Graph saved to ../data/test_graph_expand.pkl
Number of updates: 179
Number of authors to explore: 200
Graph saved to ../data/test_graph_expand.pkl
Number of updates: 179
Number of authors to explore: 199
Graph saved to ../data/test_graph_expand.pkl
Number of updates: 179
Number of authors to explore: 198
Graph saved to ../data/test_graph_expand.pkl
Number of updates: 179
Number of authors to explore: 197
Graph saved to ../data/test_graph_expand.pkl
Number of updates: 179
Number of authors to explore: 196
Graph saved to ../data/test_graph_expand.pkl
Number of updates: 179
Number of authors to explore: 195
Graph saved to ../data/test_graph_expand.pkl
Number of updates: 179
Number of authors to explore: 194
Graph saved to ../data/test_graph_expand.pkl
Number of updates: 179
Number of authors to explore: 193
Graph saved to ../data/test_graph_expand.pkl
Number of updates: 179
Number of authors to explore: 192
Graph saved to ../data/test_graph_expand.pkl
Number of updates: 179
Number of authors to explore: 191
Graph saved to ../data/test_graph_expand.pkl
Number of updates: 179
Number of authors to explore: 190
Graph saved to ../data/test_graph_expand.pkl
Number of updates: 179
Number of authors to explore: 189
Graph saved to ../data/test_graph_expand.pkl
Number of updates: 179
Number of authors to explore: 188
Graph saved to ../data/test_graph_expand.pkl
Number of updates: 179
Number of authors to explore: 187
Graph saved to ../data/test_graph_expand.pkl
Number of updates: 179
Number of authors to explore: 186
Graph saved to ../data/test_graph_expand.pkl
Number of updates: 179
Number of authors to explore: 185
Graph saved to ../data/test_graph_expand.pkl
Number of updates: 179
Number of authors to explore: 184
Graph saved to ../data/test_graph_expand.pkl
Number of updates: 179
Number of authors to explore: 183
Graph saved to ../data/test_graph_expand.pkl
Number of updates: 179
Number of authors to explore: 182
Graph saved to ../data/test_graph_expand.pkl
Number of updates: 179
Number of authors to explore: 181
Graph saved to ../data/test_graph_expand.pkl
Number of updates: 179
Number of authors to explore: 180
Graph saved to ../data/test_graph_expand.pkl
Number of updates: 179
Number of authors to explore: 179
Graph saved to ../data/test_graph_expand.pkl
Number of updates: 179
Number of authors to explore: 178
Graph saved to ../data/test_graph_expand.pkl
Number of updates: 179
Number of authors to explore: 177
Graph saved to ../data/test_graph_expand.pkl
Number of updates: 179
Number of authors to explore: 176
Graph saved to ../data/test_graph_expand.pkl
Number of updates: 179
Number of authors to explore: 175
Graph saved to ../data/test_graph_expand.pkl
Number of updates: 179
Author Nikos Karampatziakis fully explored.
Number of authors to explore: 206
Graph saved to ../data/test_graph_expand.pkl
Author Simon Vary fully explored.
Author Kevin Leyton-Brown fully explored.
Author Aranyak Acharyya fully explored.
Author John Chin fully explored.
Author Xu Yuan fully explored.
Author Markus Brill fully explored.
Author Yen-Chun Chen fully explored.
Author Klaus Maier-Hein fully explored.
Author Will Kritzer fully explored.
Author Matthew Stallone fully explored.
Author Jianbo Shi fully explored.
Author Martina Juhnke-Kubitzke fully explored.
Author Egor Levchenko fully explored.
Author Christopher A. Metzler fully explored.
Author Philipp Zschoche fully explored.
Author Eric Caudron fully explored.
Author Joseph J. Lim fully explored.
Author Jierui Lin fully explored.
Author Flore Sentenac fully explored.
Author Chuan Wen fully explored.
Author Lior Gishboliner fully explored.
Author Fang Han fully explored.
Author Arslan Chaudhry fully explored.
Author Aly Abayazeed fully explored.
Author Chaitra Badve fully explored.
Author Weilin Wan fully explored.
Author Peng Zhen fully explored.
Author Daiwei Chen fully explored.
Author Eeshan Gunesh Dhekane fully explored.
Author Herwig Wendt fully explored.
Author Jean Cardinal fully explored.
Author Amber L Simpson fully explored.
Author Cristobal Mendoza fully explored.
Author George H. Chen fully explored.
Author Dimitrios A. Adamos fully explored.
Author Elizabeth Munch fully explored.
Author Haochen Yang fully explored.
Author Oliver Dukes fully explored.
Author Zhenzi Li fully explored.
Author Mainak Jas fully explored.
Author Tobias Harks fully explored.
Author Jan Michálek fully explored.
Author Guillermo Sapiro fully explored.
Author Gian Antonio Susto fully explored.
Author Christian Rupprecht fully explored.
Author Mohammad Ariful Haque fully explored.
Author Mohsen Bayati fully explored.
Author Evan D. Calabrese fully explored.
Author Xuxi Chen fully explored.
Author Dushyant Rao fully explored.
Author Lixuan Che fully explored.
Author Donniell Fishkind fully explored.
Author Erik Peterson fully explored.
Author Felix Berkenkamp fully explored.
Author William K. Allard fully explored.
Author Torsten Ueckerdt fully explored.
Author Seth Berkowitz fully explored.
Author Oriol Vinyals fully explored.
Author Martin Koutecký fully explored.
Author Siva Kailas fully explored.Number of updates: 239

Number of authors to explore: 11
Graph saved to ../data/test_graph_expand.pkl
Author Jason Milionis fully explored.
Author Antoine Gerbaud fully explored.
Author Mateo Wirth fully explored.
Author Yuankai Huo fully explored.
Author Andy Zeng fully explored.
Author Yikang Shen fully explored.
Author Micha Sharir fully explored.
Author Joseph Paillard fully explored.
Author Kevin Hendrey fully explored.
Author Benjamin Maloon fully explored.
Author Juntang Zhuang fully explored.
Author Mario Aguilar-Simon fully explored.
Author Kushal Kafle fully explored.
Author Richard G. Baraniuk fully explored.
Author Henry F. J. Tregidgo fully explored.
Author En Lai fully explored.
Author Elvis Ríos fully explored.
Author Jared Markowitz fully explored.
Author Benjamin Moseley fully explored.
Number of updates: 259
Number of authors to explore: 31
Graph saved to ../data/test_graph_expand.pkl
Number of updates: 259
Number of authors to explore: 30
Graph saved to ../data/test_graph_expand.pkl
Number of updates: 259
Number of authors to explore: 29
Graph saved to ../data/test_graph_expand.pkl
Number of updates: 259
Number of authors to explore: 28
Graph saved to ../data/test_graph_expand.pkl
Number of updates: 259
Number of authors to explore: 27
Graph saved to ../data/test_graph_expand.pkl
Number of updates: 259
Number of authors to explore: 26
Graph saved to ../data/test_graph_expand.pkl
Number of updates: 259
Number of authors to explore: 25
Graph saved to ../data/test_graph_expand.pkl
Number of updates: 259
Number of authors to explore: 24
Graph saved to ../data/test_graph_expand.pkl
Number of updates: 259
Number of authors to explore: 23
Graph saved to ../data/test_graph_expand.pkl
Number of updates: 259
Number of authors to explore: 22
Graph saved to ../data/test_graph_expand.pkl
Number of updates: 259
Number of authors to explore: 21
Graph saved to ../data/test_graph_expand.pkl
Number of updates: 259
Number of authors to explore: 20
Graph saved to ../data/test_graph_expand.pkl
Number of updates: 259
Number of authors to explore: 19
Graph saved to ../data/test_graph_expand.pkl
Number of updates: 259
Number of authors to explore: 18
Graph saved to ../data/test_graph_expand.pkl
Number of updates: 259
Number of authors to explore: 17
Graph saved to ../data/test_graph_expand.pkl
Number of updates: 259
Number of authors to explore: 16
Graph saved to ../data/test_graph_expand.pkl
Number of updates: 259
Number of authors to explore: 15
Graph saved to ../data/test_graph_expand.pkl
Number of updates: 259
Number of authors to explore: 14
Graph saved to ../data/test_graph_expand.pkl
Number of updates: 259
Number of authors to explore: 13
Graph saved to ../data/test_graph_expand.pkl
Number of updates: 259
Number of authors to explore: 12
Graph saved to ../data/test_graph_expand.pkl
Number of updates: 259
Number of authors to explore: 11
Graph saved to ../data/test_graph_expand.pkl
Number of updates: 259
Number of authors to explore: 10
Graph saved to ../data/test_graph_expand.pkl
Number of updates: 259
Number of authors to explore: 9
Graph saved to ../data/test_graph_expand.pkl
Number of updates: 259
Number of authors to explore: 8
Graph saved to ../data/test_graph_expand.pkl
Number of updates: 259
Number of authors to explore: 7
Graph saved to ../data/test_graph_expand.pkl
Number of updates: 259
Number of authors to explore: 6
Graph saved to ../data/test_graph_expand.pkl
Number of updates: 259
Number of authors to explore: 5
Graph saved to ../data/test_graph_expand.pkl
Number of updates: 259
Number of authors to explore: 4
Graph saved to ../data/test_graph_expand.pkl
Number of updates: 259
Number of authors to explore: 3
Graph saved to ../data/test_graph_expand.pkl
Number of updates: 259
Number of authors to explore: 2
Graph saved to ../data/test_graph_expand.pkl
Number of updates: 259
Number of authors to explore: 1
Graph saved to ../data/test_graph_expand.pkl
Number of updates: 259
Number of authors to explore: 0
Graph saved to ../data/test_graph_expand.pkl
Author Vissarion Fisikopoulos fully explored.Number of updates: 259

Number of authors to explore: 2
Graph saved to ../data/test_graph_expand.pkl
Author Jinzhe Jiang fully explored.
Author Canwen Xu fully explored.
Author Weiran Cai fully explored.
Author Hicham Janati fully explored.
Author Xia Song fully explored.
Author Andreas Müller fully explored.
Author Anastasia Yendiki fully explored.
Author Lingxin Hao fully explored.
Author Bjoern Menze fully explored.
Author Yao Liu fully explored.
Author Akshitkumar Mistry fully explored.
Author Nathaniel D. Bastian fully explored.
Author Kyle Dunovan fully explored.
Author Tsubasa Minematsu fully explored.
Author Muhammad Abdul-Mageed fully explored.
Author Alexandre Abraham fully explored.
Author Devin Kwok fully explored.
Author Xiaobo Pang fully explored.
Author Bogdan Nicolae fully explored.
Number of updates: 279
Number of authors to explore: 0
Graph saved to ../data/test_graph_expand.pkl
Author Marc E. Pfetsch fully explored.
Number of updates: 279
Number of authors to explore: 7
Graph saved to ../data/test_graph_expand.pkl
Author James Gee fully explored.
Author Cédric Allain fully explored.
Author Nikolaus Kriegeskorte fully explored.
Author Haoxuan Li fully explored.
Author Kun Huang fully explored.
Author Gregg Kammerer fully explored.
Author Sophia Elia fully explored.
Author Lukas Katthän fully explored.
Author Johannes Slotboom fully explored.
Author Charlotte Knierim fully explored.
Author Shuang Li fully explored.
Author Flávia Sprenger fully explored.
Author Luis Unzueta fully explored.
Author Enrique Pelaez fully explored.
Author David M. Blei fully explored.
Author Çağatay Yıldız fully explored.
Author Paramveer S. Dhillon fully explored.
Author Irina Gaynanova fully explored.
Author Nathan Srebro fully explored.
Author Benjamin M Ellingson fully explored.
Author Olatunji Ruwase fully explored.
Author Yannis Panagakis fully explored.
Author Sana Tfaili fully explored.
Author Shuvendu K. Lahiri fully explored.
Author Steven Truitt fully explored.
Author Kyle Vedder fully explored.
Author Pan Li fully explored.
Author Murat Ak fully explored.
Author Vasileios Panagiotopoulos fully explored.
Author Dotun Oyekunle fully explored.
Author John Harer fully explored.
Author Nishant Oli fully explored.
Author Arman Koul fully explored.
Author Christoph H. Lampert fully explored.
Author Stefano Vigogna fully explored.
Author Iyad A. Kanj fully explored.
Author Carmen Dragos fully explored.
Author Tobias Weiss fully explored.
Author Sarit Kraus fully explored.
Number of updates: 319
Number of authors to explore: 66
Graph saved to ../data/test_graph_expand.pkl
Number of updates: 319
Number of authors to explore: 65
Graph saved to ../data/test_graph_expand.pkl
Number of updates: 319
Number of authors to explore: 64
Graph saved to ../data/test_graph_expand.pkl
Number of updates: 319
Number of authors to explore: 63
Graph saved to ../data/test_graph_expand.pkl
Number of updates: 319
Number of authors to explore: 62
Graph saved to ../data/test_graph_expand.pkl
Number of updates: 319
Number of authors to explore: 61
Graph saved to ../data/test_graph_expand.pkl
Number of updates: 319
Number of authors to explore: 60
Graph saved to ../data/test_graph_expand.pkl
Number of updates: 319
Number of authors to explore: 59
Graph saved to ../data/test_graph_expand.pkl
Number of updates: 319
Number of authors to explore: 58
Graph saved to ../data/test_graph_expand.pkl
Number of updates: 319
Number of authors to explore: 57
Graph saved to ../data/test_graph_expand.pkl
Number of updates: 319
Number of authors to explore: 56
Graph saved to ../data/test_graph_expand.pkl
Number of updates: 319
Number of authors to explore: 55
Graph saved to ../data/test_graph_expand.pkl
Number of updates: 319
Number of authors to explore: 54
Graph saved to ../data/test_graph_expand.pkl
Number of updates: 319
Number of authors to explore: 53
Graph saved to ../data/test_graph_expand.pkl
Number of updates: 319
Number of authors to explore: 52
Graph saved to ../data/test_graph_expand.pkl
Number of updates: 319
Author Yunlong Mao fully explored.Number of authors to explore: 55

Graph saved to ../data/test_graph_expand.pkl
Author Pim de Haan fully explored.
Author Marc-Andre Schulz fully explored.
Author Brian Wheatman fully explored.
Author Ali Mahmoudzadeh fully explored.
Author Vlad Niculae fully explored.
Author Maria Dimakopoulou fully explored.
Author Takayuki Iguchi fully explored.
Author Guangliang Chen fully explored.
Author Jyoti Aneja fully explored.
Author Karen Seymour fully explored.
Author Praveen Pilly fully explored.
Author Vikash Kumar fully explored.
Author Ana Pinho fully explored.
Author R. Sundaram fully explored.
Author Rogelio E. Cardona-Rivera fully explored.
Author Masahiro Tanaka fully explored.
Author Claas A Voelcker fully explored.
Author Kieran Milan fully explored.
Author Sayar Karmakar fully explored.
Author Karol Hausman fully explored.Number of updates: 339

Number of authors to explore: 49
Graph saved to ../data/test_graph_expand.pkl
Author Jean Kossaifi fully explored.
Author Ambuj Tewari fully explored.
Author Joshua Agterberg fully explored.
Author Marc Kaufmann fully explored.
Author Jiazhong Chen fully explored.
Author Wei-Chung Lee fully explored.
Author Chandan Ganesh Bangalore Yogananda fully explored.
Author Robbert Struyven fully explored.
Author Qiuna Tan fully explored.
Author Viktor Rozgic fully explored.
Author Ilker Yildirim fully explored.
Author Shixia Liu fully explored.
Author Adrian Li fully explored.
Author Hiteshi Sharma fully explored.
Author Andrzej Banburski fully explored.
Author Kuk Jin Jang fully explored.
Author Josep Puig fully explored.
Author Jia Wan fully explored.
Author Adrian V. Dalca fully explored.
Author Zenna Tavares fully explored.Number of updates: 359

Number of authors to explore: 6
Graph saved to ../data/test_graph_expand.pkl
Author Sam Payne fully explored.
Author Natasha Jaques fully explored.
Author Elfar Adalsteinsson fully explored.
Author Yihang Qiu fully explored.
Author Keegan Go fully explored.
Author Samyak Jha fully explored.
Author Tamás Mészáros fully explored.
Author Ilarion V. Melnikov fully explored.
Author Xu Owen He fully explored.
Author Martina Bocchetta fully explored.
Author Emily Cox Pahnke fully explored.
Author Jesus A. De Loera fully explored.
Author Telikepalli Kavitha fully explored.
Author Weizhan Zhang fully explored.
Author Katalin Berlow fully explored.
Author Ken Chang fully explored.
Author Jorg Bornschein fully explored.
Author Albert Cardona fully explored.
Author Sergey Norin fully explored.
Author Arjun Somayazulu fully explored.
Author David Ryan Ormond fully explored.
Author Marco Molinaro fully explored.
Author Julia E. Reid fully explored.
Author Balázs Kégl fully explored.
Author Efe Onaran fully explored.
Author Yongjie Xiao fully explored.
Author Samuel B Martins fully explored.
Author Anmol Kalia fully explored.
Author Gokcen Buyukbas fully explored.
Author Udo Hoffmann fully explored.
Author Honglei Zhuang fully explored.
Author Jacob A. Harer fully explored.
Author Nicolas Heess fully explored.
Author Yannick Roy fully explored.
Author Helen Jin fully explored.
Author Jiehua Chen fully explored.
Author Jaewon Chung fully explored.
Author Jan Hula fully explored.
Author S. Mazdak Abulnaga fully explored.
Author Sebastian Quevedo fully explored.
Author Kun Kuang fully explored.
Author Yi fully explored.
Author Sandrine Saillet fully explored.
Author Subramanian Ramamoorthy fully explored.
Author Yasuhiko Morimoto fully explored.
Author Neil C. Rabinowitz fully explored.
Author Giorgos Stamou fully explored.
Author Chao Zhang fully explored.
Author Ali Saad-Eldin fully explored.
Author James Holcomb fully explored.
Author Piyush Madan fully explored.
Author Soham De fully explored.
Author Wilson Gregory fully explored.
Author Daniel Perez-Becker fully explored.
Author Apurva Mody fully explored.
Author Zifan Xu fully explored.
Author Jeremy Karp fully explored.
Author Huitong Qiu fully explored.
Author Edward S. Hu fully explored.
Author Michael Wyatt fully explored.
Author Alan Blair fully explored.
Author Nicolas Christianson fully explored.
Author G"unter M. Ziegler fully explored.
Author Revanth Reddy fully explored.
Author Jinxin Hu fully explored.
Author Stephen R. Chestnut fully explored.
Author Yin Tat Lee fully explored.
Author David R. Wood fully explored.
Author Wolfgang Gatterbauer fully explored.
Author Yanjiang Guo fully explored.
Author Emo Welzl fully explored.
Author Joseph Choi fully explored.
Author Culver McWhirter fully explored.
Author Jianying Liu fully explored.
Author Joachim Orthaber fully explored.
Author René van Bevern fully explored.
Author Clinton Wang fully explored.
Author Andreas Loos fully explored.
Author Vincent Roulet fully explored.
Number of updates: 439
Number of authors to explore: 0
Graph saved to ../data/test_graph_expand.pkl
Author Sahil Sharma fully explored.Number of updates: 439

Number of authors to explore: 12
Graph saved to ../data/test_graph_expand.pkl
Author Shuangyong Song fully explored.
Author Stephan Bickel fully explored.
Author Bing Liu fully explored.
Author Aman Raj Singh fully explored.
Author Liz Cam fully explored.
Author Nicolai Hähnle fully explored.
Author Pavel Valtr fully explored.
Author Li S. Yifei fully explored.
Author Matteo Tucat fully explored.
Author Aria Pezeshk fully explored.
Author Sanjeev P. Khudanpur fully explored.
Author Fan Yang fully explored.
Author Gabriel Victorino Cardoso fully explored.
Author Ben Schmidt fully explored.
Author Charles Clum fully explored.
Author Irem Portakal fully explored.
Author William Liang fully explored.
Author Jianye He fully explored.
Author Maximilian Gorsky fully explored.
Author Angelika Steger fully explored.Number of updates: 459

Number of authors to explore: 24
Graph saved to ../data/test_graph_expand.pkl
Author Deborah Pereg fully explored.
Author Frank Sottile fully explored.
Author Michiel Van de Panne fully explored.
Author Adrienne Margaret Propp fully explored.
Author Benjamin Lorenz fully explored.
Author Arthur Douillard fully explored.
Author Thomas Rothörl fully explored.
Author Maria Lymperaiou fully explored.
Author Elizabeth Hou fully explored.
Author Juan S. Campos fully explored.
Author Brian Gilbert fully explored.
Author Tahsin Kurc fully explored.
Author Nemanja Draganić fully explored.
Author AbdelRahim Elmadany fully explored.
Author Silky Chotai fully explored.
Author Stefan Weltge fully explored.
Author Amir-massoud Farahmand fully explored.
Author Wolfgang Wick fully explored.
Author Marco C Pinho fully explored.
Author Young Jin Kim fully explored.
Author J. S. Marron fully explored.
Author John Garrett fully explored.
Author Tim Kelch fully explored.
Author Jean-François Cardoso fully explored.
Author David Cournapeau fully explored.
Author Richard Chang fully explored.
Author Sebastian Wiederrecht fully explored.
Author Su Jia fully explored.
Author Bruce Fischl fully explored.
Author Liana Yepremyan fully explored.
Author Alan Mackay fully explored.
Author Liam Tan fully explored.
Author Tina Kapur fully explored.
Author Jonquil Z. Liao fully explored.
Author Arjun Manoharan fully explored.
Author Ese Ben-Iwhiwhu fully explored.
Author Raia Hadsell fully explored.
Author Berk Norman fully explored.
Author Tian Yu Liu fully explored.
Number of updates: 499
Number of authors to explore: 0
Graph saved to ../data/test_graph_expand.pkl
Author Yusung Kim fully explored.
Author Jinchao Feng fully explored.
Author George Konidaris fully explored.
Author Quentin Bertrand fully explored.
Author Xinjie Du fully explored.
Author Andres Codas fully explored.
Author Vincent Dubourg fully explored.
Author Oswin Aichholzer fully explored.
Author James M. Murphy fully explored.
Author Patrick Bourke fully explored.
Author Anne-Katrin Giese fully explored.
Author Venkata S. Mattay fully explored.
Author Andreas Krause fully explored.
Author Rob Donnelly fully explored.
Author Freddie Illingworth fully explored.
Author Michael Przystupa fully explored.
Author Sebastien Ourselin fully explored.
Author Karin Schaller fully explored.
Author Pierre Aboulker fully explored.
Author Andreas Emil Feldmann fully explored.
Number of updates: 519
Number of authors to explore: 0
Graph saved to ../data/test_graph_expand.pkl
Author Martin Lepage fully explored.
Author Sharut Gupta fully explored.
Author Ashish Arora fully explored.
Author Shagnik Das fully explored.
Author Nam H. Lee fully explored.
Author Yunjuan Wang fully explored.
Author Shipra Agrawal fully explored.
Author Rosna Paul fully explored.
Author Michael Hill fully explored.
Author Ameneh Asgari-Targhi fully explored.
Author Pallavi Tiwari fully explored.
Author Kaiming Kuang fully explored.
Author Xiren Zhou fully explored.
Author Tingshan Liu fully explored.
Author Micah Sheller fully explored.
Author Jeff William Lichtman fully explored.
Author Timothy F Cloughesy fully explored.
Author Jong Hee Chang fully explored.
Author Xiaodong Liu fully explored.
Author Leonardo Fazio fully explored.
Author Johannes Trenkler fully explored.
Author Jiapeng Zhang fully explored.
Author Hendrik Molter fully explored.
Author Matthew B. Crawford fully explored.
Author Ida Momennejad fully explored.
Author Linran Wei fully explored.
Author Richard D. Lange fully explored.
Author Ian Sotnek fully explored.
Author Christopher Pal fully explored.
Author Hongbo Zhu fully explored.
Author Zequan Liu fully explored.
Author Ce Liu fully explored.
Author António Girão fully explored.
Author P. -A. Absil fully explored.
Author Joshua Tenenbaum fully explored.
Author Jesse Zhang fully explored.
Author Alexandre Defossez fully explored.
Author João Sedoc fully explored.
Author Arlette Baillet-Guffroy fully explored.
Author Mengmi Zhang fully explored.
Number of updates: 559
Number of authors to explore: 0
Graph saved to ../data/test_graph_expand.pkl
Author Tae-Hyun Oh fully explored.Number of updates: 559

Number of authors to explore: 52
Graph saved to ../data/test_graph_expand.pkl
Author Emmanuel Mignot fully explored.
Author Martin Vallières fully explored.
Author Hao Cheng fully explored.
Author Pim J French fully explored.
Author James Springer fully explored.
Author Zaccharie Ramzi fully explored.
Author Guanhua Wang fully explored.
Author Henry Pao fully explored.
Author Jan-Hendrik de Wiljes fully explored.
Author Oliver Friedmann fully explored.
Author Adam Oberman fully explored.
Author Ayush Kanodia fully explored.
Author Piali~Choudhury fully explored.
Author Ahmed Hassan Awadallah fully explored.
Author Jan Peters fully explored.
Author Yinghao Aaron Li fully explored.
Author Fangyikang Wang fully explored.
Author Ryan Calo fully explored.
Author Marc Modat fully explored.
Number of updates: 579
Number of authors to explore: 0
Graph saved to ../data/test_graph_expand.pkl
Author Vinay Jayaram fully explored.
Author Ruediger Stephan fully explored.
Author Andrew Hoopes fully explored.
Author Tingting Liu fully explored.
Author Badr Tajini fully explored.
Author Zheng Wu fully explored.
Author Jeevana Priya Inala fully explored.
Author Ivan Soprunov fully explored.
Author Ameet Deshpande fully explored.
Author Ngoc Mai Tran fully explored.
Author Nikita Ivkin fully explored.
Author Mohamed Qayati fully explored.
Author Fatih Incekara fully explored.
Author Gwenaël Joret fully explored.
Author Tianle Liu fully explored.
Author Christoper M. White fully explored.
Author Jason Miller fully explored.
Author Zhirui Li fully explored.
Author Ming Li fully explored.
Author Guillaume Desjardins fully explored.
Number of updates: 599
Number of authors to explore: 3
Graph saved to ../data/test_graph_expand.pkl
Number of updates: 599
Number of authors to explore: 2
Graph saved to ../data/test_graph_expand.pkl
Number of updates: 599
Number of authors to explore: 1
Graph saved to ../data/test_graph_expand.pkl
Number of updates: 599
Number of authors to explore: 0
Graph saved to ../data/test_graph_expand.pkl
Author Timothy Henry fully explored.
Author Eun Jung Kim fully explored.
Author Gilmer Valdes fully explored.
Author Will Bishop fully explored.
Author Jonathan R. Key fully explored.
Author Sourav Pal fully explored.
Author Chiyu Zhang fully explored.
Author Xiaoming Xue fully explored.
Author Michael L. Littman fully explored.
Author Ta-Chu Kao fully explored.
Author Lu Yuan fully explored.
Author Jane Wang fully explored.
Author Mary Wootters fully explored.
Author Patrice Prognon fully explored.
Author Qingwen Bu fully explored.
Author Bo Zhang fully explored.
Author Chen Liang fully explored.
Author Fabien Delattre fully explored.
Author Claas Voelcker fully explored.
Author Rourke Haas fully explored.
Author Maëliss Jallais fully explored.
Author Decebal Constantin Mocanu fully explored.
Author William Maxwell fully explored.
Author Pere P. Morell fully explored.
Author Joonsang Lee fully explored.
Author Paul M. Ellingwood fully explored.
Author Haozhang Deng fully explored.
Author Florian Dubost fully explored.
Author Marc'Aurelio Ranzato fully explored.
Author Benjamin Billot fully explored.
Author Jeff Bilmes fully explored.
Author Sean J. Taylor fully explored.
Author Patrick J. Wolfe fully explored.
Author Amin Madani fully explored.
Author Charles Blundell fully explored.
Author Xiangyi Yan fully explored.
Author Johannes Obenaus fully explored.
Author Zhengdao Chen fully explored.
Author Adam Treat fully explored.
Author Huidong Tang fully explored.
Author Alexandre Dupont-Bouillard fully explored.
Author Joseph Lombardo fully explored.
Author Mauricio Reyes fully explored.
Author Pierre Chaminade fully explored.
Author Gilles Wainrib fully explored.
Author James Gimpel fully explored.
Author Yunhao Tang fully explored.
Author Xiaoshuai Song fully explored.
Author Dániel Marx fully explored.
Author Panagiotis Tsiganos fully explored.
Author Kenneth Li fully explored.
Author Qiaowei Miao fully explored.
Author Andrew Jones fully explored.
Author Joshua Eckroth fully explored.
Author James Tompkin fully explored.
Author Sachin K. Gujar fully explored.
Author Benjamin Schröter fully explored.
Author Jun Zhang fully explored.
Author Sunil Gupta fully explored.
Author Furui Liu fully explored.
Author Xingxin Gu fully explored.
Number of updates: 659
Number of authors to explore: 9
Graph saved to ../data/test_graph_expand.pkl
Author Florian Lehner fully explored.
Author Laurent Beaudou fully explored.
Author Heni Ben Amor fully explored.
Author Chencai Wang fully explored.
Author Andrew Y. Ng fully explored.
Author Jamie Huynh fully explored.
Author Franco Vera fully explored.
Author Angel Yanguas-Gil fully explored.
Author Till Fluschnik fully explored.
Author Claire Tomlin fully explored.
Author Hubert Soyer fully explored.
Author Will Xiao fully explored.
Author Po-Wei Chou fully explored.
Author Mallikarjun B R fully explored.
Author Zhe Sun fully explored.
Author Carmel Baharav fully explored.
Author Jhon Gómez fully explored.
Author Esteban Torche fully explored.
Author Xiangyu Tao fully explored.
Number of updates: 679
Number of authors to explore: 0
Graph saved to ../data/test_graph_expand.pkl
Author Dong Yin fully explored.Number of updates: 679

Number of authors to explore: 180
Graph saved to ../data/test_graph_expand.pkl
Author Zhimin Bao fully explored.
Author Roshan Sumbaly fully explored.
Author Pheng Ann Heng fully explored.
Author Salma Abdel Magid fully explored.
Author Arindam Mitra fully explored.
Author Maryam Bandari fully explored.
Author Pierre-Antoine Bannier fully explored.
Author Bennett Landman fully explored.
Author Daniel A Hashimoto fully explored.
Author Olivier Keunen fully explored.
Author Robert Weismantel fully explored.
Author Bryan R. Gillespie fully explored.
Author Houda Alberts fully explored.
Author Sahisnu Mazumder fully explored.
Author Alfonso Cevallos fully explored.
Author Yao Wang fully explored.
Author Care E. Priebe fully explored.
Author Jong M. Shin fully explored.
Author Hong Chen fully explored.
Number of updates: 699
Number of authors to explore: 57
Graph saved to ../data/test_graph_expand.pkl
Number of updates: 699
Number of authors to explore: 56
Author Deepthi Karkada fully explored.
Graph saved to ../data/test_graph_expand.pkl
Author Martin Wattenberg fully explored.
Author Christopher Rawles fully explored.
Author Giulia Codenotti fully explored.
Author Tica Lin fully explored.
Author Alina Kloss fully explored.
Author Oded Stein fully explored.
Author Yani Donchev fully explored.
Author Rachita Chhaparia fully explored.
Author Rainer Sinn fully explored.
Author Md Sanzid Bin Hossain fully explored.
Author Misha Bilenko fully explored.
Author Edward S. Boyden fully explored.
Author Alexander Schwartz fully explored.
Author Wenge Rong fully explored.
Author Aaron T. Kuan fully explored.
Author Peter Chin fully explored.
Author Barbara Fiedorowicz fully explored.
Author Ryan Rossi fully explored.
Author Ning Wen fully explored.
Number of updates: 719
Number of authors to explore: 12
Graph saved to ../data/test_graph_expand.pkl
Number of updates: 719
Number of authors to explore: 11
Graph saved to ../data/test_graph_expand.pkl
Number of updates: 719
Number of authors to explore: 10
Graph saved to ../data/test_graph_expand.pkl
Number of updates: 719
Author Eyke Hüllermeier fully explored.Number of authors to explore: 9

Graph saved to ../data/test_graph_expand.pkl
Author Kylie R. Lee fully explored.
Author Vasiliki Tassopoulou fully explored.
Author Ming Yuan fully explored.
Author Irina Higgins fully explored.
Author Pierre-Cyril Aubin-Frankowski fully explored.
Author Guneet S. Dhillon fully explored.
Author Despina Kontos fully explored.
Author Andrew Melbourne fully explored.
Author Giulio Pergola fully explored.
Author Hayden Helm fully explored.
Author Shady Gamal fully explored.
Author Andrew Cotter fully explored.
Author Runqi Qiao fully explored.
Author Zhiqiang Lin fully explored.
Author Mranmay Shetty fully explored.
Author Jian Pei fully explored.
Author José Marcio Luna fully explored.
Author George B. Mertzios fully explored.
Author Kitty Stacpoole fully explored.
Author David Isele fully explored.Number of updates: 739

Number of authors to explore: 23
Graph saved to ../data/test_graph_expand.pkl
Author Maximilian Zenk fully explored.
Author Alexandre Lacoste fully explored.
Author Gianluca Brugnara fully explored.
Author Yew Soon Ong fully explored.
Author Mingchen Ma fully explored.
Author Vikash Mansinghka fully explored.
Author Julie Shah fully explored.
Author Xiong Wang fully explored.
Author Matteo Pagliardini fully explored.
Author Jihye Yun fully explored.
Author Karthik Ramadass fully explored.
Author Ning Zhang fully explored.
Author Maarten MJ Wijnenga fully explored.
Author René Vidal fully explored.
Author Jieren Deng fully explored.
Author Tengfei Ma fully explored.
Author Xiujing Guo fully explored.
Author Taro Sunagawa fully explored.
Author Shuo Zhou fully explored.
Number of updates: 759
Number of authors to explore: 0
Graph saved to ../data/test_graph_expand.pkl
Author Andrew Owens fully explored.Number of updates: 759

Number of authors to explore: 17
Graph saved to ../data/test_graph_expand.pkl
Author Andrew J. Blumberg fully explored.
Author Matthias Mnich fully explored.
Author Brett Mensh fully explored.
Author Jay Sethuraman fully explored.
Author David Porter fully explored.
Author Ulrike Bücking fully explored.
Author Anja Remshagen fully explored.
Author Yi Liang fully explored.
Author Christian Borgs fully explored.
Author Alexey Gruzdev fully explored.
Author Mengdi Wang fully explored.
Author Simin Javaherian fully explored.
Author Martin Villiger fully explored.
Author Lianrui Zuo fully explored.
Author L. Sunil Chandran fully explored.
Author Emil Palikot fully explored.
Author Benny Sudakov fully explored.
Author Matthieu Perrot fully explored.
Author Yash R. Deshpande fully explored.
Author Volodymyr Mnih fully explored.
Number of updates: 779
Number of authors to explore: 15
Graph saved to ../data/test_graph_expand.pkl
Author Kalina Petrova fully explored.
Author Maximilian Katzmann fully explored.
Author Gregory S Alexander fully explored.
Author Petr Matula fully explored.
Author Mark Muzi fully explored.
Author Trevor Darrell fully explored.
Author Gezheng Xu fully explored.
Author Zhijian Yang fully explored.
Author Shantanu Jain fully explored.
Author Laura Sanità fully explored.
Author Walter A. Kukull fully explored.
Author Sui Tang fully explored.
Author Chau Pham fully explored.
Author Tom Dupré La Tour fully explored.
Author Martijn van Schaik fully explored.
Author Jiajun Shen fully explored.
Author Christopher Kanan fully explored.
Author Xuanhui Wang fully explored.
Author Maoqing Yao fully explored.
Number of updates: 799
Number of authors to explore: 0
Graph saved to ../data/test_graph_expand.pkl
Author Jakub Sygnowski fully explored.
Number of updates: 799
Number of authors to explore: 7
Graph saved to ../data/test_graph_expand.pkl
Author Josef Pichler fully explored.
Author Xiyang Dai fully explored.
Author Bernhard Strasser fully explored.
Author Haoyin Xu fully explored.
Author Anas Belouali fully explored.
Author Zhi Zhou fully explored.
Author Bo Li fully explored.
Author Paramveer Dhillon fully explored.
Author Aspen K. Hopkins fully explored.
Author Tim Taubner fully explored.
Author Sarah Clinckemaillie fully explored.
Author Ashok Srinivasan fully explored.
Author Mrinal Kalakrishnan fully explored.
Author Ang Li fully explored.
Author Mikkel Abrahamsen fully explored.
Author Arnaud JPE Vincent fully explored.
Author Hosein Hasanbeig fully explored.
Author Sung Soo Ahn fully explored.
Author Jiu Jimmy Jiao fully explored.
Author Katharina Eichler fully explored.
Author Chen Zhu-Tian fully explored.
Author Katharina Jochemko fully explored.
Author Haochang Shou fully explored.
Author Felix Creutzig fully explored.
Author Hefei Ling fully explored.
Author Alberto Sangiovanni-Vincentelli fully explored.
Author Martin Bretzner fully explored.
Author Xiaoyi Chen fully explored.
Author Piotr Tempczyk fully explored.
Author Songtao Feng fully explored.
Author Emily C. Hector fully explored.
Author Arnaud de Mesmay fully explored.
Author Bharadwaj Pudipeddi fully explored.
Author Manfred Scheucher fully explored.
Author Eric Horvitz fully explored.
Author Alp Müyesser fully explored.
Author Haoming Jiang fully explored.
Author Christian Nöbel fully explored.
Author Shangqun Yu fully explored.
Number of updates: 839
Number of authors to explore: 0
Graph saved to ../data/test_graph_expand.pkl
Author Adil Salim fully explored.Number of updates: 839

Number of authors to explore: 18
Graph saved to ../data/test_graph_expand.pkl
Author Tzu-Chi Tseng fully explored.
Author Valérie Castin fully explored.
Author Mingyang Niu fully explored.
Author Minhong Zhu fully explored.
Author Stefanie Jegelka fully explored.
Author Haojun Shi fully explored.
Author Akiyoshi Tsuchiya fully explored.
Author Richard Guo fully explored.
Author Yi Zhang fully explored.
Author Xin Jin fully explored.
Author Tobias Friedrich fully explored.
Author Guanting Dong fully explored.
Author Manali Jadhav fully explored.
Author Junheng Hao fully explored.
Author Gregg Musiker fully explored.
Author Shao-Yuan Li fully explored.
Author Sonja Soskic fully explored.
Author Wen-Yih Tseng fully explored.
Author Wen Wen fully explored.
Number of updates: 859
Number of authors to explore: 0
Graph saved to ../data/test_graph_expand.pkl
Author Wenbo Wu fully explored.
Author Richard J. Chen fully explored.
Author Guido Montúfar fully explored.
Author Joan Bruna fully explored.
Author Andrew H. Song fully explored.
Author Craig Jones fully explored.
Author Yilun Jin fully explored.
Author Hongyi Wang fully explored.
Author Onur Ozdemir fully explored.
Author Tiago H. Falk fully explored.
Author Daniel S. Margulies fully explored.
Author Xi Chen fully explored.
Author Tuo Zhao fully explored.
Author Xavier Boix fully explored.
Author Cong Mu fully explored.
Author Yuriy Gusev fully explored.
Author Niharika S. D'Souza fully explored.
Author Yash Lal fully explored.
Author Ayush Tewari fully explored.
Author Jiebo Luo fully explored.
Number of updates: 879
Number of authors to explore: 0
Graph saved to ../data/test_graph_expand.pkl
Author Francesco Visin fully explored.Number of updates: 879

Number of authors to explore: 7
Graph saved to ../data/test_graph_expand.pkl
Author Xi Ye fully explored.
Author Sylee Dandekar fully explored.
Author Karthik Narasimhan fully explored.
Author Birgit Vogtenhuber fully explored.
Author Denis Engemann fully explored.
Author John X. Morris fully explored.
Author Michele Pizzochero fully explored.
Author Joseph Doolittle fully explored.
Author Necati Alp Muyesser fully explored.
Author Alysha Chelliah fully explored.
Author Junkun Yuan fully explored.
Author Kim-Manuel Klein fully explored.
Author Tomaso Poggio fully explored.
Author Hunter Nisonoff fully explored.
Author Chee Chong fully explored.
Author Mingyi Hong fully explored.
Author Annette Lutz fully explored.
Author Alexandre Galashov fully explored.
Author Andrew Shen fully explored.
Number of updates: 899
Number of authors to explore: 0
Graph saved to ../data/test_graph_expand.pkl
Author Jonas Mueller fully explored.Number of updates: 899

Number of authors to explore: 57
Graph saved to ../data/test_graph_expand.pkl
Author Salomon Bendayan fully explored.
Author Jingxi Xu fully explored.
Author Robert Underwood fully explored.
Author Nathaniel Chodosh fully explored.
Author Nannan Bian fully explored.
Author Xinyu Fang fully explored.
Author Gabriel Peyré fully explored.
Author François Roueff fully explored.
Author Yuan Dong fully explored.
Author Procheta Sen fully explored.
Author Heather G. Patsolic fully explored.
Author Chengyue He fully explored.
Author James Hays fully explored.
Author Mohamed Elgharib fully explored.
Author Shuai Liu fully explored.
Author Ming Yin fully explored.
Author Florian Kohl fully explored.
Author Kirill Kukharenko fully explored.
Author Vladimir Braverman fully explored.
Number of updates: 919
Number of authors to explore: 0
Graph saved to ../data/test_graph_expand.pkl
Author James P. Sethna fully explored.Number of updates: 919

Number of authors to explore: 6
Graph saved to ../data/test_graph_expand.pkl
Author Rajan Jain fully explored.
Author Avinash Ravichandran fully explored.
Author Matthieu Brucher fully explored.
Author Michael A. Mandell fully explored.
Author David Bau fully explored.
Author Andreas Haunschmidt fully explored.
Author Jiaying Lu fully explored.
Author Nabeel Sarwar fully explored.
Author Alessandro Rinaldo fully explored.
Author Jeffrey M. Opper fully explored.
Author Benjamin Harvey fully explored.
Author Natalia Trayanova fully explored.
Author William N. Frost fully explored.
Author Kun Zhang fully explored.
Author Niharika Shimona D'souza fully explored.
Author Mike Lambeta fully explored.
Author Édouard Duchesnay fully explored.
Author Daniel Harari fully explored.
Author Fei Wu fully explored.
Number of updates: 939
Number of authors to explore: 0
Graph saved to ../data/test_graph_expand.pkl
Number of updates: 939
Number of authors to explore: 0
Graph saved to ../data/test_graph_expand.pkl
Author Kunquan Deng fully explored.Number of updates: 939

Number of authors to explore: 2
Graph saved to ../data/test_graph_expand.pkl
Author Hanhua Hong fully explored.
Author Victoria Rose Most fully explored.
Author Xiaoming Wang fully explored.
Author Liming Xu fully explored.
Author Yue Zhang fully explored.
Author Arvind Rao fully explored.
Author Chaehyeon Kim fully explored.
Author Benedikt Wiestler fully explored.
Author Fatemeh Navidi fully explored.
Author Matthew Williams fully explored.
Author Christian Daniel fully explored.
Author Diego R Lucio fully explored.
Author Isabela Albuquerque fully explored.
Author Sergio A Velastin fully explored.
Author Valdemar Švábenský fully explored.
Author Sumit Sanghai fully explored.
Author Vincent Feuillard fully explored.
Author Dömötör Pálvölgyi fully explored.
Author Haiping Lu fully explored.
Number of updates: 959
Number of authors to explore: 0
Graph saved to ../data/test_graph_expand.pkl
Author Azarakhsh Keipour fully explored.
Number of updates: 959
Number of authors to explore: 9
Graph saved to ../data/test_graph_expand.pkl
Author Pierrick Arnal fully explored.
Author Duy Nguyen-Tuong fully explored.
Author Sjanne Zeijlemaker fully explored.
Author Pascal Kunz fully explored.
Author Thanh Nguyen-Tang fully explored.
Author Ruxiao Duan fully explored.
Author Sean U. N. Wood fully explored.
Author Ying He fully explored.
Author Daniel Marcus fully explored.
Author Charles Apgar fully explored.
Author Christian Gagné fully explored.
Author Johannes Lengler fully explored.
Author Yves Boubenec fully explored.
Author Pratyay Banerjee fully explored.
Author Ankit Ramchandani fully explored.
Author Yun Li fully explored.
Author Nikolai Matni fully explored.
Author Kevin Duh fully explored.
Author Christopher Scott fully explored.
Author Guillaume Carlier fully explored.
Author Stella Dellaferrera fully explored.
Author Yelena Yuditsky fully explored.
Author Dimitrios I. Dais fully explored.
Author Maria Varkanitsa fully explored.
Author Dylan Fagot fully explored.
Author Chris Rawles fully explored.
Author Tanguy Lefort fully explored.
Author Joon Son Chung fully explored.
Author Xiangyu Liu fully explored.
Author Yusuf Aytar fully explored.
Author Yuntian Chen fully explored.
Author Spencer Liem fully explored.
Author Ibrahim Hammoud fully explored.
Author Jake Bouvrie fully explored.
Author Phanideep Gampa fully explored.
Author Jean-Rémi King fully explored.
Author Anders Martinsson fully explored.
Author Nicholas F. Marshall fully explored.
Author Aapo Hyvarinen fully explored.
Number of updates: 999
Number of authors to explore: 0
Graph saved to ../data/test_graph_expand.pkl
Author Michael Menart fully explored.
Author Heba Ismael fully explored.
Author Qingci An fully explored.
Author Herman Brunborg fully explored.
Author Dongwoo Kim fully explored.
Author Bin Gao fully explored.
Author Hal Schenck fully explored.
Author Felix Sahm fully explored.
Author Stacey Winham fully explored.
Author Benjamin Pikus fully explored.
Author Marco Macchia fully explored.
Author Maral Mesmakhosroshahi fully explored.
Author Bernardo González Merino fully explored.
Author Gaurav Rudravaram fully explored.
Author Animesh Sinha fully explored.
Author Tobias Schmidt fully explored.
Author Jay J. Pillai fully explored.
Author Skyler Seto fully explored.
Author Shane E. Loeffler fully explored.
Author Lanfen Lin fully explored.
Author Fernanda Viégas fully explored.
Author Shagun Sodhani fully explored.
Author Kelly Spendlove fully explored.
Author Ghislain Durif fully explored.
Author Michael Anastos fully explored.
Author Khai Van Tran fully explored.
Author Sergi Masip fully explored.
Author Min Gao fully explored.
Author Zhipeng Tang fully explored.
Author Sylvain Chevallier fully explored.
Author Cedric Rommel fully explored.
Author Michele Caprio fully explored.
Author Sean Benson fully explored.
Author Miriam Goetze fully explored.
Author Mo Yu fully explored.
Author Yu Qiao fully explored.
Author Jianfei Zhang fully explored.
Author Yutian Chen fully explored.
Author Marie Metz fully explored.
Author Martin Niemeier fully explored.
Author Sudeshna Roy fully explored.
Author Ariel Lubonja fully explored.
Author Allison Gunby-Mann fully explored.
Author Ondřej Suchý fully explored.
Author Rivka R Colen fully explored.
Author Jill S Barnholtz-Sloan fully explored.
Author Bilian Ke fully explored.
Author Tatiana Likhomanenko fully explored.
Author Babatunde Osobu fully explored.
Author Jarvis Haupt fully explored.
Author Britta Peis fully explored.
Author Bert Gerards fully explored.
Author Adrian Benton fully explored.
Author John Thompson fully explored.
Author Jordan Matelsky fully explored.
Author Kolja Knauer fully explored.
Author Benjamin Charlier fully explored.
Author Konstantinos Barmpas fully explored.
Author Ian Phillips fully explored.
Author Neale Ratzlaff fully explored.
Author Steven Horng fully explored.
Author Adam Bohn fully explored.
Author Yichen Xie fully explored.
Author Simone P Niclou fully explored.
Author Weikai Yang fully explored.
Author Madi Kusmanov fully explored.
Author Daniel Rodriguez fully explored.
Author Yadong Lu fully explored.
Author Jacob J Peoples fully explored.
Author Miriam Schlöter fully explored.
Author Emman Haider fully explored.
Author Carey E Priebe fully explored.
Author Mihalis Yannakakis fully explored.
Author Tianyu Du fully explored.
Author Walter Mankowski fully explored.
Author Brian Baughman fully explored.
Author Asad Lodhia fully explored.
Author Michael W. Mahoney fully explored.
Author Kelly Marchisio fully explored.
Author Amita Gajewar fully explored.
Author Zhongyuan Wang fully explored.
Author Nimrod Talmon fully explored.
Author De-An Huang fully explored.
Author Yecheng Jason Ma fully explored.
Author Dung N. Tran fully explored.
Author Fabian Pedregosa fully explored.
Author Deana Crocetti fully explored.
Author Umang Pandey fully explored.
Author Steven V. Sam fully explored.
Author Anastasia Chavez fully explored.
Author Ben Glocker fully explored.
Author Richard G. Freedman fully explored.
Author Kanstantsin Pashkovich fully explored.
Author Aikaterini Kotrotsou fully explored.
Author William Bishop fully explored.
Author Spandan Madan fully explored.
Author Vivek Buch fully explored.
Author Ameet Talwalkar fully explored.
Author Alex Kulesza fully explored.
Author Mahmoud Mekhaimar fully explored.
Author Daniel C. Alexander fully explored.
Author Vishrav Chaudhary fully explored.
Author Sylvain Le Corff fully explored.
Author Sijia Wang fully explored.
Author Zudi Lin fully explored.
Author Debo Cheng fully explored.
Author Nicholas Rhinehart fully explored.
Author You Li fully explored.
Author Lee E. Miller fully explored.
Author Huachong Yu fully explored.
Author Dong Chen fully explored.
Author Arkin Gupta fully explored.
Author Satyam Ghodasara fully explored.
Author Cassio F. Dantas fully explored.
Author Nalini Singh fully explored.
Author Ping Li fully explored.
Author Shuyao He fully explored.
Author William Goble fully explored.
Author Jinli Zhang fully explored.
Author Chengyuan Deng fully explored.
Author Konstantinos Pantazis fully explored.
Author Marco Lorenzi fully explored.
Author Xiaoqing Yang fully explored.
Author Ishaan Grover fully explored.
Author Ting Yang fully explored.
Author Jianfeng Gao fully explored.
Author Bingbing Ni fully explored.
Author Robert Berry fully explored.
Author Camelia Bencheqroun fully explored.
Author Lanxi Xiao fully explored.
Author Junxiang Wang fully explored.
Author Hanbin Zhao fully explored.
Author Sivakumar Rathinam fully explored.
Author Chenghua Lin fully explored.
Author Felipe Vieira fully explored.
Author Xiaoxi Wei fully explored.
Author Michael Lam fully explored.
Author Tinne Tuytelaars fully explored.
Author Raajen Patel fully explored.
Author Beidi Chen fully explored.
Author Aprupa Alahari fully explored.
Author Bruno Aristimunha fully explored.
Author Rashida Hakim fully explored.
Author Matthias Walter fully explored.
Author Priya L. Donti fully explored.
Author Lindsay C. Piechnik fully explored.
Author Yifan Yang fully explored.
Author Benjamin Hoover fully explored.
Author Riccardo Zecchina fully explored.
Author Joseph Jay Williams fully explored.
Author Gergely Odor fully explored.
Author Margaret Livingstone fully explored.
Author Jorge A. Mendez fully explored.
Author Alexander Gepperth fully explored.
Author Itay Griniasty fully explored.
Author Ann-Christin Hau fully explored.
Author Matthias Beck fully explored.
Author Jianmin Bao fully explored.
Author Alireza Mehrtash fully explored.
Author Svetha Venkatesh fully explored.
Author Robert P. Dick fully explored.
Author Michel Bilello fully explored.
Author Masayoshi Tomizuka fully explored.
Author Satyen Kale fully explored.
Author Rene Vidal fully explored.
Author Minhui Wu fully explored.
Author Eseoghene Ben-Iwhiwhu fully explored.
Author Narayanan Sundaram fully explored.
Author Soham Dan fully explored.
Author Hendrik Schrezenmaier fully explored.
Author Iacer Calixto fully explored.
Author Mark Crowley fully explored.
Author Ivor van der Hoog fully explored.
Author Saikat Chakraborty fully explored.
Author Fangming Liu fully explored.
Author Li Lyna Zhang fully explored.
Author Marie desJardins fully explored.
Author Piero Kauffmann fully explored.
Author Simon Stepputtis fully explored.
Author Ben Cocanougher fully explored.
Author Ana Luısa Pinho fully explored.
Author Robert Osazuwa Ness fully explored.
Author Evan Calabrese fully explored.
Author Cristóbal Guzmán fully explored.
Author Chester Huynh fully explored.
Author Konrad Kording fully explored.
Author Kriti Aggarwal fully explored.
Author Ching-Yun Ko fully explored.
Author Soumik Pal fully explored.
Author Shih-Han Wang fully explored.
Author Barnabás Janzer fully explored.
Author Andreas Doerr fully explored.
Author Jacob Phillips fully explored.
Author Yuxuan Liu fully explored.
Author Suyu Ye fully explored.
Author Alexander Kasprzyk fully explored.
Author Curtis von Veh fully explored.
Author Vikash Morar fully explored.
Author Baihong Jin fully explored.
Author Tony Liu fully explored.
Author Zexu Sun fully explored.
Author Huibin fully explored.
Author Hiromichi Kobashi fully explored.
Author Christopher J. Rozell fully explored.
Author You Wu fully explored.
Author Katie Matton fully explored.
Author Jan Krümpelmann fully explored.
Author Luke Bornn fully explored.
Author P Ellen Grant fully explored.
Author Oleksii Kachaiev fully explored.
Author I-Jeng Wang fully explored.
Author Neil P Molino fully explored.
Author Andrei Asinowski fully explored.
Author Hassna Irzan fully explored.
Author Frederik L. Dennig fully explored.
Author Eric Fu fully explored.
Author Sonali Yadav fully explored.
Author Vidya Prasad fully explored.
Author Dhagash Mehta fully explored.
Author Jacob Sager fully explored.
Author Kevin Sebastian Luck fully explored.
Author Zhizhong Chai fully explored.
Author Lukas Michel fully explored.
Author Zheyuan Hu fully explored.
Author Sunny Rai fully explored.
Author Jonas Teuwen fully explored.
Author Ho Sung Kim fully explored.
Author Tereza Kopřivová fully explored.
Author Raj Chetty fully explored.
Author Kristopher T. Jensen fully explored.
Author Abdallah Dib fully explored.
Author Peter Zampakis fully explored.
Author Janusz Konrad fully explored.
Author David Budden fully explored.
Author Kristin Waite fully explored.
Author Sevcan Turk fully explored.
Author Stephan Meckel fully explored.
Author Hongyu Cheng fully explored.
Author Hongwei Li fully explored.
Author Pranjal Awasthi fully explored.
Author Marc Masana fully explored.
Author Dai Wang fully explored.
Author Reid C Thompson fully explored.
Author Yelong Shen fully explored.
Author Bowen Tan fully explored.
Author Yan Sun fully explored.
Author Anima Anandkumar fully explored.
Author Deepak Kattil Veettil fully explored.
Author Nerea Aranjuelo fully explored.
Author Nicola Pezzotti fully explored.
Author Minh-Son To fully explored.
Author Awni Hannun fully explored.
Author David Blei fully explored.
Author Edin Husić fully explored.
Author Yvonne W Lui fully explored.
Author Dalit Ben-Yosef fully explored.
Author Bernhard Egger fully explored.
Author Necati Alp Müyesser fully explored.
Author Hal Varian fully explored.
Author Zhengzhang Chen fully explored.
Author Brenda Curtis fully explored.
Author Yuqi Bai fully explored.
Author Michael E. Sander fully explored.
Author Eva L. Dyer fully explored.
Author Abrar Rahman fully explored.
Author Nina Klobas fully explored.
Author Camille Marini fully explored.
Author Günter Rote fully explored.
Author Hyunseung Kang fully explored.
Author Mateusz Michałek fully explored.
Author Alexey Kurakin fully explored.
Author Kurt G. Schilling fully explored.
Author Kelly Kochanski fully explored.
Author Anshula Gandhi fully explored.
Author Jiaye Teng fully explored.
Author Ramchandran Muthukumar fully explored.
Author Anastasia Ivanova fully explored.
Author Romain Laby fully explored.
Author Wei Cheng fully explored.
Author Nikolaos Laskaris fully explored.
Author Ingrid Daubechies fully explored.
Author Ross Hemsley fully explored.
Author John C. Platt fully explored.
Author Malte Renken fully explored.
Author Ahmad Byagowi fully explored.
Author Farouk Dako fully explored.
Author Akira Sakai fully explored.
Author David Nguyen fully explored.
Author Georgios Piliouras fully explored.
Author Tony Wang fully explored.
Author Daniel Geng fully explored.
Author Congyuan Yang fully explored.
Author Evan D. Sherwin fully explored.
Author Isabelle Depatie fully explored.
Author Théodore Papadopoulo fully explored.
Author Jesse Peterson fully explored.
Author Amol Pasarkar fully explored.
Author Linbin Huang fully explored.
Author Jacob Renn fully explored.
Author Camille Jeunet fully explored.
Author Chunyu Wang fully explored.
Author Carmen Balana fully explored.
Author Raul Rabadan fully explored.
Author Nicolas El Maalouly fully explored.
Author Niharika Shimona D'Souza fully explored.
Author Sophie Spirkl fully explored.
Author Gagan Sidhu fully explored.
Author Christine D. Piatko fully explored.
Author Jonas Frede fully explored.
Author Marcos Kiwi fully explored.
Author Amin Saied fully explored.
Author Georgios Sakkas fully explored.
Author Olivier Grisel fully explored.
Author Akshat Agarwal fully explored.
Author Derek B. Archer fully explored.
Author Hongyi Jiang fully explored.
Author Kaiying Xie fully explored.
Author Shiqiang Zhang fully explored.
Author Yuchen Luo fully explored.
Author Junsik Kim fully explored.
Author Andrew S. Lee fully explored.
Author Xuchao Zhang fully explored.
Author Philipp Vollmuth fully explored.
Author Hao Tian fully explored.
Author Gregory Holste fully explored.
Author Miaoxuan Zhang fully explored.
Author Tom Williams fully explored.
Author Jianyu Chen fully explored.
Author Stefan Kober fully explored.
Author Philipp Witte fully explored.
Author Toshio Moritani fully explored.
Author Jon Scholz fully explored.
Author Yida Wang fully explored.
Author Pranav Raja fully explored.
Author Sebastian Trimpe fully explored.
Author Teodor V. Marinov fully explored.
Author Luoluo Liu fully explored.
Author Yunan Zhang fully explored.
Author Yiming Huang fully explored.
Author Rudolph Pienaar fully explored.
Author Christopher W. White fully explored.
Author Timothy Lillicrap fully explored.
Author Shreya Havaldar fully explored.
Author Sarel Cohen fully explored.
Author G Anthony Reina fully explored.
Author Weizhu Chen fully explored.
Author Yizhe Zhang fully explored.
Author Edgar Dobriban fully explored.
Author Christian Bénar fully explored.
Author Marco J. Nardin fully explored.
Author Alexander J. Smola fully explored.
Author Devaansh Gupta fully explored.
Author Heather Patsolic fully explored.
Author Martha White fully explored.
Author Lorenzo Pellegrini fully explored.
Author Paul Weiser fully explored.
Author Taku Komura fully explored.
Author Can Xu fully explored.
Author Kiran Vodrahalli fully explored.
Author Elodie Cauvet fully explored.
Author Kevin Johnson fully explored.
Author Peng Wang fully explored.
Author Nematollah Kayhan Batmanghelich fully explored.
Author Claudia Schulz fully explored.
Author Liyuan Liu fully explored.
Author Cong Han fully explored.
Author Gaël Varoquaux fully explored.
Author Stephen M. Gordon fully explored.
Author Yoon Tae Park fully explored.
Author Yousra Bekhti fully explored.
Author Faisal Mahmood fully explored.
Author Chris McKennan fully explored.
Author Casey Tompkins fully explored.
Author Guillaume Aubian fully explored.
Author Ofer Dekel fully explored.
Author Christopher Rozell fully explored.
Author Xiaoxia Wu fully explored.
Author William Escobar fully explored.
Author Islem Rekik fully explored.
Author Neha Das fully explored.
Author Eduardo López fully explored.
Author David Parkes fully explored.
Author Francisco Santos fully explored.
Author Antoine Lutz fully explored.
Author Ming Jin fully explored.
Author Mohan Ren fully explored.
Author Charlotte Royston fully explored.
Author Andrea Tupini fully explored.
Author George A Kevrekidis fully explored.
Author Jan Hannig fully explored.
Author Liliang Ren fully explored.
Author Jianwei Yang fully explored.
Author Yevgen Chebotar fully explored.
Author Pierre Fouilhoux fully explored.
Author Yuxin Dong fully explored.
Author Reid Pryzant fully explored.
Author Yuri Owekcho fully explored.
Author Michael Stark fully explored.
Author Douglas Bellew fully explored.
Author Hendrikus J Dubbink fully explored.
Author Shakhar Smorodinsky fully explored.
Author Michael E. Kim fully explored.
Author Yichi Zhang fully explored.
Author Raymond Y Huang fully explored.
Author Sven Gowal fully explored.
Author Xu He fully explored.
Author Keri Rosch fully explored.
Author Li Han fully explored.
Author Marion Smits fully explored.
Author Jeannette Bohg fully explored.
Author Marcel Celaya fully explored.
Author David Bruns-Smith fully explored.
Author Albert Thomas fully explored.
Author Marco Maggipinto fully explored.
Author Akihiro Higashitani fully explored.
Author Guillaume Hennequin fully explored.
Author David Payne fully explored.
Author Kwang In Kim fully explored.
Author Andreas Holmsen fully explored.
Author Martin Schiegg fully explored.
Author Nir Shavit fully explored.
Author Tomotake Sasaki fully explored.
Author Lu Lu fully explored.
Author Foad Azem fully explored.
Author Angeliki Lazaridou fully explored.
Author Keshava Katti fully explored.
Author Nicholas A. Ketz fully explored.
Author Alexander Volfovsky fully explored.
Author Gustavo de Rosa fully explored.
Author Ryan Dellana fully explored.
Author Vijay Balasubramanian fully explored.
Author Han Liu fully explored.
Author Valentin Thorey fully explored.
Author Daan Wierstra fully explored.
Author Dibyakanti Kumar fully explored.
Author Tzu-Mao Li fully explored.
Author Pauline Sarrabezolles fully explored.
Author Dominic S. Lee fully explored.
Author Dimitrios M Kardamakis fully explored.
Author Benjamin Falk fully explored.
Author Sonam Sharma fully explored.
Author Srini Narayanan fully explored.
Author Alon Benhaim fully explored.
Author Yuval Wigderson fully explored.
Author Jingyu Hua fully explored.
Author Madhav V. Marathe fully explored.
Author Benedikt Tscheschner fully explored.
Author Akshara Rai fully explored.
Author Fangfang Xia fully explored.
Author Mark K. Transtrum fully explored.
Author Johan Larsson fully explored.
Author Rahul Ladhania fully explored.
Author Benoit Malézieux fully explored.
Author Yifan Zhang fully explored.
Author Felipe Parodi fully explored.
Author Shuohang Wang fully explored.
Author Dirk Holz fully explored.
Author Takashi Katoh fully explored.
Author William Brown fully explored.
Author Nicholas A. Lines fully explored.
Author Denis Therien fully explored.
Author Nicholas Caurvina fully explored.
Author Anthony Chen fully explored.
Author Carolyna Yamamoto fully explored.
Author Robert Meier fully explored.
Author Ian Anderson fully explored.
Author Aarti Singh fully explored.
Author Suriya Gunasekar fully explored.
Author Zhangyang Wang fully explored.
Author Zhiyi Shi fully explored.
Author Talia Konkle fully explored.
Author Hao Wang fully explored.
Author Christos Peridis fully explored.
Author Dustin G. Mixon fully explored.
Author Matthias Schymura fully explored.
Author Ronald W. DiTullio fully explored.
Author Brett Bouma fully explored.
Author Junyao Shi fully explored.
Author Jizhao Wang fully explored.
Author Paweł Żyliński fully explored.
Author Aswin Raghavan fully explored.
Author Xinyang Geng fully explored.
Author Antoine de Mathelin fully explored.
Author Vachan Vadmal fully explored.
Author Yuvanesh Anand fully explored.
Author Claudia Clopath fully explored.
Author Oren Etzioni fully explored.
Author Daniel R. Weinberger fully explored.
Author Blake Richards fully explored.
Author Yifan Chang fully explored.
Author Xujiang Zhao fully explored.
Author Corby Rosset fully explored.
Author Peter Bartlett fully explored.
Author Hayk Saribekyan fully explored.
Author Vincenzo Lomonaco fully explored.
Author Jorge Mendez fully explored.
Author Souradeep Dutta fully explored.
Author Qixuan Feng fully explored.
Author Mark Dredze fully explored.
Author Guillaume Charpiat fully explored.
Author Ryan Julian fully explored.
Author Adam E Flanders fully explored.
Author Malte Hoffmann fully explored.
Author Natalia S. Rost fully explored.
Author Haiping Wu fully explored.
Author Anup Rao fully explored.
Author Eric Q. Nguyen fully explored.
Author Andrew E Sloan fully explored.
Author Zachary C. Lipton fully explored.
Author Helena Bergold fully explored.
Author Stefano B. Blumberg fully explored.
Author Tejaswini Ganapathy fully explored.
Author Andreas Paffenholz fully explored.
Author Andrea Cossu fully explored.
Author Aaron L. Goldman fully explored.
Author Gerhard J. Woeginger fully explored.
Author Nazirah M. Khairi fully explored.
Author Jie An fully explored.
Author Ruchika Verma fully explored.
Author Rohan Bareja fully explored.
Author Mukul Narwani fully explored.
Author Erik Jones fully explored.
Author Han Tian fully explored.
Author Naomi Bashkansky fully explored.
Author Nicholas Wang fully explored.
Author Digvijay Singh fully explored.
Author Michal Klein fully explored.
Author Barnabas Poczos fully explored.
Author Gerald Quon fully explored.
Author Hubert Banville fully explored.
Author Bernhard Jaeger fully explored.
Author Rahul Bhotika fully explored.
Author Haoyu Wang fully explored.
Author Mathieu Lacroix fully explored.
Author Zhiyuan Li fully explored.
Author Tim Roughgarden fully explored.
Author Haifeng Chen fully explored.
Author Arthur W. Toga fully explored.
Author Adam P Dicker fully explored.
Author Pengyuan Lu fully explored.
Author Thomas Rothvoss fully explored.
Author Kenny Chour fully explored.
Author Abdou Youssef fully explored.
Author Oam Patel fully explored.
Author James Kirkpatrick fully explored.
Author David Kent fully explored.
Author Tong Qi fully explored.
Author Jonathan Waltz fully explored.
Author Orestis Papadigenopoulos fully explored.
Author David Menotti fully explored.
Author Weishung Liu fully explored.
Author Harel Yedidsion fully explored.
Author Robert Krüger fully explored.
Author Luca Ferrarini fully explored.
Author Yuejiang Dong fully explored.
Author Sebastian R van der Voort fully explored.
Author Pedro Luiz Coelho Rodrigues fully explored.
Author Praneetha Vaddamanu fully explored.
Author Panayotis Mertikopoulos fully explored.
Author Clifford Stein fully explored.
Author Drew F. K. Williamson fully explored.
Author Arka Pal fully explored.
Author Dillon Bowen fully explored.
Author Stewart Mostofsky fully explored.
Author Linda Kleist fully explored.
Author Matthias Peinhardt fully explored.
Author Yannis G. Kevrekidis fully explored.
Author Sungmin Hong fully explored.
Author Minh Tuan Ha fully explored.
Author Theodore C. Wilke fully explored.
Author Edoardo M. Airoldi fully explored.
Author Frederic Palesi fully explored.
Author Arash Bakhtiari fully explored.
Author Fred Roosta fully explored.
Author Jan Silovsky fully explored.
Author Yue Shen fully explored.
Author Godwin Ogbole fully explored.
Author Michael H. Lim fully explored.
Author Abdouh Harouna Kenfack fully explored.
Author Alex Nowak fully explored.
Author Martin Mundt fully explored.
Author Runfeng Qiao fully explored.
Author Meirui Jiang fully explored.
Author Mathieu Dagréou fully explored.
Author Nicholas Roy fully explored.
Author Ramya Muthukrishnan fully explored.
Author Razvan Marinescu fully explored.
Author Jonathan D. Rohrer fully explored.
Author Louis Jensen fully explored.
Author Krishna Pillutla fully explored.
Author Gäel Varoquaux fully explored.
Author Chiara Meroni fully explored.
Author Thomas L. Athey fully explored.
Author Ionel Gog fully explored.
Author Simon Alford fully explored.
Author Vera Traub fully explored.
Author Tianlong Chen fully explored.
Author Katherina von Dichter fully explored.
Author Karl Heuer fully explored.
Author Ann Dooms fully explored.
Author Renske Gahrmann fully explored.
Author Wilson G. Gregory fully explored.
Author Helen Qu fully explored.
Author Niall Keleher fully explored.
Author Alain Rakotomamonjy fully explored.
Author Adam S. Charles fully explored.
Author Jennifer Neville fully explored.
Author Ece Kamar fully explored.
Author Timothy J. Hohman fully explored.
Author Dany Rouhana fully explored.
Author Bijan K. Varjavand fully explored.
Author David Ha fully explored.
Author Nikhil Chandak fully explored.
Author Théo Gnassounou fully explored.
Author Cédric Rommel fully explored.
Author Ovidiu C. Andronesi fully explored.
Author Bhuvnesh Jain fully explored.
Author Talia Oughourlian fully explored.
Author Ha Trinh fully explored.
Author Bo Sun fully explored.
Author Jiecheng Guo fully explored.
Author Kaiwen Xu fully explored.
Author Cristina Garcia Cifuentes fully explored.
Author Dorsa Sadigh fully explored.
Author Andrea Bink fully explored.
Author Ankur Sikarwar fully explored.
Author Ingmar Posner fully explored.
Author Luana Ruiz fully explored.
Author Afrouz Jabal Ameli fully explored.
Author Haris Shuaib fully explored.
Author Erik Uhlmann fully explored.
Author Jun Bai fully explored.
Author David Schultz fully explored.
Author Yi He fully explored.
Author Lei H. Hamilton fully explored.
Author Thomas Naselaris fully explored.
Author Guoheng Sun fully explored.
Author Ari S. Benjamin fully explored.
Author Saeed Gh. Ilchi fully explored.
Author Chitta Baral fully explored.
Author Harihar Subramanyam fully explored.
Author Nehal Doiphode fully explored.
Author Sascha Kurz fully explored.
Author Francesco Maurelli fully explored.
Author Gabriel Kreiman fully explored.
Author R Ravi fully explored.
Author Guenter M. Ziegler fully explored.
Author Corentin Odic fully explored.
Author Erik J Peterson fully explored.
Author Nicholas Soures fully explored.
Author Sang Peter Chin fully explored.
Author Victor Junqiu Wei fully explored.
Author Ahmed Alafandi fully explored.
Author Farbod Roosta-Khorasani fully explored.
Author Harkirat Behl fully explored.
Author Binh T. Nguyen fully explored.
Author Pingzhi Li fully explored.
Author Wenxiang Hu fully explored.
Author Yuke Zhu fully explored.
Author Clara Vania fully explored.
Author Xin Zhou fully explored.
Author Zak Murez fully explored.
Author Raymond Santos fully explored.
Author Jagrit Digani fully explored.
Author Haotian Fu fully explored.
Author Mitesh M. Khapra fully explored.
Author Marco Gatti fully explored.
Author Mike Powell fully explored.
Author Alexander Lerchner fully explored.
Author Weiyan Wang fully explored.
Author Michael Burke fully explored.
Author Shital Shah fully explored.
Author Laurent Bulteau fully explored.
Author Rohit Jena fully explored.
Author Peiqi Wang fully explored.
Author Hamed Khanpour fully explored.
Author Linxi Fan fully explored.
Author Jiancheng Yang fully explored.
Author Francis Loayza fully explored.
Author George J. Pappas fully explored.
Author Edward H. Adelson fully explored.
Author Anja Schedel fully explored.
Author Yibo Liu fully explored.
Author Yotam Barnoy fully explored.
Author Sarah Bechtle fully explored.
Author Barbara D. Lam fully explored.
Author Jorg Dietrich fully explored.
Author Timothy D. Solberg fully explored.
Author Marc Toussaint fully explored.
Author Sarah Fakhoury fully explored.
Author Jérémie Turcotte fully explored.
Author Brian Ichter fully explored.
Author Lou C. Kohler Voinov fully explored.
Author Alejandro Herrera-Trujillo fully explored.
Author Vitchyr Pong fully explored.
Author Zixuan Chen fully explored.
Author Sean Hendryx fully explored.
Author Dieter Fox fully explored.
Author Penghao Wu fully explored.
Author Karen F. Berman fully explored.
Author Le Kang fully explored.
Author Jacob Harer fully explored.
Author Vikas Singh fully explored.
Author Carla Groenland fully explored.
Author Joel Nothman fully explored.
Author Bianca Dumitrascu fully explored.
Author Peter Prettenhofer fully explored.
Author Matteo Terzi fully explored.
Author Kokil Jaidka fully explored.
Author Binhang Yuan fully explored.
Author Hamid Palangi fully explored.
Author Mathias Unberath fully explored.
Author Hardik Modi fully explored.
Author Dharshan Kumaran fully explored.
Author Shijuan Huang fully explored.
Author Juri Althonayan fully explored.
Author Basam Alasaly fully explored.
Author Felix X. -F. Ye fully explored.
Author Han Kheng Teoh fully explored.
Author Michael Weller fully explored.
Author Jitender Saini fully explored.
Author Will Hawkins fully explored.
Author Kris Sankaran fully explored.
Author Maciej Śliwowski fully explored.
Author David Dunson fully explored.
Author Xu Huang fully explored.
Author Tianjiao Zhao fully explored.
Author Georg Langs fully explored.
Author Caio César Teodoro Mendes fully explored.
Author Alex Chao fully explored.
Author Guillaume Obozinski fully explored.
Author Peter Schulam fully explored.
Author Maureen Clerc fully explored.
Author Yexiao He fully explored.
Author Samuel S. Mendelson fully explored.
Author Mathieu Carriere fully explored.
Author Hamed Hemati fully explored.
Author Christopher Borger fully explored.
Author James C. Gee fully explored.
Author Dongdong Chen fully explored.
Author Mayur Mudigonda fully explored.
Author David Weckbecker fully explored.
Author Wojciech Nadara fully explored.
Author Michael Trosset fully explored.
Author Dongbang Yuan fully explored.
Author Glen Berseth fully explored.
Author Junaid Bajwa fully explored.
Author Long Le fully explored.
Author Hao Tang fully explored.
Author Sheyda Peyman fully explored.
Author Zixuan Zhao fully explored.
Author Laila Poisson fully explored.
Author Gilbert Feng fully explored.
Author Abhishek Kumar fully explored.
Author Asaf Levin fully explored.
Author Zhe Wei fully explored.
Author Stephen Tian fully explored.
Author Mathieu Galtier fully explored.
Author Julie Tibshirani fully explored.
Author Michael Kirchhof fully explored.
Author Qian Wang fully explored.
Author Anna K. Bonkhoff fully explored.
Author Jaques Grobler fully explored.
Author Nils Mosis fully explored.
Author Yaron Meirovitch fully explored.
Author Caglar Gulcehre fully explored.
Author Kai Chen fully explored.
Author Doris Tsao fully explored.
Author Anna Korba fully explored.
Author Gautam K. Vallabha fully explored.
Author Raman Sanyal fully explored.
Author Wenjing Liao fully explored.
Author Michael Drolet fully explored.
Author Efstathios D. Gennatas fully explored.
Author Oihana Otaegui fully explored.
Author Pratik Kunapuli fully explored.
Author Yading Yuan fully explored.
Author Xu Ma fully explored.
Author Zhi-Bo Liu fully explored.
Author Predrag Radivojac fully explored.
Author Nebojsa Jojic fully explored.
Author Francisco R. Ruiz fully explored.
Author Cristian Canton Ferrer fully explored.
Author Simon Osindero fully explored.
Author Eric J. Tchetgen Tchetgen fully explored.
Author Shui'Er Han fully explored.
Author Tianlin Liu fully explored.
Author Alexander V. Hopp fully explored.
Author Liang Zhao fully explored.
Author Yixin Tao fully explored.
Author Lisa Cimino fully explored.
Author Stephan Allenspach fully explored.
Author Tianyi Chen fully explored.
Author Christos Tzamos fully explored.
Author Michael Sanborn fully explored.
Author Junwei Lu fully explored.
Author Jens M. Schmidt fully explored.
Author Yuxiang Zheng fully explored.
Author Linmin Pei fully explored.
Author Michael A. Powell fully explored.
Author Sam Wang fully explored.
Author Nguyen Bach fully explored.
Author Jiazhi Yang fully explored.
Author Madhura Ingalhalikar fully explored.
Author Ryan C. Brown fully explored.
Author Hammaad Adam fully explored.
Author Daniel Moses fully explored.
Author Aaditya Naik fully explored.
Author Josephine Yu fully explored.
Author Lorin Crawford fully explored.
Author Lei Chen fully explored.
Author Cédric Févotte fully explored.
Author Chang Su fully explored.
Author Matthias Köppe fully explored.
Author Pawel Ladosz fully explored.
Author Chi Ho Yuen fully explored.
Author Shashank Shivkumar fully explored.
Author Igor Gilitschenski fully explored.
Author Zijian Chen fully explored.
Author Jeffrey Rudie fully explored.
Author Timm Hess fully explored.
Author Achin Jain fully explored.
Author Gongkai Li fully explored.
Author Xiangwei Chen fully explored.
Author Emily F. Conant fully explored.
Author Yingcheng Liu fully explored.
Author Zhen Guo fully explored.
Author Hejia Zhang fully explored.
Author Tri Nguyen fully explored.
Author Kenneth Kolodziej fully explored.
Author Florian Kofler fully explored.
Author Christian Wagner fully explored.
Author Xiang Li fully explored.
Author Christophe Pallier fully explored.
Author Larry Han fully explored.
Author Jiajie Yuan fully explored.
Author Angela P. Schoellig fully explored.
Author Rutger Campbell fully explored.
Author Fumiya Okubo fully explored.
Author Molly O'Brien fully explored.
Author Stanislas Chambon fully explored.
Author Eli Verwimp fully explored.
Author Heejin Jeong fully explored.
Author Tiago Machado fully explored.
Author Fu-Lin Hsu fully explored.
Author Stuart Currie fully explored.
Author Marcel Hussing fully explored.
Author Matthew Drescher fully explored.
Author Joaquim Farinhas fully explored.
Author Atsushi Shimada fully explored.
Author Andreas Geiger fully explored.
Author Sam Ade Jacobs fully explored.
Author Huminhao Zhu fully explored.
Author Marcin Pilipczuk fully explored.
Author Timothy P. Lillicrap fully explored.
Author Michael I. Jordan fully explored.
Author Ron Weiss fully explored.
Author Kashyap Chitta fully explored.
Author Zhongxiao Cong fully explored.
Author Jelena Diakonikolas fully explored.
Author Xihui Lin fully explored.
Author Jake Welde fully explored.
Author Micha Christoph fully explored.
Author Omar Chehab fully explored.
Author Fan Zhou fully explored.
Author Arnaud Joly fully explored.
Author Tung Mai fully explored.
Author Mingyue Gao fully explored.
Author James Weimer fully explored.
Author Vaidehi Som fully explored.
Author Yilun Du fully explored.
Author Lin Zhao fully explored.
Author Adhiguna Kuncoro fully explored.
Author Mohit Garg fully explored.
Author Yi-Ling Chen fully explored.
Author Thomas C Booth fully explored.
Author Meghana Madhastha fully explored.
Author Anna Waldman-Brown fully explored.
Author Naresh Nandakumar fully explored.
Author Tegan Maharaj fully explored.
Author Quanquan Gu fully explored.
Author Haque Ishfaq fully explored.
Author Rico Raber fully explored.
Author Julius von Kügelgen fully explored.
Author Tanishq Kumar fully explored.
Author Chrisantha Thomas Fernando fully explored.
Author Jean-Baptiste Regli fully explored.
Author Helen Ho fully explored.
Author Siyue Liu fully explored.
Author Ning Yu fully explored.
Author Razvan V Marinescu fully explored.
Author Marc W. McConley fully explored.
Author Sebastian J. Crutch fully explored.
Author Mehdi Cherti fully explored.
Author John W. Krakauer fully explored.
Author Huda Khayrallah fully explored.
Author Junier B. Oliva fully explored.
Author Chongjie Si fully explored.
Author Fillipe Silva fully explored.
Author Maria Trujillo fully explored.
Author Abhinau Kumar V fully explored.
Author Yaël Balbastre fully explored.
Author Lester Mackey fully explored.
Author Donghan Yu fully explored.
Author Yiling Jia fully explored.
Author Hussein Hazimeh fully explored.
Author Jilong Xue fully explored.
Author Kostas Daniilidis fully explored.
Author Roland Wiest fully explored.
Author Nishanth Rao fully explored.
Author Danny Hermelin fully explored.
Author Giuseppe Blasi fully explored.
Author Katia Sycara fully explored.
Author Erik Brynjolfsson fully explored.
Author Aida Abiad fully explored.
Author Qingyang Wang fully explored.
Author Brian Yang fully explored.
Author Dominik Hollidt fully explored.
Author Daniel Kappler fully explored.
Author Mónica Blanco fully explored.
Author Yoon Kim fully explored.
Author Hany Awadalla fully explored.
Author Sampurna Shrestha fully explored.
Author Max Lin fully explored.
Author David Klein fully explored.
Author Mikail Khona fully explored.
Author Anna Adamaszek fully explored.
Author Lars Buitinck fully explored.
Author Sang H. Chin fully explored.
Author Asia R. Matthews fully explored.
Author Robert Layton fully explored.
Author Toufiq Parag fully explored.
Author Zhuofan Chen fully explored.
Author Milind Tambe fully explored.
Author Haowei Yang fully explored.
Author Alexandra Badea fully explored.
Author Maria Torres Vega fully explored.
Author Max Mintz fully explored.
Author Meghna Gummadi fully explored.
Author Lynn H. Kaack fully explored.
Author Marshall Hussain Shuler fully explored.
Author Seymour Knowles-Barley fully explored.
Author Rongguang Wang fully explored.
Author Anna Zych-Pawlewicz fully explored.
Author Wenzhao Lian fully explored.
Author Xi Yang fully explored.
Author Robert Jeraj fully explored.
Author Sayaka Kamei fully explored.
Author Newman Cheng fully explored.
Author Zhuoma GongQue fully explored.
Author P. Ellen Grant fully explored.
Author Jan Böker fully explored.
Author Purang Abolmaesumi fully explored.
Author Lijuan Wang fully explored.
Author Jessica Sorrell fully explored.
Author Maxwell Levit fully explored.
Author Mingran Cao fully explored.
Author Avirup Das fully explored.
Author Anita Williams Woolley fully explored.
Author Pedro L. C. Rodrigues fully explored.
Author Carlo Baldassi fully explored.
Author Ben Smith fully explored.
Author Harrison X. Bai fully explored.
Author Chong Luo fully explored.
Author Avi Cooper fully explored.
Author Guilherme França fully explored.
Author Raphael Mechtel fully explored.
Author Katherine A. Hoadley fully explored.
Author Antoine Collas fully explored.
Author Benjamin Nill fully explored.
Author Steven Low fully explored.
Author Ronen Eldan fully explored.
Author Allie Del Giorno fully explored.
Author Krithika Bhuvaneshwar fully explored.
Author Luciano Del Corro fully explored.
Author Mayowa Soneye fully explored.
Author Ujjwal Baid fully explored.
Author Adam Li fully explored.
Author Sven Koenig fully explored.
Author Minqin Zhu fully explored.
Author Brandon Edwards fully explored.
Author Mingming Gong fully explored.
Author Ion Stoica fully explored.
Author Gregory D. Hager fully explored.
Author José R. Correa fully explored.
Author Fei Xia fully explored.
Author Ningyuan fully explored.
Author David A. Bierbrauer fully explored.
Author Ambroise Heurtebise fully explored.
Author Prashant Shah fully explored.
Author Vincent Michel fully explored.
Author Joshua Vogelstein fully explored.
Author Abhishek Gupta fully explored.
Author Luigi Nardi fully explored.
Author Filip Lux fully explored.
Author Sahaj Agarwal fully explored.
Author Aravind Suresh fully explored.
Author David A. Hirshberg fully explored.
Author Anh Tran fully explored.
Author J Rajiv Bapuraj fully explored.
Author Saba Adabi fully explored.
Author Cassandra Kent fully explored.
Author Danilo Bzdok fully explored.
Author Lu Mi fully explored.
Author Hung-Ju Wang fully explored.
Author Luis Puig fully explored.
Author Changjian Shui fully explored.
Author Tomasz Trzciński fully explored.
Author Shuhan Xie fully explored.
Author Weiwen Leung fully explored.
