nohup: ignoring input
Existing PDFs: 1
Downloading PDF for paper 2402.05741v2...
Downloading PDF for paper 2303.17564v3...
Downloading PDF for paper 2305.17337v1...
Downloading PDF for paper 1906.07622v1...
Successfully downloaded 2303.17564v3
Downloading PDF for paper 2204.07241v1...
Successfully downloaded 2402.05741v2
Downloading PDF for paper 2404.10733v1...
Successfully downloaded 2204.07241v1
Downloading PDF for paper 1909.11730v4...
Successfully downloaded 1906.07622v1
Downloading PDF for paper 2106.03826v1...
Successfully downloaded 2404.10733v1
Downloading PDF for paper 1804.00062v1...
Successfully downloaded 2106.03826v1
Downloading PDF for paper 2408.10946v1...
Successfully downloaded 1804.00062v1
Downloading PDF for paper 2406.10244v1...
Successfully downloaded 2408.10946v1
Downloading PDF for paper 2010.01735v1...
Successfully downloaded 1909.11730v4
Downloading PDF for paper 1708.07918v2...
Successfully downloaded 2305.17337v1
Downloading PDF for paper 2402.18150v2...
Successfully downloaded 2406.10244v1
Downloading PDF for paper 2302.06100v2...
Successfully downloaded 1708.07918v2
Downloading PDF for paper 2212.10823v3...
Successfully downloaded 2402.18150v2
Downloading PDF for paper 2409.09598v2...
Successfully downloaded 2212.10823v3
Downloading PDF for paper 2010.02386v1...
Successfully downloaded 2409.09598v2
Downloading PDF for paper 2011.07785v1...
Successfully downloaded 2010.02386v1
Downloading PDF for paper 2009.05739v2...
Successfully downloaded 2010.01735v1
Downloading PDF for paper 2305.18842v1...
Successfully downloaded 2302.06100v2
Downloading PDF for paper 2012.01707v2...
Successfully downloaded 2011.07785v1
Downloading PDF for paper 2402.00390v1...
Successfully downloaded 2012.01707v2
Downloading PDF for paper 2205.00299v1...
Successfully downloaded 2205.00299v1
Downloading PDF for paper 2110.07476v2...
Successfully downloaded 2402.00390v1
Downloading PDF for paper 2406.09411v2...
Successfully downloaded 2305.18842v1
Downloading PDF for paper 2104.08811v3...
Successfully downloaded 2104.08811v3
Downloading PDF for paper 2106.03234v1...
Successfully downloaded 2009.05739v2
Downloading PDF for paper 2409.12431v3...
Successfully downloaded 2106.03234v1
Downloading PDF for paper 1810.11714v2...
Successfully downloaded 2110.07476v2
Downloading PDF for paper 2306.11565v2...
27 PDFs downloaded so far, 0 failed, 0 already exist, in total 27 / 141 papers.
Successfully downloaded 1810.11714v2
Downloading PDF for paper 2010.04924v1...
Successfully downloaded 2010.04924v1
Downloading PDF for paper 1806.09777v1...
Successfully downloaded 1806.09777v1
Downloading PDF for paper 1702.02519v2...
Successfully downloaded 1702.02519v2
Downloading PDF for paper 1909.13404v1...
Successfully downloaded 1909.13404v1
Downloading PDF for paper 1809.02040v1...
Successfully downloaded 1809.02040v1
Downloading PDF for paper 1710.02224v3...
Successfully downloaded 1710.02224v3
Downloading PDF for paper 2011.11603v2...
Successfully downloaded 2011.11603v2
Downloading PDF for paper 1809.05724v2...
Successfully downloaded 1809.05724v2
Downloading PDF for paper 2110.10189v1...
36 PDFs downloaded so far, 0 failed, 0 already exist, in total 36 / 141 papers.
Successfully downloaded 2110.10189v1
Downloading PDF for paper 2109.08207v1...
Successfully downloaded 2109.08207v1
Downloading PDF for paper 2401.12202v2...
Successfully downloaded 2406.09411v2
Downloading PDF for paper 2203.13344v1...
Successfully downloaded 2203.13344v1
Downloading PDF for paper 2109.03423v4...
Successfully downloaded 2401.12202v2
Downloading PDF for paper 2009.05609v3...
Successfully downloaded 2109.03423v4
Downloading PDF for paper 2403.01002v1...
Successfully downloaded 2403.01002v1
Downloading PDF for paper 2410.08703v2...
Successfully downloaded 2009.05609v3
Downloading PDF for paper 2309.09992v2...
44 PDFs downloaded so far, 0 failed, 0 already exist, in total 44 / 141 papers.
Successfully downloaded 2309.09992v2
Downloading PDF for paper 2106.01352v2...
Successfully downloaded 2410.08703v2
Downloading PDF for paper 2305.03942v5...
Successfully downloaded 2306.11565v2
Downloading PDF for paper 2409.02691v1...
Successfully downloaded 2409.02691v1
Downloading PDF for paper 2208.14565v2...
Successfully downloaded 2208.14565v2
Downloading PDF for paper 2112.04937v1...
Successfully downloaded 2106.01352v2
Downloading PDF for paper 1709.00023v2...
Successfully downloaded 1709.00023v2
Downloading PDF for paper 1611.01491v6...
Successfully downloaded 1611.01491v6
Downloading PDF for paper 1903.04110v1...
Successfully downloaded 1903.04110v1
Downloading PDF for paper 2406.09393v1...
Successfully downloaded 2406.09393v1
Downloading PDF for paper 1702.06925v3...
Successfully downloaded 1702.06925v3
Downloading PDF for paper 2405.09597v2...
55 PDFs downloaded so far, 0 failed, 0 already exist, in total 55 / 141 papers.
Successfully downloaded 2405.09597v2
Downloading PDF for paper 2205.11505v1...
Successfully downloaded 2205.11505v1
Downloading PDF for paper 2311.08687v1...
Successfully downloaded 2409.12431v3
Downloading PDF for paper 2204.05186v1...
Successfully downloaded 2311.08687v1
Downloading PDF for paper 2204.10893v2...
Successfully downloaded 2204.10893v2
Downloading PDF for paper 2304.02868v1...
Successfully downloaded 2304.02868v1
Downloading PDF for paper 2311.09693v3...
Successfully downloaded 2311.09693v3
Downloading PDF for paper 2404.09221v2...
Successfully downloaded 2404.09221v2
Downloading PDF for paper 1704.06194v2...
Successfully downloaded 1704.06194v2
Downloading PDF for paper 2210.00063v2...
64 PDFs downloaded so far, 0 failed, 0 already exist, in total 64 / 141 papers.
Successfully downloaded 2210.00063v2
Downloading PDF for paper 2110.06263v2...
Successfully downloaded 2110.06263v2
Downloading PDF for paper 2202.06205v2...
Successfully downloaded 2202.06205v2
Downloading PDF for paper 1904.10098v1...
Successfully downloaded 1904.10098v1
Downloading PDF for paper 2106.06135v1...
Successfully downloaded 2204.05186v1
Downloading PDF for paper 1903.09900v1...
Successfully downloaded 1903.09900v1
Downloading PDF for paper 2207.06405v3...
Successfully downloaded 2106.06135v1
Downloading PDF for paper 2211.04684v2...
Successfully downloaded 2211.04684v2
Downloading PDF for paper 2204.10176v1...
Successfully downloaded 2204.10176v1
Downloading PDF for paper 2110.13880v1...
Successfully downloaded 2110.13880v1
Downloading PDF for paper 2107.12514v2...
74 PDFs downloaded so far, 0 failed, 0 already exist, in total 74 / 141 papers.
Successfully downloaded 2207.06405v3
Downloading PDF for paper 2111.05251v3...
Successfully downloaded 2107.12514v2
Downloading PDF for paper 2401.06715v1...
Successfully downloaded 2112.04937v1
Downloading PDF for paper 2409.18786v1...
Successfully downloaded 2409.18786v1
Downloading PDF for paper 2110.06477v1...
Successfully downloaded 2401.06715v1
Downloading PDF for paper 1803.00612v2...
79 PDFs downloaded so far, 0 failed, 0 already exist, in total 79 / 141 papers.
Successfully downloaded 1803.00612v2
Downloading PDF for paper 2210.10341v3...
Successfully downloaded 2210.10341v3
Downloading PDF for paper 1505.02419v3...
Successfully downloaded 2111.05251v3
Downloading PDF for paper 2403.19913v2...
Successfully downloaded 2403.19913v2
Downloading PDF for paper 1911.04577v2...
Successfully downloaded 2110.06477v1
Downloading PDF for paper 1703.03130v1...
Successfully downloaded 1505.02419v3
Downloading PDF for paper 1811.08890v2...
Successfully downloaded 1811.08890v2
Downloading PDF for paper 1901.09890v1...
Successfully downloaded 1901.09890v1
Downloading PDF for paper 1905.06221v4...
Successfully downloaded 1703.03130v1
Downloading PDF for paper 1808.07624v1...
Successfully downloaded 1905.06221v4
Downloading PDF for paper 2109.07483v1...
Successfully downloaded 1911.04577v2
Downloading PDF for paper 1911.05864v1...
Successfully downloaded 2109.07483v1
Downloading PDF for paper 2304.11235v3...
Successfully downloaded 1808.07624v1
Downloading PDF for paper 2406.11839v2...
92 PDFs downloaded so far, 0 failed, 0 already exist, in total 92 / 141 papers.
Successfully downloaded 2406.11839v2
Downloading PDF for paper 2102.12308v2...
Successfully downloaded 2102.12308v2
Downloading PDF for paper 2009.07726v1...
Successfully downloaded 2009.07726v1
Downloading PDF for paper 1905.07098v2...
Successfully downloaded 1905.07098v2
Downloading PDF for paper 1707.04352v1...
Successfully downloaded 1707.04352v1
Downloading PDF for paper 1701.02343v1...
97 PDFs downloaded so far, 0 failed, 0 already exist, in total 97 / 141 papers.
97 PDFs downloaded so far, 0 failed, 0 already exist, in total 97 / 141 papers.
97 PDFs downloaded so far, 0 failed, 0 already exist, in total 97 / 141 papers.
Successfully downloaded 1911.05864v1
Downloading PDF for paper 1604.00461v1...
Successfully downloaded 1604.00461v1
Downloading PDF for paper 2305.10156v3...
Successfully downloaded 2304.11235v3
Downloading PDF for paper 2006.03434v1...
Successfully downloaded 2006.03434v1
Downloading PDF for paper 2204.07721v1...
Successfully downloaded 2204.07721v1
Downloading PDF for paper 1506.00301v1...
Successfully downloaded 1506.00301v1
Downloading PDF for paper 2307.06439v1...
Successfully downloaded 2307.06439v1
Downloading PDF for paper 2210.15456v2...
Successfully downloaded 2210.15456v2
Downloading PDF for paper 1804.09540v2...
Successfully downloaded 1804.09540v2
Downloading PDF for paper 1805.00314v1...
Successfully downloaded 2305.10156v3
Downloading PDF for paper 2305.16958v2...
107 PDFs downloaded so far, 0 failed, 0 already exist, in total 107 / 141 papers.
Successfully downloaded 2305.16958v2
Downloading PDF for paper 2303.15714v4...
Successfully downloaded 2303.15714v4
Downloading PDF for paper 2104.13936v1...
Successfully downloaded 2104.13936v1
Downloading PDF for paper 1805.06549v1...
Successfully downloaded 1805.06549v1
Downloading PDF for paper 2107.05612v3...
Successfully downloaded 2107.05612v3
Downloading PDF for paper 2210.10994v1...
Successfully downloaded 2305.03942v5
Downloading PDF for paper 1712.00489v1...
Successfully downloaded 2210.10994v1
Downloading PDF for paper 2010.09788v1...
Successfully downloaded 2010.09788v1
Downloading PDF for paper 2104.02115v1...
Successfully downloaded 2104.02115v1
Downloading PDF for paper 1902.01030v2...
Successfully downloaded 1902.01030v2
Downloading PDF for paper 1903.08309v1...
Successfully downloaded 1712.00489v1
Downloading PDF for paper 2401.07271v1...
Successfully downloaded 1903.08309v1
Downloading PDF for paper 2409.11798v1...
Successfully downloaded 2409.11798v1
Downloading PDF for paper 2304.12164v2...
120 PDFs downloaded so far, 0 failed, 0 already exist, in total 120 / 141 papers.
Successfully downloaded 2304.12164v2
Downloading PDF for paper 2202.09487v2...
Successfully downloaded 2202.09487v2
Downloading PDF for paper 2408.06663v2...
Successfully downloaded 2408.06663v2
Downloading PDF for paper 2312.13752v2...
Successfully downloaded 2312.13752v2
Downloading PDF for paper 1711.05116v2...
Successfully downloaded 1711.05116v2
Downloading PDF for paper 1808.00934v2...
Successfully downloaded 1808.00934v2
Downloading PDF for paper 2401.03301v2...
Successfully downloaded 2401.03301v2
Downloading PDF for paper 1910.07615v1...
Successfully downloaded 1910.07615v1
Downloading PDF for paper 2003.09772v1...
Successfully downloaded 2003.09772v1
Downloading PDF for paper 1905.11887v1...
Successfully downloaded 1905.11887v1
Downloading PDF for paper 2202.10381v1...
Successfully downloaded 2202.10381v1
Downloading PDF for paper 2306.02413v1...
Successfully downloaded 2401.07271v1
Downloading PDF for paper 2308.11462v1...
Successfully downloaded 1701.02343v1
Downloading PDF for paper 2407.08585v1...
133 PDFs downloaded so far, 0 failed, 0 already exist, in total 133 / 141 papers.
Successfully downloaded 2308.11462v1
Downloading PDF for paper 2211.04604v2...
Successfully downloaded 2306.02413v1
Downloading PDF for paper 2407.00902v2...
Successfully downloaded 2407.00902v2
Downloading PDF for paper 2310.10765v3...
Successfully downloaded 2211.04604v2
Downloading PDF for paper 2301.10371v1...
Successfully downloaded 2301.10371v1
Successfully downloaded 1805.00314v1
139 PDFs downloaded so far, 0 failed, 0 already exist, in total 139 / 141 papers.
139 PDFs downloaded so far, 0 failed, 0 already exist, in total 139 / 141 papers.
139 PDFs downloaded so far, 0 failed, 0 already exist, in total 139 / 141 papers.
Successfully downloaded 2310.10765v3
140 PDFs downloaded so far, 0 failed, 0 already exist, in total 140 / 141 papers.
140 PDFs downloaded so far, 0 failed, 0 already exist, in total 140 / 141 papers.
140 PDFs downloaded so far, 0 failed, 0 already exist, in total 140 / 141 papers.
140 PDFs downloaded so far, 0 failed, 0 already exist, in total 140 / 141 papers.
Successfully downloaded 2407.08585v1
141 PDFs downloaded so far, 0 failed, 0 already exist, in total 141 / 141 papers.
